{"D:\\PFE\\Backend_Auth\\test-dist\\src\\index.js":{"path":"D:\\PFE\\Backend_Auth\\test-dist\\src\\index.js","statementMap":{"0":{"start":{"line":2,"column":22},"end":{"line":12,"column":3}},"1":{"start":{"line":3,"column":4},"end":{"line":3,"column":33}},"2":{"start":{"line":3,"column":26},"end":{"line":3,"column":33}},"3":{"start":{"line":4,"column":15},"end":{"line":4,"column":52}},"4":{"start":{"line":5,"column":4},"end":{"line":7,"column":5}},"5":{"start":{"line":6,"column":6},"end":{"line":6,"column":68}},"6":{"start":{"line":6,"column":51},"end":{"line":6,"column":63}},"7":{"start":{"line":8,"column":4},"end":{"line":8,"column":39}},"8":{"start":{"line":10,"column":4},"end":{"line":10,"column":33}},"9":{"start":{"line":10,"column":26},"end":{"line":10,"column":33}},"10":{"start":{"line":11,"column":4},"end":{"line":11,"column":17}},"11":{"start":{"line":13,"column":25},"end":{"line":17,"column":2}},"12":{"start":{"line":14,"column":4},"end":{"line":14,"column":72}},"13":{"start":{"line":16,"column":4},"end":{"line":16,"column":21}},"14":{"start":{"line":18,"column":19},"end":{"line":34,"column":4}},"15":{"start":{"line":19,"column":18},"end":{"line":26,"column":5}},"16":{"start":{"line":20,"column":8},"end":{"line":24,"column":10}},"17":{"start":{"line":21,"column":21},"end":{"line":21,"column":23}},"18":{"start":{"line":22,"column":12},"end":{"line":22,"column":95}},"19":{"start":{"line":22,"column":29},"end":{"line":22,"column":95}},"20":{"start":{"line":22,"column":77},"end":{"line":22,"column":95}},"21":{"start":{"line":23,"column":12},"end":{"line":23,"column":22}},"22":{"start":{"line":25,"column":8},"end":{"line":25,"column":26}},"23":{"start":{"line":27,"column":4},"end":{"line":33,"column":6}},"24":{"start":{"line":28,"column":8},"end":{"line":28,"column":46}},"25":{"start":{"line":28,"column":35},"end":{"line":28,"column":46}},"26":{"start":{"line":29,"column":21},"end":{"line":29,"column":23}},"27":{"start":{"line":30,"column":8},"end":{"line":30,"column":137}},"28":{"start":{"line":30,"column":25},"end":{"line":30,"column":137}},"29":{"start":{"line":30,"column":38},"end":{"line":30,"column":50}},"30":{"start":{"line":30,"column":56},"end":{"line":30,"column":57}},"31":{"start":{"line":30,"column":78},"end":{"line":30,"column":137}},"32":{"start":{"line":30,"column":102},"end":{"line":30,"column":137}},"33":{"start":{"line":31,"column":8},"end":{"line":31,"column":40}},"34":{"start":{"line":32,"column":8},"end":{"line":32,"column":22}},"35":{"start":{"line":35,"column":22},"end":{"line":37,"column":1}},"36":{"start":{"line":36,"column":4},"end":{"line":36,"column":62}},"37":{"start":{"line":38,"column":0},"end":{"line":38,"column":62}},"38":{"start":{"line":39,"column":0},"end":{"line":39,"column":21}},"39":{"start":{"line":40,"column":18},"end":{"line":40,"column":53}},"40":{"start":{"line":41,"column":15},"end":{"line":41,"column":47}},"41":{"start":{"line":42,"column":17},"end":{"line":42,"column":51}},"42":{"start":{"line":43,"column":13},"end":{"line":43,"column":35}},"43":{"start":{"line":44,"column":24},"end":{"line":44,"column":74}},"44":{"start":{"line":45,"column":22},"end":{"line":45,"column":70}},"45":{"start":{"line":46,"column":20},"end":{"line":46,"column":66}},"46":{"start":{"line":47,"column":21},"end":{"line":47,"column":68}},"47":{"start":{"line":48,"column":15},"end":{"line":48,"column":30}},"48":{"start":{"line":49,"column":27},"end":{"line":49,"column":65}},"49":{"start":{"line":50,"column":32},"end":{"line":50,"column":75}},"50":{"start":{"line":51,"column":16},"end":{"line":51,"column":46}},"51":{"start":{"line":56,"column":0},"end":{"line":56,"column":32}},"52":{"start":{"line":58,"column":0},"end":{"line":58,"column":26}},"53":{"start":{"line":60,"column":12},"end":{"line":60,"column":36}},"54":{"start":{"line":61,"column":0},"end":{"line":61,"column":18}},"55":{"start":{"line":62,"column":15},"end":{"line":62,"column":44}},"56":{"start":{"line":63,"column":13},"end":{"line":63,"column":37}},"57":{"start":{"line":65,"column":0},"end":{"line":70,"column":4}},"58":{"start":{"line":72,"column":0},"end":{"line":72,"column":34}},"59":{"start":{"line":74,"column":0},"end":{"line":140,"column":3}},"60":{"start":{"line":76,"column":4},"end":{"line":139,"column":5}},"61":{"start":{"line":77,"column":35},"end":{"line":77,"column":43}},"62":{"start":{"line":78,"column":8},"end":{"line":80,"column":9}},"63":{"start":{"line":79,"column":12},"end":{"line":79,"column":57}},"64":{"start":{"line":83,"column":8},"end":{"line":100,"column":9}},"65":{"start":{"line":84,"column":37},"end":{"line":84,"column":119}},"66":{"start":{"line":85,"column":12},"end":{"line":85,"column":69}},"67":{"start":{"line":86,"column":32},"end":{"line":86,"column":53}},"68":{"start":{"line":87,"column":12},"end":{"line":89,"column":13}},"69":{"start":{"line":88,"column":16},"end":{"line":88,"column":56}},"70":{"start":{"line":90,"column":12},"end":{"line":90,"column":36}},"71":{"start":{"line":93,"column":12},"end":{"line":98,"column":13}},"72":{"start":{"line":94,"column":16},"end":{"line":94,"column":159}},"73":{"start":{"line":97,"column":16},"end":{"line":97,"column":70}},"74":{"start":{"line":99,"column":12},"end":{"line":99,"column":56}},"75":{"start":{"line":103,"column":8},"end":{"line":115,"column":9}},"76":{"start":{"line":104,"column":12},"end":{"line":104,"column":72}},"77":{"start":{"line":105,"column":12},"end":{"line":105,"column":77}},"78":{"start":{"line":108,"column":12},"end":{"line":113,"column":13}},"79":{"start":{"line":109,"column":16},"end":{"line":109,"column":151}},"80":{"start":{"line":112,"column":16},"end":{"line":112,"column":62}},"81":{"start":{"line":114,"column":12},"end":{"line":114,"column":58}},"82":{"start":{"line":116,"column":8},"end":{"line":123,"column":9}},"83":{"start":{"line":117,"column":12},"end":{"line":118,"column":64}},"84":{"start":{"line":118,"column":16},"end":{"line":118,"column":64}},"85":{"start":{"line":119,"column":12},"end":{"line":120,"column":63}},"86":{"start":{"line":120,"column":16},"end":{"line":120,"column":63}},"87":{"start":{"line":121,"column":12},"end":{"line":122,"column":71}},"88":{"start":{"line":122,"column":16},"end":{"line":122,"column":71}},"89":{"start":{"line":124,"column":8},"end":{"line":126,"column":9}},"90":{"start":{"line":125,"column":12},"end":{"line":125,"column":64}},"91":{"start":{"line":127,"column":23},"end":{"line":127,"column":92}},"92":{"start":{"line":128,"column":8},"end":{"line":128,"column":25}},"93":{"start":{"line":131,"column":8},"end":{"line":138,"column":9}},"94":{"start":{"line":132,"column":12},"end":{"line":132,"column":75}},"95":{"start":{"line":133,"column":12},"end":{"line":133,"column":59}},"96":{"start":{"line":136,"column":12},"end":{"line":136,"column":67}},"97":{"start":{"line":137,"column":12},"end":{"line":137,"column":80}},"98":{"start":{"line":142,"column":0},"end":{"line":162,"column":3}},"99":{"start":{"line":144,"column":4},"end":{"line":161,"column":5}},"100":{"start":{"line":145,"column":33},"end":{"line":145,"column":115}},"101":{"start":{"line":146,"column":28},"end":{"line":146,"column":49}},"102":{"start":{"line":147,"column":8},"end":{"line":149,"column":9}},"103":{"start":{"line":148,"column":12},"end":{"line":148,"column":52}},"104":{"start":{"line":150,"column":20},"end":{"line":150,"column":37}},"105":{"start":{"line":151,"column":8},"end":{"line":151,"column":26}},"106":{"start":{"line":154,"column":8},"end":{"line":159,"column":9}},"107":{"start":{"line":155,"column":12},"end":{"line":155,"column":145}},"108":{"start":{"line":158,"column":12},"end":{"line":158,"column":56}},"109":{"start":{"line":160,"column":8},"end":{"line":160,"column":68}},"110":{"start":{"line":164,"column":0},"end":{"line":177,"column":3}},"111":{"start":{"line":165,"column":4},"end":{"line":176,"column":5}},"112":{"start":{"line":166,"column":22},"end":{"line":166,"column":73}},"113":{"start":{"line":167,"column":8},"end":{"line":167,"column":30}},"114":{"start":{"line":170,"column":8},"end":{"line":175,"column":9}},"115":{"start":{"line":171,"column":12},"end":{"line":171,"column":59}},"116":{"start":{"line":174,"column":12},"end":{"line":174,"column":77}},"117":{"start":{"line":179,"column":0},"end":{"line":192,"column":3}},"118":{"start":{"line":180,"column":4},"end":{"line":191,"column":5}},"119":{"start":{"line":181,"column":29},"end":{"line":181,"column":81}},"120":{"start":{"line":182,"column":8},"end":{"line":182,"column":31}},"121":{"start":{"line":185,"column":8},"end":{"line":190,"column":9}},"122":{"start":{"line":186,"column":12},"end":{"line":186,"column":59}},"123":{"start":{"line":189,"column":12},"end":{"line":189,"column":83}},"124":{"start":{"line":194,"column":0},"end":{"line":204,"column":3}},"125":{"start":{"line":195,"column":4},"end":{"line":203,"column":5}},"126":{"start":{"line":196,"column":29},"end":{"line":196,"column":61}},"127":{"start":{"line":197,"column":25},"end":{"line":197,"column":64}},"128":{"start":{"line":198,"column":8},"end":{"line":198,"column":32}},"129":{"start":{"line":201,"column":8},"end":{"line":201,"column":69}},"130":{"start":{"line":202,"column":8},"end":{"line":202,"column":55}},"131":{"start":{"line":206,"column":0},"end":{"line":206,"column":51}},"132":{"start":{"line":207,"column":0},"end":{"line":207,"column":51}},"133":{"start":{"line":208,"column":0},"end":{"line":208,"column":47}},"134":{"start":{"line":209,"column":0},"end":{"line":209,"column":44}},"135":{"start":{"line":211,"column":0},"end":{"line":213,"column":3}},"136":{"start":{"line":212,"column":4},"end":{"line":212,"column":57}},"137":{"start":{"line":215,"column":0},"end":{"line":218,"column":3}},"138":{"start":{"line":216,"column":4},"end":{"line":216,"column":50}},"139":{"start":{"line":217,"column":4},"end":{"line":217,"column":65}},"140":{"start":{"line":220,"column":0},"end":{"line":235,"column":1}},"141":{"start":{"line":221,"column":24},"end":{"line":233,"column":5}},"142":{"start":{"line":222,"column":8},"end":{"line":232,"column":9}},"143":{"start":{"line":223,"column":12},"end":{"line":223,"column":40}},"144":{"start":{"line":224,"column":12},"end":{"line":226,"column":15}},"145":{"start":{"line":225,"column":16},"end":{"line":225,"column":76}},"146":{"start":{"line":227,"column":12},"end":{"line":227,"column":65}},"147":{"start":{"line":230,"column":12},"end":{"line":230,"column":73}},"148":{"start":{"line":231,"column":12},"end":{"line":231,"column":28}},"149":{"start":{"line":234,"column":4},"end":{"line":234,"column":18}}},"fnMap":{"0":{"name":"(anonymous_0)","decl":{"start":{"line":2,"column":74},"end":{"line":2,"column":75}},"loc":{"start":{"line":2,"column":96},"end":{"line":9,"column":1}},"line":2},"1":{"name":"(anonymous_1)","decl":{"start":{"line":6,"column":38},"end":{"line":6,"column":39}},"loc":{"start":{"line":6,"column":49},"end":{"line":6,"column":65}},"line":6},"2":{"name":"(anonymous_2)","decl":{"start":{"line":9,"column":6},"end":{"line":9,"column":7}},"loc":{"start":{"line":9,"column":28},"end":{"line":12,"column":1}},"line":9},"3":{"name":"(anonymous_3)","decl":{"start":{"line":13,"column":80},"end":{"line":13,"column":81}},"loc":{"start":{"line":13,"column":95},"end":{"line":15,"column":1}},"line":13},"4":{"name":"(anonymous_4)","decl":{"start":{"line":15,"column":5},"end":{"line":15,"column":6}},"loc":{"start":{"line":15,"column":20},"end":{"line":17,"column":1}},"line":15},"5":{"name":"(anonymous_5)","decl":{"start":{"line":18,"column":51},"end":{"line":18,"column":52}},"loc":{"start":{"line":18,"column":63},"end":{"line":34,"column":1}},"line":18},"6":{"name":"(anonymous_6)","decl":{"start":{"line":19,"column":18},"end":{"line":19,"column":19}},"loc":{"start":{"line":19,"column":30},"end":{"line":26,"column":5}},"line":19},"7":{"name":"(anonymous_7)","decl":{"start":{"line":20,"column":48},"end":{"line":20,"column":49}},"loc":{"start":{"line":20,"column":61},"end":{"line":24,"column":9}},"line":20},"8":{"name":"(anonymous_8)","decl":{"start":{"line":27,"column":11},"end":{"line":27,"column":12}},"loc":{"start":{"line":27,"column":26},"end":{"line":33,"column":5}},"line":27},"9":{"name":"(anonymous_9)","decl":{"start":{"line":35,"column":56},"end":{"line":35,"column":57}},"loc":{"start":{"line":35,"column":71},"end":{"line":37,"column":1}},"line":35},"10":{"name":"(anonymous_10)","decl":{"start":{"line":74,"column":30},"end":{"line":74,"column":31}},"loc":{"start":{"line":74,"column":50},"end":{"line":140,"column":1}},"line":74},"11":{"name":"(anonymous_11)","decl":{"start":{"line":142,"column":27},"end":{"line":142,"column":28}},"loc":{"start":{"line":142,"column":47},"end":{"line":162,"column":1}},"line":142},"12":{"name":"(anonymous_12)","decl":{"start":{"line":164,"column":30},"end":{"line":164,"column":31}},"loc":{"start":{"line":164,"column":50},"end":{"line":177,"column":1}},"line":164},"13":{"name":"(anonymous_13)","decl":{"start":{"line":179,"column":36},"end":{"line":179,"column":37}},"loc":{"start":{"line":179,"column":56},"end":{"line":192,"column":1}},"line":179},"14":{"name":"(anonymous_14)","decl":{"start":{"line":194,"column":25},"end":{"line":194,"column":26}},"loc":{"start":{"line":194,"column":45},"end":{"line":204,"column":1}},"line":194},"15":{"name":"(anonymous_15)","decl":{"start":{"line":211,"column":13},"end":{"line":211,"column":14}},"loc":{"start":{"line":211,"column":27},"end":{"line":213,"column":1}},"line":211},"16":{"name":"(anonymous_16)","decl":{"start":{"line":215,"column":8},"end":{"line":215,"column":9}},"loc":{"start":{"line":215,"column":33},"end":{"line":218,"column":1}},"line":215},"17":{"name":"(anonymous_17)","decl":{"start":{"line":221,"column":24},"end":{"line":221,"column":25}},"loc":{"start":{"line":221,"column":36},"end":{"line":233,"column":5}},"line":221},"18":{"name":"(anonymous_18)","decl":{"start":{"line":224,"column":32},"end":{"line":224,"column":33}},"loc":{"start":{"line":224,"column":38},"end":{"line":226,"column":13}},"line":224}},"branchMap":{"0":{"loc":{"start":{"line":2,"column":22},"end":{"line":12,"column":3}},"type":"binary-expr","locations":[{"start":{"line":2,"column":23},"end":{"line":2,"column":27}},{"start":{"line":2,"column":31},"end":{"line":2,"column":51}},{"start":{"line":2,"column":57},"end":{"line":12,"column":2}}],"line":2},"1":{"loc":{"start":{"line":2,"column":57},"end":{"line":12,"column":2}},"type":"cond-expr","locations":[{"start":{"line":2,"column":74},"end":{"line":9,"column":1}},{"start":{"line":9,"column":6},"end":{"line":12,"column":1}}],"line":2},"2":{"loc":{"start":{"line":3,"column":4},"end":{"line":3,"column":33}},"type":"if","locations":[{"start":{"line":3,"column":4},"end":{"line":3,"column":33}},{"start":{},"end":{}}],"line":3},"3":{"loc":{"start":{"line":5,"column":4},"end":{"line":7,"column":5}},"type":"if","locations":[{"start":{"line":5,"column":4},"end":{"line":7,"column":5}},{"start":{},"end":{}}],"line":5},"4":{"loc":{"start":{"line":5,"column":8},"end":{"line":5,"column":85}},"type":"binary-expr","locations":[{"start":{"line":5,"column":8},"end":{"line":5,"column":13}},{"start":{"line":5,"column":18},"end":{"line":5,"column":84}}],"line":5},"5":{"loc":{"start":{"line":5,"column":18},"end":{"line":5,"column":84}},"type":"cond-expr","locations":[{"start":{"line":5,"column":34},"end":{"line":5,"column":47}},{"start":{"line":5,"column":50},"end":{"line":5,"column":84}}],"line":5},"6":{"loc":{"start":{"line":5,"column":50},"end":{"line":5,"column":84}},"type":"binary-expr","locations":[{"start":{"line":5,"column":50},"end":{"line":5,"column":63}},{"start":{"line":5,"column":67},"end":{"line":5,"column":84}}],"line":5},"7":{"loc":{"start":{"line":10,"column":4},"end":{"line":10,"column":33}},"type":"if","locations":[{"start":{"line":10,"column":4},"end":{"line":10,"column":33}},{"start":{},"end":{}}],"line":10},"8":{"loc":{"start":{"line":13,"column":25},"end":{"line":17,"column":2}},"type":"binary-expr","locations":[{"start":{"line":13,"column":26},"end":{"line":13,"column":30}},{"start":{"line":13,"column":34},"end":{"line":13,"column":57}},{"start":{"line":13,"column":63},"end":{"line":17,"column":1}}],"line":13},"9":{"loc":{"start":{"line":13,"column":63},"end":{"line":17,"column":1}},"type":"cond-expr","locations":[{"start":{"line":13,"column":80},"end":{"line":15,"column":1}},{"start":{"line":15,"column":5},"end":{"line":17,"column":1}}],"line":13},"10":{"loc":{"start":{"line":18,"column":19},"end":{"line":34,"column":4}},"type":"binary-expr","locations":[{"start":{"line":18,"column":20},"end":{"line":18,"column":24}},{"start":{"line":18,"column":28},"end":{"line":18,"column":45}},{"start":{"line":18,"column":50},"end":{"line":34,"column":4}}],"line":18},"11":{"loc":{"start":{"line":20,"column":18},"end":{"line":24,"column":9}},"type":"binary-expr","locations":[{"start":{"line":20,"column":18},"end":{"line":20,"column":44}},{"start":{"line":20,"column":48},"end":{"line":24,"column":9}}],"line":20},"12":{"loc":{"start":{"line":22,"column":29},"end":{"line":22,"column":95}},"type":"if","locations":[{"start":{"line":22,"column":29},"end":{"line":22,"column":95}},{"start":{},"end":{}}],"line":22},"13":{"loc":{"start":{"line":28,"column":8},"end":{"line":28,"column":46}},"type":"if","locations":[{"start":{"line":28,"column":8},"end":{"line":28,"column":46}},{"start":{},"end":{}}],"line":28},"14":{"loc":{"start":{"line":28,"column":12},"end":{"line":28,"column":33}},"type":"binary-expr","locations":[{"start":{"line":28,"column":12},"end":{"line":28,"column":15}},{"start":{"line":28,"column":19},"end":{"line":28,"column":33}}],"line":28},"15":{"loc":{"start":{"line":30,"column":8},"end":{"line":30,"column":137}},"type":"if","locations":[{"start":{"line":30,"column":8},"end":{"line":30,"column":137}},{"start":{},"end":{}}],"line":30},"16":{"loc":{"start":{"line":30,"column":78},"end":{"line":30,"column":137}},"type":"if","locations":[{"start":{"line":30,"column":78},"end":{"line":30,"column":137}},{"start":{},"end":{}}],"line":30},"17":{"loc":{"start":{"line":35,"column":22},"end":{"line":37,"column":1}},"type":"binary-expr","locations":[{"start":{"line":35,"column":23},"end":{"line":35,"column":27}},{"start":{"line":35,"column":31},"end":{"line":35,"column":51}},{"start":{"line":35,"column":56},"end":{"line":37,"column":1}}],"line":35},"18":{"loc":{"start":{"line":36,"column":11},"end":{"line":36,"column":61}},"type":"cond-expr","locations":[{"start":{"line":36,"column":37},"end":{"line":36,"column":40}},{"start":{"line":36,"column":43},"end":{"line":36,"column":61}}],"line":36},"19":{"loc":{"start":{"line":36,"column":12},"end":{"line":36,"column":33}},"type":"binary-expr","locations":[{"start":{"line":36,"column":12},"end":{"line":36,"column":15}},{"start":{"line":36,"column":19},"end":{"line":36,"column":33}}],"line":36},"20":{"loc":{"start":{"line":63,"column":13},"end":{"line":63,"column":37}},"type":"binary-expr","locations":[{"start":{"line":63,"column":13},"end":{"line":63,"column":29}},{"start":{"line":63,"column":33},"end":{"line":63,"column":37}}],"line":63},"21":{"loc":{"start":{"line":78,"column":8},"end":{"line":80,"column":9}},"type":"if","locations":[{"start":{"line":78,"column":8},"end":{"line":80,"column":9}},{"start":{},"end":{}}],"line":78},"22":{"loc":{"start":{"line":78,"column":12},"end":{"line":78,"column":65}},"type":"binary-expr","locations":[{"start":{"line":78,"column":12},"end":{"line":78,"column":17}},{"start":{"line":78,"column":21},"end":{"line":78,"column":30}},{"start":{"line":78,"column":34},"end":{"line":78,"column":65}}],"line":78},"23":{"loc":{"start":{"line":87,"column":12},"end":{"line":89,"column":13}},"type":"if","locations":[{"start":{"line":87,"column":12},"end":{"line":89,"column":13}},{"start":{},"end":{}}],"line":87},"24":{"loc":{"start":{"line":87,"column":16},"end":{"line":87,"column":65}},"type":"binary-expr","locations":[{"start":{"line":87,"column":16},"end":{"line":87,"column":24}},{"start":{"line":87,"column":28},"end":{"line":87,"column":65}}],"line":87},"25":{"loc":{"start":{"line":93,"column":12},"end":{"line":98,"column":13}},"type":"if","locations":[{"start":{"line":93,"column":12},"end":{"line":98,"column":13}},{"start":{"line":96,"column":17},"end":{"line":98,"column":13}}],"line":93},"26":{"loc":{"start":{"line":94,"column":91},"end":{"line":94,"column":157}},"type":"cond-expr","locations":[{"start":{"line":94,"column":141},"end":{"line":94,"column":147}},{"start":{"line":94,"column":150},"end":{"line":94,"column":157}}],"line":94},"27":{"loc":{"start":{"line":94,"column":91},"end":{"line":94,"column":138}},"type":"binary-expr","locations":[{"start":{"line":94,"column":91},"end":{"line":94,"column":121}},{"start":{"line":94,"column":125},"end":{"line":94,"column":138}}],"line":94},"28":{"loc":{"start":{"line":108,"column":12},"end":{"line":113,"column":13}},"type":"if","locations":[{"start":{"line":108,"column":12},"end":{"line":113,"column":13}},{"start":{"line":111,"column":17},"end":{"line":113,"column":13}}],"line":108},"29":{"loc":{"start":{"line":109,"column":83},"end":{"line":109,"column":149}},"type":"cond-expr","locations":[{"start":{"line":109,"column":133},"end":{"line":109,"column":139}},{"start":{"line":109,"column":142},"end":{"line":109,"column":149}}],"line":109},"30":{"loc":{"start":{"line":109,"column":83},"end":{"line":109,"column":130}},"type":"binary-expr","locations":[{"start":{"line":109,"column":83},"end":{"line":109,"column":113}},{"start":{"line":109,"column":117},"end":{"line":109,"column":130}}],"line":109},"31":{"loc":{"start":{"line":116,"column":8},"end":{"line":123,"column":9}},"type":"if","locations":[{"start":{"line":116,"column":8},"end":{"line":123,"column":9}},{"start":{},"end":{}}],"line":116},"32":{"loc":{"start":{"line":117,"column":12},"end":{"line":118,"column":64}},"type":"if","locations":[{"start":{"line":117,"column":12},"end":{"line":118,"column":64}},{"start":{},"end":{}}],"line":117},"33":{"loc":{"start":{"line":119,"column":12},"end":{"line":120,"column":63}},"type":"if","locations":[{"start":{"line":119,"column":12},"end":{"line":120,"column":63}},{"start":{},"end":{}}],"line":119},"34":{"loc":{"start":{"line":121,"column":12},"end":{"line":122,"column":71}},"type":"if","locations":[{"start":{"line":121,"column":12},"end":{"line":122,"column":71}},{"start":{},"end":{}}],"line":121},"35":{"loc":{"start":{"line":124,"column":8},"end":{"line":126,"column":9}},"type":"if","locations":[{"start":{"line":124,"column":8},"end":{"line":126,"column":9}},{"start":{},"end":{}}],"line":124},"36":{"loc":{"start":{"line":124,"column":12},"end":{"line":124,"column":75}},"type":"binary-expr","locations":[{"start":{"line":124,"column":12},"end":{"line":124,"column":27}},{"start":{"line":124,"column":32},"end":{"line":124,"column":45}},{"start":{"line":124,"column":49},"end":{"line":124,"column":58}},{"start":{"line":124,"column":62},"end":{"line":124,"column":74}}],"line":124},"37":{"loc":{"start":{"line":131,"column":8},"end":{"line":138,"column":9}},"type":"if","locations":[{"start":{"line":131,"column":8},"end":{"line":138,"column":9}},{"start":{"line":135,"column":13},"end":{"line":138,"column":9}}],"line":131},"38":{"loc":{"start":{"line":147,"column":8},"end":{"line":149,"column":9}},"type":"if","locations":[{"start":{"line":147,"column":8},"end":{"line":149,"column":9}},{"start":{},"end":{}}],"line":147},"39":{"loc":{"start":{"line":147,"column":12},"end":{"line":147,"column":61}},"type":"binary-expr","locations":[{"start":{"line":147,"column":12},"end":{"line":147,"column":20}},{"start":{"line":147,"column":24},"end":{"line":147,"column":61}}],"line":147},"40":{"loc":{"start":{"line":154,"column":8},"end":{"line":159,"column":9}},"type":"if","locations":[{"start":{"line":154,"column":8},"end":{"line":159,"column":9}},{"start":{"line":157,"column":13},"end":{"line":159,"column":9}}],"line":154},"41":{"loc":{"start":{"line":155,"column":77},"end":{"line":155,"column":143}},"type":"cond-expr","locations":[{"start":{"line":155,"column":127},"end":{"line":155,"column":133}},{"start":{"line":155,"column":136},"end":{"line":155,"column":143}}],"line":155},"42":{"loc":{"start":{"line":155,"column":77},"end":{"line":155,"column":124}},"type":"binary-expr","locations":[{"start":{"line":155,"column":77},"end":{"line":155,"column":107}},{"start":{"line":155,"column":111},"end":{"line":155,"column":124}}],"line":155},"43":{"loc":{"start":{"line":170,"column":8},"end":{"line":175,"column":9}},"type":"if","locations":[{"start":{"line":170,"column":8},"end":{"line":175,"column":9}},{"start":{"line":173,"column":13},"end":{"line":175,"column":9}}],"line":170},"44":{"loc":{"start":{"line":185,"column":8},"end":{"line":190,"column":9}},"type":"if","locations":[{"start":{"line":185,"column":8},"end":{"line":190,"column":9}},{"start":{"line":188,"column":13},"end":{"line":190,"column":9}}],"line":185},"45":{"loc":{"start":{"line":220,"column":0},"end":{"line":235,"column":1}},"type":"if","locations":[{"start":{"line":220,"column":0},"end":{"line":235,"column":1}},{"start":{},"end":{}}],"line":220}},"s":{"0":1,"1":36,"2":36,"3":36,"4":36,"5":36,"6":0,"7":36,"8":0,"9":0,"10":0,"11":1,"12":1,"13":0,"14":1,"15":1,"16":1,"17":0,"18":0,"19":0,"20":0,"21":0,"22":1,"23":1,"24":1,"25":0,"26":1,"27":1,"28":1,"29":1,"30":1,"31":37,"32":36,"33":1,"34":1,"35":1,"36":7,"37":1,"38":1,"39":1,"40":1,"41":1,"42":1,"43":1,"44":1,"45":1,"46":1,"47":1,"48":1,"49":1,"50":1,"51":1,"52":1,"53":1,"54":1,"55":1,"56":1,"57":1,"58":1,"59":1,"60":1,"61":1,"62":1,"63":0,"64":1,"65":1,"66":1,"67":1,"68":1,"69":0,"70":1,"71":0,"72":0,"73":0,"74":0,"75":1,"76":1,"77":1,"78":0,"79":0,"80":0,"81":0,"82":1,"83":1,"84":0,"85":1,"86":0,"87":1,"88":0,"89":1,"90":0,"91":1,"92":1,"93":0,"94":0,"95":0,"96":0,"97":0,"98":1,"99":1,"100":1,"101":1,"102":1,"103":0,"104":1,"105":1,"106":0,"107":0,"108":0,"109":0,"110":1,"111":1,"112":1,"113":1,"114":0,"115":0,"116":0,"117":1,"118":0,"119":0,"120":0,"121":0,"122":0,"123":0,"124":1,"125":0,"126":0,"127":0,"128":0,"129":0,"130":0,"131":1,"132":1,"133":1,"134":1,"135":1,"136":2,"137":1,"138":0,"139":0,"140":1,"141":0,"142":0,"143":0,"144":0,"145":0,"146":0,"147":0,"148":0,"149":0},"f":{"0":36,"1":0,"2":0,"3":1,"4":0,"5":1,"6":1,"7":0,"8":1,"9":7,"10":1,"11":1,"12":1,"13":0,"14":0,"15":2,"16":0,"17":0,"18":0},"b":{"0":[1,1,1],"1":[1,0],"2":[36,0],"3":[36,0],"4":[36,36],"5":[0,36],"6":[36,2],"7":[0,0],"8":[1,1,1],"9":[1,0],"10":[1,1,1],"11":[1,0],"12":[0,0],"13":[0,1],"14":[1,1],"15":[1,0],"16":[36,1],"17":[1,1,1],"18":[4,3],"19":[7,7],"20":[1,1],"21":[0,1],"22":[1,1,1],"23":[0,1],"24":[1,1],"25":[0,0],"26":[0,0],"27":[0,0],"28":[0,0],"29":[0,0],"30":[0,0],"31":[1,0],"32":[0,1],"33":[0,1],"34":[0,1],"35":[0,1],"36":[1,0,0,0],"37":[0,0],"38":[0,1],"39":[1,1],"40":[0,0],"41":[0,0],"42":[0,0],"43":[0,0],"44":[0,0],"45":[0,1]},"_coverageSchema":"1a1c01bbd47fc00a2c39e90264f33305004495a9","hash":"746353e0f23d3b030fa6dd1df52b4e8aa52c3a98","contentHash":"e0f2c6224869721cf0b155077a6d21956a058affbd0be551452e366198b5c7a4"},"D:\\PFE\\Backend_Auth\\test-dist\\src\\config\\db.js":{"path":"D:\\PFE\\Backend_Auth\\test-dist\\src\\config\\db.js","statementMap":{"0":{"start":{"line":2,"column":22},"end":{"line":4,"column":1}},"1":{"start":{"line":3,"column":4},"end":{"line":3,"column":62}},"2":{"start":{"line":5,"column":0},"end":{"line":5,"column":62}},"3":{"start":{"line":6,"column":0},"end":{"line":6,"column":27}},"4":{"start":{"line":7,"column":20},"end":{"line":7,"column":40}},"5":{"start":{"line":8,"column":17},"end":{"line":8,"column":51}},"6":{"start":{"line":9,"column":0},"end":{"line":9,"column":26}},"7":{"start":{"line":10,"column":18},"end":{"line":18,"column":2}},"8":{"start":{"line":19,"column":18},"end":{"line":29,"column":1}},"9":{"start":{"line":20,"column":4},"end":{"line":28,"column":5}},"10":{"start":{"line":21,"column":8},"end":{"line":21,"column":39}},"11":{"start":{"line":22,"column":8},"end":{"line":22,"column":54}},"12":{"start":{"line":23,"column":8},"end":{"line":23,"column":46}},"13":{"start":{"line":26,"column":8},"end":{"line":26,"column":66}},"14":{"start":{"line":27,"column":8},"end":{"line":27,"column":24}},"15":{"start":{"line":30,"column":0},"end":{"line":30,"column":30}},"16":{"start":{"line":32,"column":0},"end":{"line":32,"column":28}}},"fnMap":{"0":{"name":"(anonymous_0)","decl":{"start":{"line":2,"column":56},"end":{"line":2,"column":57}},"loc":{"start":{"line":2,"column":71},"end":{"line":4,"column":1}},"line":2},"1":{"name":"(anonymous_1)","decl":{"start":{"line":19,"column":18},"end":{"line":19,"column":19}},"loc":{"start":{"line":19,"column":30},"end":{"line":29,"column":1}},"line":19}},"branchMap":{"0":{"loc":{"start":{"line":2,"column":22},"end":{"line":4,"column":1}},"type":"binary-expr","locations":[{"start":{"line":2,"column":23},"end":{"line":2,"column":27}},{"start":{"line":2,"column":31},"end":{"line":2,"column":51}},{"start":{"line":2,"column":56},"end":{"line":4,"column":1}}],"line":2},"1":{"loc":{"start":{"line":3,"column":11},"end":{"line":3,"column":61}},"type":"cond-expr","locations":[{"start":{"line":3,"column":37},"end":{"line":3,"column":40}},{"start":{"line":3,"column":43},"end":{"line":3,"column":61}}],"line":3},"2":{"loc":{"start":{"line":3,"column":12},"end":{"line":3,"column":33}},"type":"binary-expr","locations":[{"start":{"line":3,"column":12},"end":{"line":3,"column":15}},{"start":{"line":3,"column":19},"end":{"line":3,"column":33}}],"line":3},"3":{"loc":{"start":{"line":11,"column":14},"end":{"line":11,"column":50}},"type":"binary-expr","locations":[{"start":{"line":11,"column":14},"end":{"line":11,"column":35}},{"start":{"line":11,"column":39},"end":{"line":11,"column":50}}],"line":11},"4":{"loc":{"start":{"line":12,"column":14},"end":{"line":12,"column":44}},"type":"binary-expr","locations":[{"start":{"line":12,"column":14},"end":{"line":12,"column":33}},{"start":{"line":12,"column":37},"end":{"line":12,"column":44}}],"line":12},"5":{"loc":{"start":{"line":13,"column":14},"end":{"line":13,"column":51}},"type":"binary-expr","locations":[{"start":{"line":13,"column":14},"end":{"line":13,"column":37}},{"start":{"line":13,"column":41},"end":{"line":13,"column":51}}],"line":13},"6":{"loc":{"start":{"line":14,"column":10},"end":{"line":14,"column":44}},"type":"binary-expr","locations":[{"start":{"line":14,"column":10},"end":{"line":14,"column":29}},{"start":{"line":14,"column":33},"end":{"line":14,"column":44}}],"line":14},"7":{"loc":{"start":{"line":15,"column":19},"end":{"line":15,"column":48}},"type":"binary-expr","locations":[{"start":{"line":15,"column":19},"end":{"line":15,"column":38}},{"start":{"line":15,"column":42},"end":{"line":15,"column":48}}],"line":15}},"s":{"0":1,"1":1,"2":1,"3":1,"4":1,"5":1,"6":1,"7":1,"8":1,"9":0,"10":0,"11":0,"12":0,"13":0,"14":0,"15":1,"16":1},"f":{"0":1,"1":0},"b":{"0":[1,1,1],"1":[0,1],"2":[1,1],"3":[1,0],"4":[1,0],"5":[1,0],"6":[1,0],"7":[1,0]},"_coverageSchema":"1a1c01bbd47fc00a2c39e90264f33305004495a9","hash":"43d8bbb888fb6c137e86abba675248d9af79336b","contentHash":"e68e2aa3f772e022ce1bd08c0da5392d6962c66803687efa5376ed5b95bd5c9a"},"D:\\PFE\\Backend_Auth\\test-dist\\src\\routes\\batteryRoutes.js":{"path":"D:\\PFE\\Backend_Auth\\test-dist\\src\\routes\\batteryRoutes.js","statementMap":{"0":{"start":{"line":2,"column":0},"end":{"line":2,"column":62}},"1":{"start":{"line":3,"column":18},"end":{"line":3,"column":36}},"2":{"start":{"line":4,"column":28},"end":{"line":4,"column":71}},"3":{"start":{"line":5,"column":15},"end":{"line":5,"column":38}},"4":{"start":{"line":6,"column":0},"end":{"line":6,"column":53}},"5":{"start":{"line":7,"column":0},"end":{"line":7,"column":55}},"6":{"start":{"line":8,"column":0},"end":{"line":8,"column":52}},"7":{"start":{"line":9,"column":0},"end":{"line":9,"column":54}},"8":{"start":{"line":10,"column":0},"end":{"line":10,"column":57}},"9":{"start":{"line":11,"column":0},"end":{"line":11,"column":25}}},"fnMap":{},"branchMap":{},"s":{"0":1,"1":1,"2":1,"3":1,"4":1,"5":1,"6":1,"7":1,"8":1,"9":1},"f":{},"b":{},"_coverageSchema":"1a1c01bbd47fc00a2c39e90264f33305004495a9","hash":"fe04ba2eb0f6ae2a5f2d58e579347b538ee7c2aa","contentHash":"0ca72b3960a074dbc869c16aa54a46b48a0ab4afca1be00e00ce20f36d8b107c"},"D:\\PFE\\Backend_Auth\\test-dist\\src\\controllers\\batteryController.js":{"path":"D:\\PFE\\Backend_Auth\\test-dist\\src\\controllers\\batteryController.js","statementMap":{"0":{"start":{"line":2,"column":22},"end":{"line":12,"column":3}},"1":{"start":{"line":3,"column":4},"end":{"line":3,"column":33}},"2":{"start":{"line":3,"column":26},"end":{"line":3,"column":33}},"3":{"start":{"line":4,"column":15},"end":{"line":4,"column":52}},"4":{"start":{"line":5,"column":4},"end":{"line":7,"column":5}},"5":{"start":{"line":6,"column":6},"end":{"line":6,"column":68}},"6":{"start":{"line":6,"column":51},"end":{"line":6,"column":63}},"7":{"start":{"line":8,"column":4},"end":{"line":8,"column":39}},"8":{"start":{"line":10,"column":4},"end":{"line":10,"column":33}},"9":{"start":{"line":10,"column":26},"end":{"line":10,"column":33}},"10":{"start":{"line":11,"column":4},"end":{"line":11,"column":17}},"11":{"start":{"line":13,"column":25},"end":{"line":17,"column":2}},"12":{"start":{"line":14,"column":4},"end":{"line":14,"column":72}},"13":{"start":{"line":16,"column":4},"end":{"line":16,"column":21}},"14":{"start":{"line":18,"column":19},"end":{"line":34,"column":4}},"15":{"start":{"line":19,"column":18},"end":{"line":26,"column":5}},"16":{"start":{"line":20,"column":8},"end":{"line":24,"column":10}},"17":{"start":{"line":21,"column":21},"end":{"line":21,"column":23}},"18":{"start":{"line":22,"column":12},"end":{"line":22,"column":95}},"19":{"start":{"line":22,"column":29},"end":{"line":22,"column":95}},"20":{"start":{"line":22,"column":77},"end":{"line":22,"column":95}},"21":{"start":{"line":23,"column":12},"end":{"line":23,"column":22}},"22":{"start":{"line":25,"column":8},"end":{"line":25,"column":26}},"23":{"start":{"line":27,"column":4},"end":{"line":33,"column":6}},"24":{"start":{"line":28,"column":8},"end":{"line":28,"column":46}},"25":{"start":{"line":28,"column":35},"end":{"line":28,"column":46}},"26":{"start":{"line":29,"column":21},"end":{"line":29,"column":23}},"27":{"start":{"line":30,"column":8},"end":{"line":30,"column":137}},"28":{"start":{"line":30,"column":25},"end":{"line":30,"column":137}},"29":{"start":{"line":30,"column":38},"end":{"line":30,"column":50}},"30":{"start":{"line":30,"column":56},"end":{"line":30,"column":57}},"31":{"start":{"line":30,"column":78},"end":{"line":30,"column":137}},"32":{"start":{"line":30,"column":102},"end":{"line":30,"column":137}},"33":{"start":{"line":31,"column":8},"end":{"line":31,"column":40}},"34":{"start":{"line":32,"column":8},"end":{"line":32,"column":22}},"35":{"start":{"line":35,"column":0},"end":{"line":35,"column":62}},"36":{"start":{"line":36,"column":0},"end":{"line":36,"column":130}},"37":{"start":{"line":37,"column":23},"end":{"line":37,"column":74}},"38":{"start":{"line":38,"column":24},"end":{"line":46,"column":1}},"39":{"start":{"line":39,"column":4},"end":{"line":45,"column":5}},"40":{"start":{"line":40,"column":26},"end":{"line":40,"column":64}},"41":{"start":{"line":41,"column":8},"end":{"line":41,"column":28}},"42":{"start":{"line":44,"column":8},"end":{"line":44,"column":88}},"43":{"start":{"line":47,"column":0},"end":{"line":47,"column":42}},"44":{"start":{"line":48,"column":23},"end":{"line":59,"column":1}},"45":{"start":{"line":49,"column":4},"end":{"line":58,"column":5}},"46":{"start":{"line":50,"column":24},"end":{"line":50,"column":82}},"47":{"start":{"line":51,"column":8},"end":{"line":53,"column":9}},"48":{"start":{"line":52,"column":12},"end":{"line":52,"column":75}},"49":{"start":{"line":54,"column":8},"end":{"line":54,"column":26}},"50":{"start":{"line":57,"column":8},"end":{"line":57,"column":89}},"51":{"start":{"line":60,"column":0},"end":{"line":60,"column":40}},"52":{"start":{"line":61,"column":22},"end":{"line":69,"column":1}},"53":{"start":{"line":62,"column":4},"end":{"line":68,"column":5}},"54":{"start":{"line":63,"column":24},"end":{"line":63,"column":68}},"55":{"start":{"line":64,"column":8},"end":{"line":64,"column":38}},"56":{"start":{"line":67,"column":8},"end":{"line":67,"column":85}},"57":{"start":{"line":70,"column":0},"end":{"line":70,"column":38}},"58":{"start":{"line":71,"column":22},"end":{"line":82,"column":1}},"59":{"start":{"line":72,"column":4},"end":{"line":81,"column":5}},"60":{"start":{"line":73,"column":24},"end":{"line":73,"column":91}},"61":{"start":{"line":74,"column":8},"end":{"line":76,"column":9}},"62":{"start":{"line":75,"column":12},"end":{"line":75,"column":75}},"63":{"start":{"line":77,"column":8},"end":{"line":77,"column":26}},"64":{"start":{"line":80,"column":8},"end":{"line":80,"column":88}},"65":{"start":{"line":83,"column":0},"end":{"line":83,"column":38}},"66":{"start":{"line":84,"column":22},"end":{"line":95,"column":1}},"67":{"start":{"line":85,"column":4},"end":{"line":94,"column":5}},"68":{"start":{"line":86,"column":24},"end":{"line":86,"column":81}},"69":{"start":{"line":87,"column":8},"end":{"line":89,"column":9}},"70":{"start":{"line":88,"column":12},"end":{"line":88,"column":75}},"71":{"start":{"line":90,"column":8},"end":{"line":90,"column":31}},"72":{"start":{"line":93,"column":8},"end":{"line":93,"column":88}},"73":{"start":{"line":96,"column":0},"end":{"line":96,"column":38}}},"fnMap":{"0":{"name":"(anonymous_0)","decl":{"start":{"line":2,"column":74},"end":{"line":2,"column":75}},"loc":{"start":{"line":2,"column":96},"end":{"line":9,"column":1}},"line":2},"1":{"name":"(anonymous_1)","decl":{"start":{"line":6,"column":38},"end":{"line":6,"column":39}},"loc":{"start":{"line":6,"column":49},"end":{"line":6,"column":65}},"line":6},"2":{"name":"(anonymous_2)","decl":{"start":{"line":9,"column":6},"end":{"line":9,"column":7}},"loc":{"start":{"line":9,"column":28},"end":{"line":12,"column":1}},"line":9},"3":{"name":"(anonymous_3)","decl":{"start":{"line":13,"column":80},"end":{"line":13,"column":81}},"loc":{"start":{"line":13,"column":95},"end":{"line":15,"column":1}},"line":13},"4":{"name":"(anonymous_4)","decl":{"start":{"line":15,"column":5},"end":{"line":15,"column":6}},"loc":{"start":{"line":15,"column":20},"end":{"line":17,"column":1}},"line":15},"5":{"name":"(anonymous_5)","decl":{"start":{"line":18,"column":51},"end":{"line":18,"column":52}},"loc":{"start":{"line":18,"column":63},"end":{"line":34,"column":1}},"line":18},"6":{"name":"(anonymous_6)","decl":{"start":{"line":19,"column":18},"end":{"line":19,"column":19}},"loc":{"start":{"line":19,"column":30},"end":{"line":26,"column":5}},"line":19},"7":{"name":"(anonymous_7)","decl":{"start":{"line":20,"column":48},"end":{"line":20,"column":49}},"loc":{"start":{"line":20,"column":61},"end":{"line":24,"column":9}},"line":20},"8":{"name":"(anonymous_8)","decl":{"start":{"line":27,"column":11},"end":{"line":27,"column":12}},"loc":{"start":{"line":27,"column":26},"end":{"line":33,"column":5}},"line":27},"9":{"name":"(anonymous_9)","decl":{"start":{"line":38,"column":24},"end":{"line":38,"column":25}},"loc":{"start":{"line":38,"column":44},"end":{"line":46,"column":1}},"line":38},"10":{"name":"(anonymous_10)","decl":{"start":{"line":48,"column":23},"end":{"line":48,"column":24}},"loc":{"start":{"line":48,"column":43},"end":{"line":59,"column":1}},"line":48},"11":{"name":"(anonymous_11)","decl":{"start":{"line":61,"column":22},"end":{"line":61,"column":23}},"loc":{"start":{"line":61,"column":42},"end":{"line":69,"column":1}},"line":61},"12":{"name":"(anonymous_12)","decl":{"start":{"line":71,"column":22},"end":{"line":71,"column":23}},"loc":{"start":{"line":71,"column":42},"end":{"line":82,"column":1}},"line":71},"13":{"name":"(anonymous_13)","decl":{"start":{"line":84,"column":22},"end":{"line":84,"column":23}},"loc":{"start":{"line":84,"column":42},"end":{"line":95,"column":1}},"line":84}},"branchMap":{"0":{"loc":{"start":{"line":2,"column":22},"end":{"line":12,"column":3}},"type":"binary-expr","locations":[{"start":{"line":2,"column":23},"end":{"line":2,"column":27}},{"start":{"line":2,"column":31},"end":{"line":2,"column":51}},{"start":{"line":2,"column":57},"end":{"line":12,"column":2}}],"line":2},"1":{"loc":{"start":{"line":2,"column":57},"end":{"line":12,"column":2}},"type":"cond-expr","locations":[{"start":{"line":2,"column":74},"end":{"line":9,"column":1}},{"start":{"line":9,"column":6},"end":{"line":12,"column":1}}],"line":2},"2":{"loc":{"start":{"line":3,"column":4},"end":{"line":3,"column":33}},"type":"if","locations":[{"start":{"line":3,"column":4},"end":{"line":3,"column":33}},{"start":{},"end":{}}],"line":3},"3":{"loc":{"start":{"line":5,"column":4},"end":{"line":7,"column":5}},"type":"if","locations":[{"start":{"line":5,"column":4},"end":{"line":7,"column":5}},{"start":{},"end":{}}],"line":5},"4":{"loc":{"start":{"line":5,"column":8},"end":{"line":5,"column":85}},"type":"binary-expr","locations":[{"start":{"line":5,"column":8},"end":{"line":5,"column":13}},{"start":{"line":5,"column":18},"end":{"line":5,"column":84}}],"line":5},"5":{"loc":{"start":{"line":5,"column":18},"end":{"line":5,"column":84}},"type":"cond-expr","locations":[{"start":{"line":5,"column":34},"end":{"line":5,"column":47}},{"start":{"line":5,"column":50},"end":{"line":5,"column":84}}],"line":5},"6":{"loc":{"start":{"line":5,"column":50},"end":{"line":5,"column":84}},"type":"binary-expr","locations":[{"start":{"line":5,"column":50},"end":{"line":5,"column":63}},{"start":{"line":5,"column":67},"end":{"line":5,"column":84}}],"line":5},"7":{"loc":{"start":{"line":10,"column":4},"end":{"line":10,"column":33}},"type":"if","locations":[{"start":{"line":10,"column":4},"end":{"line":10,"column":33}},{"start":{},"end":{}}],"line":10},"8":{"loc":{"start":{"line":13,"column":25},"end":{"line":17,"column":2}},"type":"binary-expr","locations":[{"start":{"line":13,"column":26},"end":{"line":13,"column":30}},{"start":{"line":13,"column":34},"end":{"line":13,"column":57}},{"start":{"line":13,"column":63},"end":{"line":17,"column":1}}],"line":13},"9":{"loc":{"start":{"line":13,"column":63},"end":{"line":17,"column":1}},"type":"cond-expr","locations":[{"start":{"line":13,"column":80},"end":{"line":15,"column":1}},{"start":{"line":15,"column":5},"end":{"line":17,"column":1}}],"line":13},"10":{"loc":{"start":{"line":18,"column":19},"end":{"line":34,"column":4}},"type":"binary-expr","locations":[{"start":{"line":18,"column":20},"end":{"line":18,"column":24}},{"start":{"line":18,"column":28},"end":{"line":18,"column":45}},{"start":{"line":18,"column":50},"end":{"line":34,"column":4}}],"line":18},"11":{"loc":{"start":{"line":20,"column":18},"end":{"line":24,"column":9}},"type":"binary-expr","locations":[{"start":{"line":20,"column":18},"end":{"line":20,"column":44}},{"start":{"line":20,"column":48},"end":{"line":24,"column":9}}],"line":20},"12":{"loc":{"start":{"line":22,"column":29},"end":{"line":22,"column":95}},"type":"if","locations":[{"start":{"line":22,"column":29},"end":{"line":22,"column":95}},{"start":{},"end":{}}],"line":22},"13":{"loc":{"start":{"line":28,"column":8},"end":{"line":28,"column":46}},"type":"if","locations":[{"start":{"line":28,"column":8},"end":{"line":28,"column":46}},{"start":{},"end":{}}],"line":28},"14":{"loc":{"start":{"line":28,"column":12},"end":{"line":28,"column":33}},"type":"binary-expr","locations":[{"start":{"line":28,"column":12},"end":{"line":28,"column":15}},{"start":{"line":28,"column":19},"end":{"line":28,"column":33}}],"line":28},"15":{"loc":{"start":{"line":30,"column":8},"end":{"line":30,"column":137}},"type":"if","locations":[{"start":{"line":30,"column":8},"end":{"line":30,"column":137}},{"start":{},"end":{}}],"line":30},"16":{"loc":{"start":{"line":30,"column":78},"end":{"line":30,"column":137}},"type":"if","locations":[{"start":{"line":30,"column":78},"end":{"line":30,"column":137}},{"start":{},"end":{}}],"line":30},"17":{"loc":{"start":{"line":51,"column":8},"end":{"line":53,"column":9}},"type":"if","locations":[{"start":{"line":51,"column":8},"end":{"line":53,"column":9}},{"start":{},"end":{}}],"line":51},"18":{"loc":{"start":{"line":74,"column":8},"end":{"line":76,"column":9}},"type":"if","locations":[{"start":{"line":74,"column":8},"end":{"line":76,"column":9}},{"start":{},"end":{}}],"line":74},"19":{"loc":{"start":{"line":87,"column":8},"end":{"line":89,"column":9}},"type":"if","locations":[{"start":{"line":87,"column":8},"end":{"line":89,"column":9}},{"start":{},"end":{}}],"line":87}},"s":{"0":1,"1":0,"2":0,"3":0,"4":0,"5":0,"6":0,"7":0,"8":0,"9":0,"10":0,"11":1,"12":0,"13":0,"14":1,"15":1,"16":0,"17":0,"18":0,"19":0,"20":0,"21":0,"22":0,"23":1,"24":1,"25":1,"26":0,"27":0,"28":0,"29":0,"30":0,"31":0,"32":0,"33":0,"34":0,"35":1,"36":1,"37":1,"38":1,"39":0,"40":0,"41":0,"42":0,"43":1,"44":1,"45":0,"46":0,"47":0,"48":0,"49":0,"50":0,"51":1,"52":1,"53":0,"54":0,"55":0,"56":0,"57":1,"58":1,"59":0,"60":0,"61":0,"62":0,"63":0,"64":0,"65":1,"66":1,"67":0,"68":0,"69":0,"70":0,"71":0,"72":0,"73":1},"f":{"0":0,"1":0,"2":0,"3":0,"4":0,"5":1,"6":0,"7":0,"8":1,"9":0,"10":0,"11":0,"12":0,"13":0},"b":{"0":[1,1,1],"1":[1,0],"2":[0,0],"3":[0,0],"4":[0,0],"5":[0,0],"6":[0,0],"7":[0,0],"8":[1,1,1],"9":[1,0],"10":[1,1,1],"11":[0,0],"12":[0,0],"13":[1,0],"14":[1,1],"15":[0,0],"16":[0,0],"17":[0,0],"18":[0,0],"19":[0,0]},"_coverageSchema":"1a1c01bbd47fc00a2c39e90264f33305004495a9","hash":"0327c532805831863371600f6fd5f94923ef12cf","contentHash":"c3bdf5fb7e33d800e6af2c729597597d959295e22cfe51d77445f17a84631ed4"},"D:\\PFE\\Backend_Auth\\test-dist\\src\\services\\batteryService.js":{"path":"D:\\PFE\\Backend_Auth\\test-dist\\src\\services\\batteryService.js","statementMap":{"0":{"start":{"line":2,"column":22},"end":{"line":4,"column":1}},"1":{"start":{"line":3,"column":4},"end":{"line":3,"column":62}},"2":{"start":{"line":5,"column":0},"end":{"line":5,"column":62}},"3":{"start":{"line":6,"column":0},"end":{"line":6,"column":130}},"4":{"start":{"line":7,"column":18},"end":{"line":7,"column":63}},"5":{"start":{"line":8,"column":24},"end":{"line":10,"column":1}},"6":{"start":{"line":9,"column":4},"end":{"line":9,"column":45}},"7":{"start":{"line":11,"column":0},"end":{"line":11,"column":42}},"8":{"start":{"line":12,"column":23},"end":{"line":14,"column":1}},"9":{"start":{"line":13,"column":4},"end":{"line":13,"column":48}},"10":{"start":{"line":15,"column":0},"end":{"line":15,"column":40}},"11":{"start":{"line":16,"column":22},"end":{"line":18,"column":1}},"12":{"start":{"line":17,"column":4},"end":{"line":17,"column":48}},"13":{"start":{"line":19,"column":0},"end":{"line":19,"column":38}},"14":{"start":{"line":20,"column":22},"end":{"line":27,"column":1}},"15":{"start":{"line":21,"column":20},"end":{"line":21,"column":56}},"16":{"start":{"line":22,"column":4},"end":{"line":24,"column":5}},"17":{"start":{"line":23,"column":8},"end":{"line":23,"column":20}},"18":{"start":{"line":25,"column":4},"end":{"line":25,"column":31}},"19":{"start":{"line":26,"column":4},"end":{"line":26,"column":19}},"20":{"start":{"line":28,"column":0},"end":{"line":28,"column":38}},"21":{"start":{"line":29,"column":22},"end":{"line":36,"column":1}},"22":{"start":{"line":30,"column":20},"end":{"line":30,"column":56}},"23":{"start":{"line":31,"column":4},"end":{"line":33,"column":5}},"24":{"start":{"line":32,"column":8},"end":{"line":32,"column":21}},"25":{"start":{"line":34,"column":4},"end":{"line":34,"column":28}},"26":{"start":{"line":35,"column":4},"end":{"line":35,"column":16}},"27":{"start":{"line":37,"column":0},"end":{"line":37,"column":38}}},"fnMap":{"0":{"name":"(anonymous_0)","decl":{"start":{"line":2,"column":56},"end":{"line":2,"column":57}},"loc":{"start":{"line":2,"column":71},"end":{"line":4,"column":1}},"line":2},"1":{"name":"(anonymous_1)","decl":{"start":{"line":8,"column":24},"end":{"line":8,"column":25}},"loc":{"start":{"line":8,"column":36},"end":{"line":10,"column":1}},"line":8},"2":{"name":"(anonymous_2)","decl":{"start":{"line":12,"column":23},"end":{"line":12,"column":24}},"loc":{"start":{"line":12,"column":37},"end":{"line":14,"column":1}},"line":12},"3":{"name":"(anonymous_3)","decl":{"start":{"line":16,"column":22},"end":{"line":16,"column":23}},"loc":{"start":{"line":16,"column":38},"end":{"line":18,"column":1}},"line":16},"4":{"name":"(anonymous_4)","decl":{"start":{"line":20,"column":22},"end":{"line":20,"column":23}},"loc":{"start":{"line":20,"column":42},"end":{"line":27,"column":1}},"line":20},"5":{"name":"(anonymous_5)","decl":{"start":{"line":29,"column":22},"end":{"line":29,"column":23}},"loc":{"start":{"line":29,"column":36},"end":{"line":36,"column":1}},"line":29}},"branchMap":{"0":{"loc":{"start":{"line":2,"column":22},"end":{"line":4,"column":1}},"type":"binary-expr","locations":[{"start":{"line":2,"column":23},"end":{"line":2,"column":27}},{"start":{"line":2,"column":31},"end":{"line":2,"column":51}},{"start":{"line":2,"column":56},"end":{"line":4,"column":1}}],"line":2},"1":{"loc":{"start":{"line":3,"column":11},"end":{"line":3,"column":61}},"type":"cond-expr","locations":[{"start":{"line":3,"column":37},"end":{"line":3,"column":40}},{"start":{"line":3,"column":43},"end":{"line":3,"column":61}}],"line":3},"2":{"loc":{"start":{"line":3,"column":12},"end":{"line":3,"column":33}},"type":"binary-expr","locations":[{"start":{"line":3,"column":12},"end":{"line":3,"column":15}},{"start":{"line":3,"column":19},"end":{"line":3,"column":33}}],"line":3},"3":{"loc":{"start":{"line":22,"column":4},"end":{"line":24,"column":5}},"type":"if","locations":[{"start":{"line":22,"column":4},"end":{"line":24,"column":5}},{"start":{},"end":{}}],"line":22},"4":{"loc":{"start":{"line":31,"column":4},"end":{"line":33,"column":5}},"type":"if","locations":[{"start":{"line":31,"column":4},"end":{"line":33,"column":5}},{"start":{},"end":{}}],"line":31}},"s":{"0":1,"1":1,"2":1,"3":1,"4":1,"5":1,"6":0,"7":1,"8":1,"9":0,"10":1,"11":1,"12":0,"13":1,"14":1,"15":0,"16":0,"17":0,"18":0,"19":0,"20":1,"21":1,"22":0,"23":0,"24":0,"25":0,"26":0,"27":1},"f":{"0":1,"1":0,"2":0,"3":0,"4":0,"5":0},"b":{"0":[1,1,1],"1":[1,0],"2":[1,1],"3":[0,0],"4":[0,0]},"_coverageSchema":"1a1c01bbd47fc00a2c39e90264f33305004495a9","hash":"ff86816f28711f61f942cc560f759dce06cc5648","contentHash":"3f2a6433150f0e4aa8083dc465b61d6b95f6203584aa23652476172c0bc86188"},"D:\\PFE\\Backend_Auth\\test-dist\\src\\models\\Battery.js":{"path":"D:\\PFE\\Backend_Auth\\test-dist\\src\\models\\Battery.js","statementMap":{"0":{"start":{"line":2,"column":22},"end":{"line":4,"column":1}},"1":{"start":{"line":3,"column":4},"end":{"line":3,"column":62}},"2":{"start":{"line":5,"column":0},"end":{"line":5,"column":62}},"3":{"start":{"line":6,"column":20},"end":{"line":6,"column":40}},"4":{"start":{"line":7,"column":13},"end":{"line":7,"column":53}},"5":{"start":{"line":10,"column":0},"end":{"line":58,"column":3}},"6":{"start":{"line":59,"column":0},"end":{"line":59,"column":26}}},"fnMap":{"0":{"name":"(anonymous_0)","decl":{"start":{"line":2,"column":56},"end":{"line":2,"column":57}},"loc":{"start":{"line":2,"column":71},"end":{"line":4,"column":1}},"line":2}},"branchMap":{"0":{"loc":{"start":{"line":2,"column":22},"end":{"line":4,"column":1}},"type":"binary-expr","locations":[{"start":{"line":2,"column":23},"end":{"line":2,"column":27}},{"start":{"line":2,"column":31},"end":{"line":2,"column":51}},{"start":{"line":2,"column":56},"end":{"line":4,"column":1}}],"line":2},"1":{"loc":{"start":{"line":3,"column":11},"end":{"line":3,"column":61}},"type":"cond-expr","locations":[{"start":{"line":3,"column":37},"end":{"line":3,"column":40}},{"start":{"line":3,"column":43},"end":{"line":3,"column":61}}],"line":3},"2":{"loc":{"start":{"line":3,"column":12},"end":{"line":3,"column":33}},"type":"binary-expr","locations":[{"start":{"line":3,"column":12},"end":{"line":3,"column":15}},{"start":{"line":3,"column":19},"end":{"line":3,"column":33}}],"line":3}},"s":{"0":1,"1":1,"2":1,"3":1,"4":1,"5":1,"6":1},"f":{"0":1},"b":{"0":[1,1,1],"1":[1,0],"2":[1,1]},"_coverageSchema":"1a1c01bbd47fc00a2c39e90264f33305004495a9","hash":"5d5f7966f79852aae32f4f724c0eeb2bee8695b0","contentHash":"60b01b173433f868503eef514bca97b167ba6d07bbe04618bf4b365518e62289"},"D:\\PFE\\Backend_Auth\\test-dist\\src\\routes\\predictions.js":{"path":"D:\\PFE\\Backend_Auth\\test-dist\\src\\routes\\predictions.js","statementMap":{"0":{"start":{"line":2,"column":0},"end":{"line":2,"column":62}},"1":{"start":{"line":3,"column":18},"end":{"line":3,"column":36}},"2":{"start":{"line":4,"column":22},"end":{"line":4,"column":54}},"3":{"start":{"line":5,"column":15},"end":{"line":5,"column":38}},"4":{"start":{"line":7,"column":0},"end":{"line":15,"column":3}},"5":{"start":{"line":8,"column":4},"end":{"line":14,"column":5}},"6":{"start":{"line":9,"column":28},"end":{"line":9,"column":69}},"7":{"start":{"line":10,"column":8},"end":{"line":10,"column":30}},"8":{"start":{"line":13,"column":8},"end":{"line":13,"column":71}},"9":{"start":{"line":16,"column":0},"end":{"line":16,"column":25}}},"fnMap":{"0":{"name":"(anonymous_0)","decl":{"start":{"line":7,"column":16},"end":{"line":7,"column":17}},"loc":{"start":{"line":7,"column":36},"end":{"line":15,"column":1}},"line":7}},"branchMap":{},"s":{"0":1,"1":1,"2":1,"3":1,"4":1,"5":0,"6":0,"7":0,"8":0,"9":1},"f":{"0":0},"b":{},"_coverageSchema":"1a1c01bbd47fc00a2c39e90264f33305004495a9","hash":"834d7a8b6acafafaec53d838e9fdf91f3df9a33a","contentHash":"d99ac62d875e4e8ed59fbbd0f915e0871369ea7c3354fbcb665a921a0759e15c"},"D:\\PFE\\Backend_Auth\\test-dist\\src\\models\\predictions.js":{"path":"D:\\PFE\\Backend_Auth\\test-dist\\src\\models\\predictions.js","statementMap":{"0":{"start":{"line":2,"column":22},"end":{"line":4,"column":1}},"1":{"start":{"line":3,"column":4},"end":{"line":3,"column":62}},"2":{"start":{"line":5,"column":0},"end":{"line":5,"column":62}},"3":{"start":{"line":6,"column":0},"end":{"line":6,"column":60}},"4":{"start":{"line":7,"column":20},"end":{"line":7,"column":40}},"5":{"start":{"line":8,"column":13},"end":{"line":8,"column":53}},"6":{"start":{"line":10,"column":19},"end":{"line":19,"column":56}},"7":{"start":{"line":21,"column":0},"end":{"line":21,"column":71}},"8":{"start":{"line":23,"column":23},"end":{"line":40,"column":1}},"9":{"start":{"line":24,"column":4},"end":{"line":39,"column":5}},"10":{"start":{"line":25,"column":8},"end":{"line":25,"column":74}},"11":{"start":{"line":26,"column":28},"end":{"line":26,"column":82}},"12":{"start":{"line":27,"column":8},"end":{"line":27,"column":68}},"13":{"start":{"line":28,"column":8},"end":{"line":30,"column":9}},"14":{"start":{"line":29,"column":12},"end":{"line":29,"column":94}},"15":{"start":{"line":31,"column":28},"end":{"line":31,"column":54}},"16":{"start":{"line":32,"column":8},"end":{"line":32,"column":72}},"17":{"start":{"line":33,"column":8},"end":{"line":33,"column":81}},"18":{"start":{"line":34,"column":8},"end":{"line":34,"column":27}},"19":{"start":{"line":37,"column":8},"end":{"line":37,"column":80}},"20":{"start":{"line":38,"column":8},"end":{"line":38,"column":54}},"21":{"start":{"line":41,"column":0},"end":{"line":41,"column":40}},"22":{"start":{"line":43,"column":26},"end":{"line":54,"column":1}},"23":{"start":{"line":44,"column":4},"end":{"line":53,"column":5}},"24":{"start":{"line":45,"column":8},"end":{"line":45,"column":72}},"25":{"start":{"line":46,"column":28},"end":{"line":46,"column":127}},"26":{"start":{"line":47,"column":8},"end":{"line":47,"column":88}},"27":{"start":{"line":48,"column":8},"end":{"line":48,"column":27}},"28":{"start":{"line":51,"column":8},"end":{"line":51,"column":65}},"29":{"start":{"line":52,"column":8},"end":{"line":52,"column":20}},"30":{"start":{"line":55,"column":0},"end":{"line":55,"column":46}},"31":{"start":{"line":56,"column":0},"end":{"line":56,"column":29}}},"fnMap":{"0":{"name":"(anonymous_0)","decl":{"start":{"line":2,"column":56},"end":{"line":2,"column":57}},"loc":{"start":{"line":2,"column":71},"end":{"line":4,"column":1}},"line":2},"1":{"name":"(anonymous_1)","decl":{"start":{"line":23,"column":23},"end":{"line":23,"column":24}},"loc":{"start":{"line":23,"column":35},"end":{"line":40,"column":1}},"line":23},"2":{"name":"(anonymous_2)","decl":{"start":{"line":43,"column":26},"end":{"line":43,"column":27}},"loc":{"start":{"line":43,"column":38},"end":{"line":54,"column":1}},"line":43}},"branchMap":{"0":{"loc":{"start":{"line":2,"column":22},"end":{"line":4,"column":1}},"type":"binary-expr","locations":[{"start":{"line":2,"column":23},"end":{"line":2,"column":27}},{"start":{"line":2,"column":31},"end":{"line":2,"column":51}},{"start":{"line":2,"column":56},"end":{"line":4,"column":1}}],"line":2},"1":{"loc":{"start":{"line":3,"column":11},"end":{"line":3,"column":61}},"type":"cond-expr","locations":[{"start":{"line":3,"column":37},"end":{"line":3,"column":40}},{"start":{"line":3,"column":43},"end":{"line":3,"column":61}}],"line":3},"2":{"loc":{"start":{"line":3,"column":12},"end":{"line":3,"column":33}},"type":"binary-expr","locations":[{"start":{"line":3,"column":12},"end":{"line":3,"column":15}},{"start":{"line":3,"column":19},"end":{"line":3,"column":33}}],"line":3},"3":{"loc":{"start":{"line":28,"column":8},"end":{"line":30,"column":9}},"type":"if","locations":[{"start":{"line":28,"column":8},"end":{"line":30,"column":9}},{"start":{},"end":{}}],"line":28}},"s":{"0":1,"1":1,"2":1,"3":1,"4":1,"5":1,"6":1,"7":1,"8":1,"9":0,"10":0,"11":0,"12":0,"13":0,"14":0,"15":0,"16":0,"17":0,"18":0,"19":0,"20":0,"21":1,"22":1,"23":0,"24":0,"25":0,"26":0,"27":0,"28":0,"29":0,"30":1,"31":1},"f":{"0":1,"1":0,"2":0},"b":{"0":[1,1,1],"1":[1,0],"2":[1,1],"3":[0,0]},"_coverageSchema":"1a1c01bbd47fc00a2c39e90264f33305004495a9","hash":"b2dbc2164bce52d102e9a5932b99e2444e43294c","contentHash":"9f09a9d9f9f92d47b4fe8470bf8defc9792036d58d93c9e9f8d413fb28cc8fba"},"D:\\PFE\\Backend_Auth\\test-dist\\src\\routes\\equipment.js":{"path":"D:\\PFE\\Backend_Auth\\test-dist\\src\\routes\\equipment.js","statementMap":{"0":{"start":{"line":2,"column":22},"end":{"line":4,"column":1}},"1":{"start":{"line":3,"column":4},"end":{"line":3,"column":62}},"2":{"start":{"line":5,"column":0},"end":{"line":5,"column":62}},"3":{"start":{"line":6,"column":18},"end":{"line":6,"column":53}},"4":{"start":{"line":7,"column":20},"end":{"line":7,"column":67}},"5":{"start":{"line":8,"column":17},"end":{"line":8,"column":46}},"6":{"start":{"line":9,"column":15},"end":{"line":9,"column":41}},"7":{"start":{"line":12,"column":27},"end":{"line":12,"column":71}},"8":{"start":{"line":13,"column":17},"end":{"line":13,"column":19}},"9":{"start":{"line":14,"column":4},"end":{"line":39,"column":5}},"10":{"start":{"line":14,"column":17},"end":{"line":14,"column":18}},"11":{"start":{"line":15,"column":21},"end":{"line":15,"column":42}},"12":{"start":{"line":16,"column":24},"end":{"line":16,"column":26}},"13":{"start":{"line":17,"column":8},"end":{"line":33,"column":9}},"14":{"start":{"line":18,"column":12},"end":{"line":18,"column":58}},"15":{"start":{"line":19,"column":12},"end":{"line":19,"column":55}},"16":{"start":{"line":21,"column":13},"end":{"line":33,"column":9}},"17":{"start":{"line":22,"column":12},"end":{"line":22,"column":61}},"18":{"start":{"line":24,"column":13},"end":{"line":33,"column":9}},"19":{"start":{"line":25,"column":12},"end":{"line":25,"column":51}},"20":{"start":{"line":27,"column":13},"end":{"line":33,"column":9}},"21":{"start":{"line":28,"column":12},"end":{"line":28,"column":51}},"22":{"start":{"line":30,"column":13},"end":{"line":33,"column":9}},"23":{"start":{"line":31,"column":12},"end":{"line":31,"column":55}},"24":{"start":{"line":32,"column":12},"end":{"line":32,"column":40}},"25":{"start":{"line":34,"column":8},"end":{"line":38,"column":11}},"26":{"start":{"line":40,"column":4},"end":{"line":40,"column":16}},"27":{"start":{"line":43,"column":0},"end":{"line":61,"column":3}},"28":{"start":{"line":44,"column":4},"end":{"line":60,"column":5}},"29":{"start":{"line":45,"column":27},"end":{"line":45,"column":62}},"30":{"start":{"line":46,"column":30},"end":{"line":46,"column":32}},"31":{"start":{"line":47,"column":8},"end":{"line":54,"column":9}},"32":{"start":{"line":48,"column":28},"end":{"line":48,"column":106}},"33":{"start":{"line":49,"column":12},"end":{"line":53,"column":15}},"34":{"start":{"line":55,"column":8},"end":{"line":55,"column":32}},"35":{"start":{"line":58,"column":8},"end":{"line":58,"column":56}},"36":{"start":{"line":59,"column":8},"end":{"line":59,"column":73}},"37":{"start":{"line":63,"column":0},"end":{"line":79,"column":3}},"38":{"start":{"line":64,"column":4},"end":{"line":78,"column":5}},"39":{"start":{"line":65,"column":30},"end":{"line":65,"column":53}},"40":{"start":{"line":67,"column":8},"end":{"line":67,"column":57}},"41":{"start":{"line":68,"column":8},"end":{"line":71,"column":9}},"42":{"start":{"line":69,"column":12},"end":{"line":69,"column":97}},"43":{"start":{"line":70,"column":12},"end":{"line":70,"column":91}},"44":{"start":{"line":72,"column":8},"end":{"line":72,"column":42}},"45":{"start":{"line":73,"column":8},"end":{"line":73,"column":32}},"46":{"start":{"line":76,"column":8},"end":{"line":76,"column":58}},"47":{"start":{"line":77,"column":8},"end":{"line":77,"column":65}},"48":{"start":{"line":80,"column":0},"end":{"line":80,"column":25}}},"fnMap":{"0":{"name":"(anonymous_0)","decl":{"start":{"line":2,"column":56},"end":{"line":2,"column":57}},"loc":{"start":{"line":2,"column":71},"end":{"line":4,"column":1}},"line":2},"1":{"name":"simulateEquipmentData","decl":{"start":{"line":11,"column":9},"end":{"line":11,"column":30}},"loc":{"start":{"line":11,"column":33},"end":{"line":41,"column":1}},"line":11},"2":{"name":"(anonymous_2)","decl":{"start":{"line":43,"column":16},"end":{"line":43,"column":17}},"loc":{"start":{"line":43,"column":36},"end":{"line":61,"column":1}},"line":43},"3":{"name":"(anonymous_3)","decl":{"start":{"line":63,"column":25},"end":{"line":63,"column":26}},"loc":{"start":{"line":63,"column":45},"end":{"line":79,"column":1}},"line":63}},"branchMap":{"0":{"loc":{"start":{"line":2,"column":22},"end":{"line":4,"column":1}},"type":"binary-expr","locations":[{"start":{"line":2,"column":23},"end":{"line":2,"column":27}},{"start":{"line":2,"column":31},"end":{"line":2,"column":51}},{"start":{"line":2,"column":56},"end":{"line":4,"column":1}}],"line":2},"1":{"loc":{"start":{"line":3,"column":11},"end":{"line":3,"column":61}},"type":"cond-expr","locations":[{"start":{"line":3,"column":37},"end":{"line":3,"column":40}},{"start":{"line":3,"column":43},"end":{"line":3,"column":61}}],"line":3},"2":{"loc":{"start":{"line":3,"column":12},"end":{"line":3,"column":33}},"type":"binary-expr","locations":[{"start":{"line":3,"column":12},"end":{"line":3,"column":15}},{"start":{"line":3,"column":19},"end":{"line":3,"column":33}}],"line":3},"3":{"loc":{"start":{"line":17,"column":8},"end":{"line":33,"column":9}},"type":"if","locations":[{"start":{"line":17,"column":8},"end":{"line":33,"column":9}},{"start":{"line":21,"column":13},"end":{"line":33,"column":9}}],"line":17},"4":{"loc":{"start":{"line":21,"column":13},"end":{"line":33,"column":9}},"type":"if","locations":[{"start":{"line":21,"column":13},"end":{"line":33,"column":9}},{"start":{"line":24,"column":13},"end":{"line":33,"column":9}}],"line":21},"5":{"loc":{"start":{"line":24,"column":13},"end":{"line":33,"column":9}},"type":"if","locations":[{"start":{"line":24,"column":13},"end":{"line":33,"column":9}},{"start":{"line":27,"column":13},"end":{"line":33,"column":9}}],"line":24},"6":{"loc":{"start":{"line":27,"column":13},"end":{"line":33,"column":9}},"type":"if","locations":[{"start":{"line":27,"column":13},"end":{"line":33,"column":9}},{"start":{"line":30,"column":13},"end":{"line":33,"column":9}}],"line":27},"7":{"loc":{"start":{"line":30,"column":13},"end":{"line":33,"column":9}},"type":"if","locations":[{"start":{"line":30,"column":13},"end":{"line":33,"column":9}},{"start":{},"end":{}}],"line":30}},"s":{"0":1,"1":2,"2":1,"3":1,"4":1,"5":1,"6":1,"7":0,"8":0,"9":0,"10":0,"11":0,"12":0,"13":0,"14":0,"15":0,"16":0,"17":0,"18":0,"19":0,"20":0,"21":0,"22":0,"23":0,"24":0,"25":0,"26":0,"27":1,"28":0,"29":0,"30":0,"31":0,"32":0,"33":0,"34":0,"35":0,"36":0,"37":1,"38":0,"39":0,"40":0,"41":0,"42":0,"43":0,"44":0,"45":0,"46":0,"47":0,"48":1},"f":{"0":2,"1":0,"2":0,"3":0},"b":{"0":[1,1,1],"1":[1,1],"2":[2,2],"3":[0,0],"4":[0,0],"5":[0,0],"6":[0,0],"7":[0,0]},"_coverageSchema":"1a1c01bbd47fc00a2c39e90264f33305004495a9","hash":"81b2157d9af102d236d6732316ee1e1e8b1245df","contentHash":"7e5464d8e5195dce1c6851ffb0a32d3832e60d66f3b67c8161d1fa46383459d5"},"D:\\PFE\\Backend_Auth\\test-dist\\src\\models\\Equipment.js":{"path":"D:\\PFE\\Backend_Auth\\test-dist\\src\\models\\Equipment.js","statementMap":{"0":{"start":{"line":2,"column":22},"end":{"line":4,"column":1}},"1":{"start":{"line":3,"column":4},"end":{"line":3,"column":62}},"2":{"start":{"line":5,"column":0},"end":{"line":5,"column":62}},"3":{"start":{"line":6,"column":20},"end":{"line":6,"column":40}},"4":{"start":{"line":7,"column":13},"end":{"line":7,"column":53}},"5":{"start":{"line":10,"column":0},"end":{"line":28,"column":3}},"6":{"start":{"line":29,"column":0},"end":{"line":29,"column":28}}},"fnMap":{"0":{"name":"(anonymous_0)","decl":{"start":{"line":2,"column":56},"end":{"line":2,"column":57}},"loc":{"start":{"line":2,"column":71},"end":{"line":4,"column":1}},"line":2}},"branchMap":{"0":{"loc":{"start":{"line":2,"column":22},"end":{"line":4,"column":1}},"type":"binary-expr","locations":[{"start":{"line":2,"column":23},"end":{"line":2,"column":27}},{"start":{"line":2,"column":31},"end":{"line":2,"column":51}},{"start":{"line":2,"column":56},"end":{"line":4,"column":1}}],"line":2},"1":{"loc":{"start":{"line":3,"column":11},"end":{"line":3,"column":61}},"type":"cond-expr","locations":[{"start":{"line":3,"column":37},"end":{"line":3,"column":40}},{"start":{"line":3,"column":43},"end":{"line":3,"column":61}}],"line":3},"2":{"loc":{"start":{"line":3,"column":12},"end":{"line":3,"column":33}},"type":"binary-expr","locations":[{"start":{"line":3,"column":12},"end":{"line":3,"column":15}},{"start":{"line":3,"column":19},"end":{"line":3,"column":33}}],"line":3}},"s":{"0":1,"1":1,"2":1,"3":1,"4":1,"5":1,"6":1},"f":{"0":1},"b":{"0":[1,1,1],"1":[1,0],"2":[1,1]},"_coverageSchema":"1a1c01bbd47fc00a2c39e90264f33305004495a9","hash":"d2ae388fbdebfa53433b8e0b504acf2c47df7542","contentHash":"9017e080092aaeaf4bc2875280df742db2565088b7db6688b9fc673761330533"},"D:\\PFE\\Backend_Auth\\test-dist\\src\\services\\influx.js":{"path":"D:\\PFE\\Backend_Auth\\test-dist\\src\\services\\influx.js","statementMap":{"0":{"start":{"line":2,"column":22},"end":{"line":4,"column":1}},"1":{"start":{"line":3,"column":4},"end":{"line":3,"column":62}},"2":{"start":{"line":5,"column":0},"end":{"line":5,"column":62}},"3":{"start":{"line":6,"column":0},"end":{"line":6,"column":93}},"4":{"start":{"line":7,"column":26},"end":{"line":7,"column":64}},"5":{"start":{"line":8,"column":17},"end":{"line":8,"column":51}},"6":{"start":{"line":9,"column":0},"end":{"line":9,"column":26}},"7":{"start":{"line":11,"column":24},"end":{"line":11,"column":93}},"8":{"start":{"line":12,"column":0},"end":{"line":16,"column":1}},"9":{"start":{"line":13,"column":4},"end":{"line":15,"column":5}},"10":{"start":{"line":14,"column":8},"end":{"line":14,"column":76}},"11":{"start":{"line":17,"column":17},"end":{"line":20,"column":2}},"12":{"start":{"line":21,"column":17},"end":{"line":25,"column":2}},"13":{"start":{"line":26,"column":17},"end":{"line":26,"column":63}},"14":{"start":{"line":27,"column":30},"end":{"line":51,"column":1}},"15":{"start":{"line":28,"column":18},"end":{"line":30,"column":26}},"16":{"start":{"line":31,"column":4},"end":{"line":47,"column":5}},"17":{"start":{"line":32,"column":8},"end":{"line":33,"column":59}},"18":{"start":{"line":35,"column":9},"end":{"line":47,"column":5}},"19":{"start":{"line":36,"column":8},"end":{"line":36,"column":72}},"20":{"start":{"line":38,"column":9},"end":{"line":47,"column":5}},"21":{"start":{"line":39,"column":8},"end":{"line":39,"column":60}},"22":{"start":{"line":41,"column":9},"end":{"line":47,"column":5}},"23":{"start":{"line":42,"column":8},"end":{"line":42,"column":60}},"24":{"start":{"line":44,"column":9},"end":{"line":47,"column":5}},"25":{"start":{"line":45,"column":8},"end":{"line":46,"column":67}},"26":{"start":{"line":48,"column":4},"end":{"line":48,"column":32}},"27":{"start":{"line":49,"column":4},"end":{"line":49,"column":103}},"28":{"start":{"line":50,"column":4},"end":{"line":50,"column":31}},"29":{"start":{"line":52,"column":0},"end":{"line":52,"column":54}},"30":{"start":{"line":53,"column":20},"end":{"line":61,"column":1}},"31":{"start":{"line":54,"column":4},"end":{"line":60,"column":5}},"32":{"start":{"line":55,"column":8},"end":{"line":55,"column":31}},"33":{"start":{"line":58,"column":8},"end":{"line":58,"column":62}},"34":{"start":{"line":59,"column":8},"end":{"line":59,"column":18}},"35":{"start":{"line":62,"column":0},"end":{"line":62,"column":34}},"36":{"start":{"line":63,"column":30},"end":{"line":102,"column":1}},"37":{"start":{"line":64,"column":22},"end":{"line":72,"column":3}},"38":{"start":{"line":73,"column":4},"end":{"line":101,"column":5}},"39":{"start":{"line":74,"column":21},"end":{"line":74,"column":58}},"40":{"start":{"line":75,"column":8},"end":{"line":75,"column":102}},"41":{"start":{"line":76,"column":8},"end":{"line":96,"column":11}},"42":{"start":{"line":77,"column":28},"end":{"line":77,"column":30}},"43":{"start":{"line":78,"column":12},"end":{"line":79,"column":54}},"44":{"start":{"line":79,"column":16},"end":{"line":79,"column":54}},"45":{"start":{"line":80,"column":12},"end":{"line":81,"column":48}},"46":{"start":{"line":81,"column":16},"end":{"line":81,"column":48}},"47":{"start":{"line":82,"column":12},"end":{"line":83,"column":60}},"48":{"start":{"line":83,"column":16},"end":{"line":83,"column":60}},"49":{"start":{"line":84,"column":12},"end":{"line":85,"column":48}},"50":{"start":{"line":85,"column":16},"end":{"line":85,"column":48}},"51":{"start":{"line":86,"column":12},"end":{"line":87,"column":48}},"52":{"start":{"line":87,"column":16},"end":{"line":87,"column":48}},"53":{"start":{"line":88,"column":12},"end":{"line":89,"column":54}},"54":{"start":{"line":89,"column":16},"end":{"line":89,"column":54}},"55":{"start":{"line":90,"column":12},"end":{"line":91,"column":56}},"56":{"start":{"line":91,"column":16},"end":{"line":91,"column":56}},"57":{"start":{"line":92,"column":12},"end":{"line":95,"column":14}},"58":{"start":{"line":99,"column":8},"end":{"line":99,"column":84}},"59":{"start":{"line":100,"column":8},"end":{"line":100,"column":18}},"60":{"start":{"line":103,"column":0},"end":{"line":103,"column":54}}},"fnMap":{"0":{"name":"(anonymous_0)","decl":{"start":{"line":2,"column":56},"end":{"line":2,"column":57}},"loc":{"start":{"line":2,"column":71},"end":{"line":4,"column":1}},"line":2},"1":{"name":"(anonymous_1)","decl":{"start":{"line":27,"column":30},"end":{"line":27,"column":31}},"loc":{"start":{"line":27,"column":62},"end":{"line":51,"column":1}},"line":27},"2":{"name":"(anonymous_2)","decl":{"start":{"line":53,"column":20},"end":{"line":53,"column":21}},"loc":{"start":{"line":53,"column":32},"end":{"line":61,"column":1}},"line":53},"3":{"name":"(anonymous_3)","decl":{"start":{"line":63,"column":30},"end":{"line":63,"column":31}},"loc":{"start":{"line":63,"column":73},"end":{"line":102,"column":1}},"line":63},"4":{"name":"(anonymous_4)","decl":{"start":{"line":76,"column":24},"end":{"line":76,"column":25}},"loc":{"start":{"line":76,"column":33},"end":{"line":96,"column":9}},"line":76}},"branchMap":{"0":{"loc":{"start":{"line":2,"column":22},"end":{"line":4,"column":1}},"type":"binary-expr","locations":[{"start":{"line":2,"column":23},"end":{"line":2,"column":27}},{"start":{"line":2,"column":31},"end":{"line":2,"column":51}},{"start":{"line":2,"column":56},"end":{"line":4,"column":1}}],"line":2},"1":{"loc":{"start":{"line":3,"column":11},"end":{"line":3,"column":61}},"type":"cond-expr","locations":[{"start":{"line":3,"column":37},"end":{"line":3,"column":40}},{"start":{"line":3,"column":43},"end":{"line":3,"column":61}}],"line":3},"2":{"loc":{"start":{"line":3,"column":12},"end":{"line":3,"column":33}},"type":"binary-expr","locations":[{"start":{"line":3,"column":12},"end":{"line":3,"column":15}},{"start":{"line":3,"column":19},"end":{"line":3,"column":33}}],"line":3},"3":{"loc":{"start":{"line":13,"column":4},"end":{"line":15,"column":5}},"type":"if","locations":[{"start":{"line":13,"column":4},"end":{"line":15,"column":5}},{"start":{},"end":{}}],"line":13},"4":{"loc":{"start":{"line":31,"column":4},"end":{"line":47,"column":5}},"type":"if","locations":[{"start":{"line":31,"column":4},"end":{"line":47,"column":5}},{"start":{"line":35,"column":9},"end":{"line":47,"column":5}}],"line":31},"5":{"loc":{"start":{"line":32,"column":40},"end":{"line":32,"column":64}},"type":"binary-expr","locations":[{"start":{"line":32,"column":40},"end":{"line":32,"column":59}},{"start":{"line":32,"column":63},"end":{"line":32,"column":64}}],"line":32},"6":{"loc":{"start":{"line":33,"column":36},"end":{"line":33,"column":57}},"type":"binary-expr","locations":[{"start":{"line":33,"column":36},"end":{"line":33,"column":52}},{"start":{"line":33,"column":56},"end":{"line":33,"column":57}}],"line":33},"7":{"loc":{"start":{"line":35,"column":9},"end":{"line":47,"column":5}},"type":"if","locations":[{"start":{"line":35,"column":9},"end":{"line":47,"column":5}},{"start":{"line":38,"column":9},"end":{"line":47,"column":5}}],"line":35},"8":{"loc":{"start":{"line":36,"column":43},"end":{"line":36,"column":70}},"type":"binary-expr","locations":[{"start":{"line":36,"column":43},"end":{"line":36,"column":65}},{"start":{"line":36,"column":69},"end":{"line":36,"column":70}}],"line":36},"9":{"loc":{"start":{"line":38,"column":9},"end":{"line":47,"column":5}},"type":"if","locations":[{"start":{"line":38,"column":9},"end":{"line":47,"column":5}},{"start":{"line":41,"column":9},"end":{"line":47,"column":5}}],"line":38},"10":{"loc":{"start":{"line":39,"column":37},"end":{"line":39,"column":58}},"type":"binary-expr","locations":[{"start":{"line":39,"column":37},"end":{"line":39,"column":53}},{"start":{"line":39,"column":57},"end":{"line":39,"column":58}}],"line":39},"11":{"loc":{"start":{"line":41,"column":9},"end":{"line":47,"column":5}},"type":"if","locations":[{"start":{"line":41,"column":9},"end":{"line":47,"column":5}},{"start":{"line":44,"column":9},"end":{"line":47,"column":5}}],"line":41},"12":{"loc":{"start":{"line":42,"column":37},"end":{"line":42,"column":58}},"type":"binary-expr","locations":[{"start":{"line":42,"column":37},"end":{"line":42,"column":53}},{"start":{"line":42,"column":57},"end":{"line":42,"column":58}}],"line":42},"13":{"loc":{"start":{"line":44,"column":9},"end":{"line":47,"column":5}},"type":"if","locations":[{"start":{"line":44,"column":9},"end":{"line":47,"column":5}},{"start":{},"end":{}}],"line":44},"14":{"loc":{"start":{"line":45,"column":40},"end":{"line":45,"column":64}},"type":"binary-expr","locations":[{"start":{"line":45,"column":40},"end":{"line":45,"column":59}},{"start":{"line":45,"column":63},"end":{"line":45,"column":64}}],"line":45},"15":{"loc":{"start":{"line":46,"column":40},"end":{"line":46,"column":65}},"type":"binary-expr","locations":[{"start":{"line":46,"column":40},"end":{"line":46,"column":60}},{"start":{"line":46,"column":64},"end":{"line":46,"column":65}}],"line":46},"16":{"loc":{"start":{"line":63,"column":56},"end":{"line":63,"column":68}},"type":"default-arg","locations":[{"start":{"line":63,"column":64},"end":{"line":63,"column":68}}],"line":63},"17":{"loc":{"start":{"line":78,"column":12},"end":{"line":79,"column":54}},"type":"if","locations":[{"start":{"line":78,"column":12},"end":{"line":79,"column":54}},{"start":{},"end":{}}],"line":78},"18":{"loc":{"start":{"line":80,"column":12},"end":{"line":81,"column":48}},"type":"if","locations":[{"start":{"line":80,"column":12},"end":{"line":81,"column":48}},{"start":{},"end":{}}],"line":80},"19":{"loc":{"start":{"line":82,"column":12},"end":{"line":83,"column":60}},"type":"if","locations":[{"start":{"line":82,"column":12},"end":{"line":83,"column":60}},{"start":{},"end":{}}],"line":82},"20":{"loc":{"start":{"line":84,"column":12},"end":{"line":85,"column":48}},"type":"if","locations":[{"start":{"line":84,"column":12},"end":{"line":85,"column":48}},{"start":{},"end":{}}],"line":84},"21":{"loc":{"start":{"line":86,"column":12},"end":{"line":87,"column":48}},"type":"if","locations":[{"start":{"line":86,"column":12},"end":{"line":87,"column":48}},{"start":{},"end":{}}],"line":86},"22":{"loc":{"start":{"line":88,"column":12},"end":{"line":89,"column":54}},"type":"if","locations":[{"start":{"line":88,"column":12},"end":{"line":89,"column":54}},{"start":{},"end":{}}],"line":88},"23":{"loc":{"start":{"line":90,"column":12},"end":{"line":91,"column":56}},"type":"if","locations":[{"start":{"line":90,"column":12},"end":{"line":91,"column":56}},{"start":{},"end":{}}],"line":90}},"s":{"0":1,"1":1,"2":1,"3":1,"4":1,"5":1,"6":1,"7":1,"8":1,"9":4,"10":0,"11":1,"12":1,"13":1,"14":1,"15":0,"16":0,"17":0,"18":0,"19":0,"20":0,"21":0,"22":0,"23":0,"24":0,"25":0,"26":0,"27":0,"28":0,"29":1,"30":1,"31":0,"32":0,"33":0,"34":0,"35":1,"36":1,"37":0,"38":0,"39":0,"40":0,"41":0,"42":0,"43":0,"44":0,"45":0,"46":0,"47":0,"48":0,"49":0,"50":0,"51":0,"52":0,"53":0,"54":0,"55":0,"56":0,"57":0,"58":0,"59":0,"60":1},"f":{"0":1,"1":0,"2":0,"3":0,"4":0},"b":{"0":[1,1,1],"1":[0,1],"2":[1,1],"3":[0,4],"4":[0,0],"5":[0,0],"6":[0,0],"7":[0,0],"8":[0,0],"9":[0,0],"10":[0,0],"11":[0,0],"12":[0,0],"13":[0,0],"14":[0,0],"15":[0,0],"16":[0],"17":[0,0],"18":[0,0],"19":[0,0],"20":[0,0],"21":[0,0],"22":[0,0],"23":[0,0]},"_coverageSchema":"1a1c01bbd47fc00a2c39e90264f33305004495a9","hash":"12645de7be1f4509fd7bc1fe62e41a57a460cf8b","contentHash":"76630e667a164661a4f49f5fd6b08e8be70ad11406c7bebe5ffb0f19ffa83401"},"D:\\PFE\\Backend_Auth\\test-dist\\src\\routes\\taskRoutes.js":{"path":"D:\\PFE\\Backend_Auth\\test-dist\\src\\routes\\taskRoutes.js","statementMap":{"0":{"start":{"line":2,"column":22},"end":{"line":4,"column":1}},"1":{"start":{"line":3,"column":4},"end":{"line":3,"column":62}},"2":{"start":{"line":5,"column":0},"end":{"line":5,"column":62}},"3":{"start":{"line":6,"column":18},"end":{"line":6,"column":53}},"4":{"start":{"line":7,"column":22},"end":{"line":7,"column":56}},"5":{"start":{"line":8,"column":15},"end":{"line":8,"column":41}},"6":{"start":{"line":9,"column":0},"end":{"line":17,"column":3}},"7":{"start":{"line":10,"column":4},"end":{"line":16,"column":5}},"8":{"start":{"line":11,"column":22},"end":{"line":11,"column":67}},"9":{"start":{"line":12,"column":8},"end":{"line":12,"column":24}},"10":{"start":{"line":15,"column":8},"end":{"line":15,"column":55}},"11":{"start":{"line":18,"column":0},"end":{"line":27,"column":3}},"12":{"start":{"line":19,"column":4},"end":{"line":26,"column":5}},"13":{"start":{"line":20,"column":57},"end":{"line":20,"column":65}},"14":{"start":{"line":21,"column":21},"end":{"line":21,"column":129}},"15":{"start":{"line":22,"column":8},"end":{"line":22,"column":35}},"16":{"start":{"line":25,"column":8},"end":{"line":25,"column":55}},"17":{"start":{"line":28,"column":0},"end":{"line":37,"column":3}},"18":{"start":{"line":29,"column":4},"end":{"line":36,"column":5}},"19":{"start":{"line":30,"column":31},"end":{"line":30,"column":39}},"20":{"start":{"line":31,"column":21},"end":{"line":31,"column":81}},"21":{"start":{"line":32,"column":8},"end":{"line":32,"column":23}},"22":{"start":{"line":35,"column":8},"end":{"line":35,"column":55}},"23":{"start":{"line":38,"column":0},"end":{"line":48,"column":3}},"24":{"start":{"line":39,"column":4},"end":{"line":47,"column":5}},"25":{"start":{"line":40,"column":23},"end":{"lin
[...]
81,"column":4},"end":{"line":83,"column":5}},"55":{"start":{"line":82,"column":8},"end":{"line":82,"column":60}},"56":{"start":{"line":84,"column":4},"end":{"line":86,"column":5}},"57":{"start":{"line":85,"column":8},"end":{"line":85,"column":60}},"58":{"start":{"line":87,"column":19},"end":{"line":87,"column":72}},"59":{"start":{"line":88,"column":19},"end":{"line":88,"column":181}},"60":{"start":{"line":89,"column":4},"end":{"line":89,"column":117}},"61":{"start":{"line":90,"column":4},"end":{"line":90,"column":21}},"62":{"start":{"line":92,"column":0},"end":{"line":92,"column":48}},"63":{"start":{"line":94,"column":24},"end":{"line":96,"column":1}},"64":{"start":{"line":95,"column":4},"end":{"line":95,"column":94}},"65":{"start":{"line":97,"column":0},"end":{"line":97,"column":42}}},"fnMap":{"0":{"name":"(anonymous_0)","decl":{"start":{"line":2,"column":56},"end":{"line":2,"column":57}},"loc":{"start":{"line":2,"column":71},"end":{"line":4,"column":1}},"line":2},"1":{"name":"(anonymous_1)","decl":{"start":{"line":10,"column":22},"end":{"line":10,"column":23}},"loc":{"start":{"line":10,"column":39},"end":{"line":20,"column":1}},"line":10},"2":{"name":"(anonymous_2)","decl":{"start":{"line":22,"column":26},"end":{"line":22,"column":27}},"loc":{"start":{"line":22,"column":38},"end":{"line":29,"column":1}},"line":22},"3":{"name":"(anonymous_3)","decl":{"start":{"line":32,"column":23},"end":{"line":32,"column":24}},"loc":{"start":{"line":32,"column":35},"end":{"line":35,"column":1}},"line":32},"4":{"name":"(anonymous_4)","decl":{"start":{"line":38,"column":29},"end":{"line":38,"column":30}},"loc":{"start":{"line":38,"column":44},"end":{"line":66,"column":1}},"line":38},"5":{"name":"(anonymous_5)","decl":{"start":{"line":69,"column":27},"end":{"line":69,"column":28}},"loc":{"start":{"line":69,"column":53},"end":{"line":91,"column":1}},"line":69},"6":{"name":"(anonymous_6)","decl":{"start":{"line":94,"column":24},"end":{"line":94,"column":25}},"loc":{"start":{"line":94,"column":36},"end":{"line":96,"column":1}},"line":94}},"branchMap":{"0":{"loc":{"start":{"line":2,"column":22},"end":{"line":4,"column":1}},"type":"binary-expr","locations":[{"start":{"line":2,"column":23},"end":{"line":2,"column":27}},{"start":{"line":2,"column":31},"end":{"line":2,"column":51}},{"start":{"line":2,"column":56},"end":{"line":4,"column":1}}],"line":2},"1":{"loc":{"start":{"line":3,"column":11},"end":{"line":3,"column":61}},"type":"cond-expr","locations":[{"start":{"line":3,"column":37},"end":{"line":3,"column":40}},{"start":{"line":3,"column":43},"end":{"line":3,"column":61}}],"line":3},"2":{"loc":{"start":{"line":3,"column":12},"end":{"line":3,"column":33}},"type":"binary-expr","locations":[{"start":{"line":3,"column":12},"end":{"line":3,"column":15}},{"start":{"line":3,"column":19},"end":{"line":3,"column":33}}],"line":3},"3":{"loc":{"start":{"line":11,"column":4},"end":{"line":19,"column":5}},"type":"if","locations":[{"start":{"line":11,"column":4},"end":{"line":19,"column":5}},{"start":{"line":14,"column":9},"end":{"line":19,"column":5}}],"line":11},"4":{"loc":{"start":{"line":11,"column":8},"end":{"line":11,"column":43}},"type":"binary-expr","locations":[{"start":{"line":11,"column":8},"end":{"line":11,"column":24}},{"start":{"line":11,"column":28},"end":{"line":11,"column":43}}],"line":11},"5":{"loc":{"start":{"line":14,"column":9},"end":{"line":19,"column":5}},"type":"if","locations":[{"start":{"line":14,"column":9},"end":{"line":19,"column":5}},{"start":{"line":17,"column":9},"end":{"line":19,"column":5}}],"line":14},"6":{"loc":{"start":{"line":14,"column":13},"end":{"line":14,"column":49}},"type":"binary-expr","locations":[{"start":{"line":14,"column":13},"end":{"line":14,"column":29}},{"start":{"line":14,"column":33},"end":{"line":14,"column":49}}],"line":14},"7":{"loc":{"start":{"line":34,"column":11},"end":{"line":34,"column":53}},"type":"cond-expr","locations":[{"start":{"line":34,"column":31},"end":{"line":34,"column":46}},{"start":{"line":34,"column":49},"end":{"line":34,"column":53}}],"line":34},"8":{"loc":{"start":{"line":44,"column":4},"end":{"line":46,"column":5}},"type":"if","locations":[{"start":{"line":44,"column":4},"end":{"line":46,"column":5}},{"start":{},"end":{}}],"line":44},"9":{"loc":{"start":{"line":48,"column":16},"end":{"line":48,"column":39}},"type":"binary-expr","locations":[{"start":{"line":48,"column":16},"end":{"line":48,"column":33}},{"start":{"line":48,"column":37},"end":{"line":48,"column":39}}],"line":48},"10":{"loc":{"start":{"line":52,"column":4},"end":{"line":61,"column":5}},"type":"if","locations":[{"start":{"line":52,"column":4},"end":{"line":61,"column":5}},{"start":{"line":57,"column":9},"end":{"line":61,"column":5}}],"line":52},"11":{"loc":{"start":{"line":52,"column":8},"end":{"line":52,"column":38}},"type":"binary-expr","locations":[{"start":{"line":52,"column":8},"end":{"line":52,"column":26}},{"start":{"line":52,"column":30},"end":{"line":52,"column":38}}],"line":52},"12":{"loc":{"start":{"line":57,"column":9},"end":{"line":61,"column":5}},"type":"if","locations":[{"start":{"line":57,"column":9},"end":{"line":61,"column":5}},{"start":{},"end":{}}],"line":57},"13":{"loc":{"start":{"line":57,"column":13},"end":{"line":57,"column":43}},"type":"binary-expr","locations":[{"start":{"line":57,"column":13},"end":{"line":57,"column":31}},{"start":{"line":57,"column":35},"end":{"line":57,"column":43}}],"line":57},"14":{"loc":{"start":{"line":62,"column":4},"end":{"line":65,"column":5}},"type":"if","locations":[{"start":{"line":62,"column":4},"end":{"line":65,"column":5}},{"start":{},"end":{}}],"line":62},"15":{"loc":{"start":{"line":75,"column":4},"end":{"line":78,"column":5}},"type":"if","locations":[{"start":{"line":75,"column":4},"end":{"line":78,"column":5}},{"start":{},"end":{}}],"line":75},"16":{"loc":{"start":{"line":80,"column":16},"end":{"line":80,"column":39}},"type":"binary-expr","locations":[{"start":{"line":80,"column":16},"end":{"line":80,"column":33}},{"start":{"line":80,"column":37},"end":{"line":80,"column":39}}],"line":80},"17":{"loc":{"start":{"line":81,"column":4},"end":{"line":83,"column":5}},"type":"if","locations":[{"start":{"line":81,"column":4},"end":{"line":83,"column":5}},{"start":{},"end":{}}],"line":81},"18":{"loc":{"start":{"line":81,"column":8},"end":{"line":81,"column":77}},"type":"binary-expr","locations":[{"start":{"line":81,"column":8},"end":{"line":81,"column":22}},{"start":{"line":81,"column":27},"end":{"line":81,"column":46}},{"start":{"line":81,"column":50},"end":{"line":81,"column":59}},{"start":{"line":81,"column":63},"end":{"line":81,"column":76}}],"line":81},"19":{"loc":{"start":{"line":84,"column":4},"end":{"line":86,"column":5}},"type":"if","locations":[{"start":{"line":84,"column":4},"end":{"line":86,"column":5}},{"start":{},"end":{}}],"line":84},"20":{"loc":{"start":{"line":84,"column":8},"end":{"line":84,"column":77}},"type":"binary-expr","locations":[{"start":{"line":84,"column":8},"end":{"line":84,"column":23}},{"start":{"line":84,"column":28},"end":{"line":84,"column":47}},{"start":{"line":84,"column":51},"end":{"line":84,"column":60}},{"start":{"line":84,"column":64},"end":{"line":84,"column":76}}],"line":84},"21":{"loc":{"start":{"line":87,"column":19},"end":{"line":87,"column":72}},"type":"cond-expr","locations":[{"start":{"line":87,"column":37},"end":{"line":87,"column":68}},{"start":{"line":87,"column":71},"end":{"line":87,"column":72}}],"line":87}},"s":{"0":1,"1":1,"2":1,"3":1,"4":1,"5":1,"6":1,"7":2,"8":2,"9":0,"10":0,"11":0,"12":1,"13":2,"14":2,"15":2,"16":2,"17":2,"18":2,"19":1,"20":1,"21":2,"22":2,"23":1,"24":1,"25":1,"26":1,"27":0,"28":0,"29":0,"30":0,"31":0,"32":0,"33":0,"34":0,"35":0,"36":0,"37":0,"38":0,"39":0,"40":0,"41":0,"42":0,"43":0,"44":0,"45":1,"46":1,"47":1,"48":1,"49":1,"50":0,"51":0,"52":1,"53":1,"54":1,"55":0,"56":1,"57":0,"58":1,"59":1,"60":1,"61":1,"62":1,"63":1,"64":0,"65":1},"f":{"0":1,"1":2,"2":2,"3":2,"4":1,"5":1,"6":0},"b":{"0":[1,1,1],"1":[1,0],"2":[1,1],"3":[2,0],"4":[2,2],"5":[0,0],"6":[0,0],"7":[2,0],"8":[0,0],"9":[0,0],"10":[0,0],"11":[0,0],"12":[0,0],"13":[0,0],"14":[0,0],"15":[0,1],"16":[1,0],"17":[0,1],"18":[1,1,1,1],"19":[0,1],"20":[1,0,0,0],"21":[0,1]},"_coverageSchema":"1a1c01bbd47fc00a2c39e90264f33305004495a9","hash":"a47c3e73647a58d4612b8efb8f780d05a105e63f","contentHash":"8697b26bceb534fdc4a707316103d27fcd24964bd17f7d1b8e2808b2451c26ed"},"D:\\PFE\\Backend_Auth\\test-dist\\src\\config\\postgres.js":{"path":"D:\\PFE\\Backend_Auth\\test-dist\\src\\config\\postgres.js","statementMap":{"0":{"start":{"line":2,"column":0},"end":{"line":2,"column":62}},"1":{"start":{"line":3,"column":0},"end":{"line":3,"column":23}},"2":{"start":{"line":4,"column":13},"end":{"line":4,"column":26}},"3":{"start":{"line":5,"column":13},"end":{"line":11,"column":2}},"4":{"start":{"line":12,"column":14},"end":{"line":21,"column":1}},"5":{"start":{"line":13,"column":19},"end":{"line":13,"column":39}},"6":{"start":{"line":14,"column":4},"end":{"line":20,"column":5}},"7":{"start":{"line":15,"column":23},"end":{"line":15,"column":55}},"8":{"start":{"line":16,"column":8},"end":{"line":16,"column":27}},"9":{"start":{"line":19,"column":8},"end":{"line":19,"column":25}},"10":{"start":{"line":22,"column":0},"end":{"line":22,"column":22}},"11":{"start":{"line":23,"column":0},"end":{"line":23,"column":23}}},"fnMap":{"0":{"name":"(anonymous_0)","decl":{"start":{"line":12,"column":14},"end":{"line":12,"column":15}},"loc":{"start":{"line":12,"column":43},"end":{"line":21,"column":1}},"line":12}},"branchMap":{"0":{"loc":{"start":{"line":12,"column":27},"end":{"line":12,"column":38}},"type":"default-arg","locations":[{"start":{"line":12,"column":36},"end":{"line":12,"column":38}}],"line":12}},"s":{"0":1,"1":1,"2":1,"3":1,"4":1,"5":5,"6":5,"7":5,"8":5,"9":5,"10":1,"11":1},"f":{"0":5},"b":{"0":[2]},"_coverageSchema":"1a1c01bbd47fc00a2c39e90264f33305004495a9","hash":"9be9b9c33520802767f6980f2692486b7c8e3725","contentHash":"5742880217b1a42a4ffc09ad48bc66061fda4dbdd6c5fb6494350d4e4bd85302"},"D:\\PFE\\Backend_Auth\\test-dist\\src\\config\\logger.js":{"path":"D:\\PFE\\Backend_Auth\\test-dist\\src\\config\\logger.js","statementMap":{"0":{"start":{"line":2,"column":22},"end":{"line":4,"column":1}},"1":{"start":{"line":3,"column":4},"end":{"line":3,"column":62}},"2":{"start":{"line":5,"column":0},"end":{"line":5,"column":62}},"3":{"start":{"line":6,"column":18},"end":{"line":6,"column":53}},"4":{"start":{"line":7,"column":15},"end":{"line":14,"column":2}},"5":{"start":{"line":15,"column":0},"end":{"line":19,"column":1}},"6":{"start":{"line":16,"column":4},"end":{"line":18,"column":8}},"7":{"start":{"line":20,"column":0},"end":{"line":20,"column":25}}},"fnMap":{"0":{"name":"(anonymous_0)","decl":{"start":{"line":2,"column":56},"end":{"line":2,"column":57}},"loc":{"start":{"line":2,"column":71},"end":{"line":4,"column":1}},"line":2}},"branchMap":{"0":{"loc":{"start":{"line":2,"column":22},"end":{"line":4,"column":1}},"type":"binary-expr","locations":[{"start":{"line":2,"column":23},"end":{"line":2,"column":27}},{"start":{"line":2,"column":31},"end":{"line":2,"column":51}},{"start":{"line":2,"column":56},"end":{"line":4,"column":1}}],"line":2},"1":{"loc":{"start":{"line":3,"column":11},"end":{"line":3,"column":61}},"type":"cond-expr","locations":[{"start":{"line":3,"column":37},"end":{"line":3,"column":40}},{"start":{"line":3,"column":43},"end":{"line":3,"column":61}}],"line":3},"2":{"loc":{"start":{"line":3,"column":12},"end":{"line":3,"column":33}},"type":"binary-expr","locations":[{"start":{"line":3,"column":12},"end":{"line":3,"column":15}},{"start":{"line":3,"column":19},"end":{"line":3,"column":33}}],"line":3},"3":{"loc":{"start":{"line":15,"column":0},"end":{"line":19,"column":1}},"type":"if","locations":[{"start":{"line":15,"column":0},"end":{"line":19,"column":1}},{"start":{},"end":{}}],"line":15}},"s":{"0":1,"1":1,"2":1,"3":1,"4":1,"5":1,"6":1,"7":1},"f":{"0":1},"b":{"0":[1,1,1],"1":[0,1],"2":[1,1],"3":[1,0]},"_coverageSchema":"1a1c01bbd47fc00a2c39e90264f33305004495a9","hash":"58bbf37ea4b3e27cfd459de4fa0d6acef60a0419","contentHash":"3f9849b85266be98bb130ec9499e53315991fc28505949c0dc2a029f509f9c6c"},"D:\\PFE\\Backend_Auth\\test-dist\\src\\queues\\energyQueue.js":{"path":"D:\\PFE\\Backend_Auth\\test-dist\\src\\queues\\energyQueue.js","statementMap":{"0":{"start":{"line":2,"column":22},"end":{"line":4,"column":1}},"1":{"start":{"line":3,"column":4},"end":{"line":3,"column":62}},"2":{"start":{"line":5,"column":0},"end":{"line":5,"column":62}},"3":{"start":{"line":6,"column":17},"end":{"line":6,"column":34}},"4":{"start":{"line":7,"column":16},"end":{"line":7,"column":42}},"5":{"start":{"line":8,"column":32},"end":{"line":8,"column":76}},"6":{"start":{"line":9,"column":17},"end":{"line":9,"column":61}},"7":{"start":{"line":11,"column":0},"end":{"line":13,"column":3}},"8":{"start":{"line":15,"column":0},"end":{"line":17,"column":3}},"9":{"start":{"line":19,"column":0},"end":{"line":32,"column":61}},"10":{"start":{"line":20,"column":4},"end":{"line":20,"column":109}},"11":{"start":{"line":21,"column":4},"end":{"line":31,"column":5}},"12":{"start":{"line":22,"column":8},"end":{"line":30,"column":9}},"13":{"start":{"line":23,"column":26},"end":{"line":23,"column":80}},"14":{"start":{"line":24,"column":12},"end":{"line":24,"column":112}},"15":{"start":{"line":28,"column":33},"end":{"line":28,"column":91}},"16":{"start":{"line":29,"column":12},"end":{"line":29,"column":93}},"17":{"start":{"line":34,"column":0},"end":{"line":47,"column":61}},"18":{"start":{"line":35,"column":4},"end":{"line":35,"column":109}},"19":{"start":{"line":36,"column":4},"end":{"line":46,"column":5}},"20":{"start":{"line":37,"column":8},"end":{"line":45,"column":9}},"21":{"start":{"line":38,"column":12},"end":{"line":38,"column":73}},"22":{"start":{"line":39,"column":12},"end":{"line":39,"column":107}},"23":{"start":{"line":43,"column":33},"end":{"line":43,"column":91}},"24":{"start":{"line":44,"column":12},"end":{"line":44,"column":103}},"25":{"start":{"line":49,"column":30},"end":{"line":60,"column":1}},"26":{"start":{"line":50,"column":4},"end":{"line":50,"column":93}},"27":{"start":{"line":51,"column":4},"end":{"line":59,"column":5}},"28":{"start":{"line":52,"column":22},"end":{"line":52,"column":76}},"29":{"start":{"line":53,"column":8},"end":{"line":53,"column":77}},"30":{"start":{"line":57,"column":29},"end":{"line":57,"column":87}},"31":{"start":{"line":58,"column":8},"end":{"line":58,"column":83}},"32":{"start":{"line":61,"column":0},"end":{"line":64,"column":3}},"33":{"start":{"line":62,"column":25},"end":{"line":62,"column":83}},"34":{"start":{"line":63,"column":4},"end":{"line":63,"column":79}}},"fnMap":{"0":{"name":"(anonymous_0)","decl":{"start":{"line":2,"column":56},"end":{"line":2,"column":57}},"loc":{"start":{"line":2,"column":71},"end":{"line":4,"column":1}},"line":2},"1":{"name":"(anonymous_1)","decl":{"start":{"line":19,"column":37},"end":{"line":19,"column":38}},"loc":{"start":{"line":19,"column":52},"end":{"line":32,"column":1}},"line":19},"2":{"name":"(anonymous_2)","decl":{"start":{"line":34,"column":37},"end":{"line":34,"column":38}},"loc":{"start":{"line":34,"column":52},"end":{"line":47,"column":1}},"line":34},"3":{"name":"(anonymous_3)","decl":{"start":{"line":49,"column":30},"end":{"line":49,"column":31}},"loc":{"start":{"line":49,"column":42},"end":{"line":60,"column":1}},"line":49},"4":{"name":"(anonymous_4)","decl":{"start":{"line":61,"column":30},"end":{"line":61,"column":31}},"loc":{"start":{"line":61,"column":41},"end":{"line":64,"column":1}},"line":61}},"branchMap":{"0":{"loc":{"start":{"line":2,"column":22},"end":{"line":4,"column":1}},"type":"binary-expr","locations":[{"start":{"line":2,"column":23},"end":{"line":2,"column":27}},{"start":{"line":2,"column":31},"end":{"line":2,"column":51}},{"start":{"line":2,"column":56},"end":{"line":4,"column":1}}],"line":2},"1":{"loc":{"start":{"line":3,"column":11},"end":{"line":3,"column":61}},"type":"cond-expr","locations":[{"start":{"line":3,"column":37},"end":{"line":3,"column":40}},{"start":{"line":3,"column":43},"end":{"line":3,"column":61}}],"line":3},"2":{"loc":{"start":{"line":3,"column":12},"end":{"line":3,"column":33}},"type":"binary-expr","locations":[{"start":{"line":3,"column":12},"end":{"line":3,"column":15}},{"start":{"line":3,"column":19},"end":{"line":3,"column":33}}],"line":3},"3":{"loc":{"start":{"line":21,"column":4},"end":{"line":31,"column":5}},"type":"if","locations":[{"start":{"line":21,"column":4},"end":{"line":31,"column":5}},{"start":{},"end":{}}],"line":21},"4":{"loc":{"start":{"line":28,"column":33},"end":{"line":28,"column":91}},"type":"cond-expr","locations":[{"start":{"line":28,"column":58},"end":{"line":28,"column":71}},{"start":{"line":28,"column":74},"end":{"line":28,"column":91}}],"line":28},"5":{"loc":{"start":{"line":36,"column":4},"end":{"line":46,"column":5}},"type":"if","locations":[{"start":{"line":36,"column":4},"end":{"line":46,"column":5}},{"start":{},"end":{}}],"line":36},"6":{"loc":{"start":{"line":43,"column":33},"end":{"line":43,"column":91}},"type":"cond-expr","locations":[{"start":{"line":43,"column":58},"end":{"line":43,"column":71}},{"start":{"line":43,"column":74},"end":{"line":43,"column":91}}],"line":43},"7":{"loc":{"start":{"line":57,"column":29},"end":{"line":57,"column":87}},"type":"cond-expr","locations":[{"start":{"line":57,"column":54},"end":{"line":57,"column":67}},{"start":{"line":57,"column":70},"end":{"line":57,"column":87}}],"line":57},"8":{"loc":{"start":{"line":62,"column":25},"end":{"line":62,"column":83}},"type":"cond-expr","locations":[{"start":{"line":62,"column":50},"end":{"line":62,"column":63}},{"start":{"line":62,"column":66},"end":{"line":62,"column":83}}],"line":62}},"s":{"0":1,"1":1,"2":1,"3":1,"4":1,"5":1,"6":1,"7":1,"8":1,"9":1,"10":1,"11":1,"12":1,"13":1,"14":1,"15":0,"16":0,"17":1,"18":1,"19":1,"20":1,"21":1,"22":0,"23":1,"24":1,"25":1,"26":1,"27":1,"28":1,"29":1,"30":0,"31":0,"32":1,"33":0,"34":0},"f":{"0":1,"1":1,"2":1,"3":1,"4":0},"b":{"0":[1,1,1],"1":[1,0],"2":[1,1],"3":[1,0],"4":[0,0],"5":[1,0],"6":[1,0],"7":[0,0],"8":[0,0]},"_coverageSchema":"1a1c01bbd47fc00a2c39e90264f33305004495a9","hash":"b377782fae85578d6a86283be40f37597e93e507","contentHash":"f6c4bbb5b0d065deda182451a6e081225dcb9e27a5d872a2e279aab7bd09291d"},"D:\\PFE\\Backend_Auth\\test-dist\\src\\config\\redis.js":{"path":"D:\\PFE\\Backend_Auth\\test-dist\\src\\config\\redis.js","statementMap":{"0":{"start":{"line":2,"column":0},"end":{"line":2,"column":62}},"1":{"start":{"line":3,"column":0},"end":{"line":3,"column":61}},"2":{"start":{"line":4,"column":17},"end":{"line":4,"column":34}},"3":{"start":{"line":5,"column":19},"end":{"line":9,"column":1}},"4":{"start":{"line":10,"column":0},"end":{"line":10,"column":79}},"5":{"start":{"line":11,"column":0},"end":{"line":11,"column":79}},"6":{"start":{"line":12,"column":0},"end":{"line":12,"column":29}}},"fnMap":{},"branchMap":{"0":{"loc":{"start":{"line":6,"column":10},"end":{"line":6,"column":47}},"type":"binary-expr","locations":[{"start":{"line":6,"column":10},"end":{"line":6,"column":32}},{"start":{"line":6,"column":36},"end":{"line":6,"column":47}}],"line":6},"1":{"loc":{"start":{"line":7,"column":10},"end":{"line":7,"column":48}},"type":"binary-expr","locations":[{"start":{"line":7,"column":10},"end":{"line":7,"column":40}},{"start":{"line":7,"column":44},"end":{"line":7,"column":48}}],"line":7},"2":{"loc":{"start":{"line":8,"column":14},"end":{"line":8,"column":53}},"type":"binary-expr","locations":[{"start":{"line":8,"column":14},"end":{"line":8,"column":40}},{"start":{"line":8,"column":44},"end":{"line":8,"column":53}}],"line":8}},"s":{"0":1,"1":1,"2":1,"3":1,"4":1,"5":1,"6":1},"f":{},"b":{"0":[1,0],"1":[1,0],"2":[1,1]},"_coverageSchema":"1a1c01bbd47fc00a2c39e90264f33305004495a9","hash":"a3093bc262f3f8f920df3b473c5bbda9e2b568ba","contentHash":"7474a0d2f0d17b717068f634e360405967a2febe724f4a678ff28bce1b0a6c8b"}}