{"D:\\PFE\\Backend_Auth\\test-dist\\src\\index.js":{"path":"D:\\PFE\\Backend_Auth\\test-dist\\src\\index.js","statementMap":{"0":{"start":{"line":2,"column":22},"end":{"line":12,"column":3}},"1":{"start":{"line":3,"column":4},"end":{"line":3,"column":33}},"2":{"start":{"line":3,"column":26},"end":{"line":3,"column":33}},"3":{"start":{"line":4,"column":15},"end":{"line":4,"column":52}},"4":{"start":{"line":5,"column":4},"end":{"line":7,"column":5}},"5":{"start":{"line":6,"column":6},"end":{"line":6,"column":68}},"6":{"start":{"line":6,"column":51},"end":{"line":6,"column":63}},"7":{"start":{"line":8,"column":4},"end":{"line":8,"column":39}},"8":{"start":{"line":10,"column":4},"end":{"line":10,"column":33}},"9":{"start":{"line":10,"column":26},"end":{"line":10,"column":33}},"10":{"start":{"line":11,"column":4},"end":{"line":11,"column":17}},"11":{"start":{"line":13,"column":25},"end":{"line":17,"column":2}},"12":{"start":{"line":14,"column":4},"end":{"line":14,"column":72}},"13":{"start":{"line":16,"column":4},"end":{"line":16,"column":21}},"14":{"start":{"line":18,"column":19},"end":{"line":34,"column":4}},"15":{"start":{"line":19,"column":18},"end":{"line":26,"column":5}},"16":{"start":{"line":20,"column":8},"end":{"line":24,"column":10}},"17":{"start":{"line":21,"column":21},"end":{"line":21,"column":23}},"18":{"start":{"line":22,"column":12},"end":{"line":22,"column":95}},"19":{"start":{"line":22,"column":29},"end":{"line":22,"column":95}},"20":{"start":{"line":22,"column":77},"end":{"line":22,"column":95}},"21":{"start":{"line":23,"column":12},"end":{"line":23,"column":22}},"22":{"start":{"line":25,"column":8},"end":{"line":25,"column":26}},"23":{"start":{"line":27,"column":4},"end":{"line":33,"column":6}},"24":{"start":{"line":28,"column":8},"end":{"line":28,"column":46}},"25":{"start":{"line":28,"column":35},"end":{"line":28,"column":46}},"26":{"start":{"line":29,"column":21},"end":{"line":29,"column":23}},"27":{"start":{"line":30,"column":8},"end":{"line":30,"column":137}},"28":{"start":{"line":30,"column":25},"end":{"line":30,"column":137}},"29":{"start":{"line":30,"column":38},"end":{"line":30,"column":50}},"30":{"start":{"line":30,"column":56},"end":{"line":30,"column":57}},"31":{"start":{"line":30,"column":78},"end":{"line":30,"column":137}},"32":{"start":{"line":30,"column":102},"end":{"line":30,"column":137}},"33":{"start":{"line":31,"column":8},"end":{"line":31,"column":40}},"34":{"start":{"line":32,"column":8},"end":{"line":32,"column":22}},"35":{"start":{"line":35,"column":22},"end":{"line":37,"column":1}},"36":{"start":{"line":36,"column":4},"end":{"line":36,"column":62}},"37":{"start":{"line":38,"column":0},"end":{"line":38,"column":62}},"38":{"start":{"line":39,"column":0},"end":{"line":39,"column":21}},"39":{"start":{"line":40,"column":18},"end":{"line":40,"column":53}},"40":{"start":{"line":41,"column":15},"end":{"line":41,"column":47}},"41":{"start":{"line":42,"column":17},"end":{"line":42,"column":51}},"42":{"start":{"line":43,"column":13},"end":{"line":43,"column":35}},"43":{"start":{"line":44,"column":24},"end":{"line":44,"column":74}},"44":{"start":{"line":45,"column":22},"end":{"line":45,"column":70}},"45":{"start":{"line":46,"column":20},"end":{"line":46,"column":66}},"46":{"start":{"line":47,"column":21},"end":{"line":47,"column":68}},"47":{"start":{"line":48,"column":15},"end":{"line":48,"column":30}},"48":{"start":{"line":49,"column":27},"end":{"line":49,"column":65}},"49":{"start":{"line":50,"column":32},"end":{"line":50,"column":75}},"50":{"start":{"line":51,"column":16},"end":{"line":51,"column":46}},"51":{"start":{"line":52,"column":19},"end":{"line":52,"column":47}},"52":{"start":{"line":55,"column":0},"end":{"line":55,"column":32}},"53":{"start":{"line":56,"column":0},"end":{"line":56,"column":26}},"54":{"start":{"line":57,"column":12},"end":{"line":57,"column":36}},"55":{"start":{"line":58,"column":0},"end":{"line":58,"column":18}},"56":{"start":{"line":59,"column":15},"end":{"line":59,"column":44}},"57":{"start":{"line":60,"column":13},"end":{"line":60,"column":37}},"58":{"start":{"line":61,"column":0},"end":{"line":66,"column":4}},"59":{"start":{"line":67,"column":0},"end":{"line":67,"column":34}},"60":{"start":{"line":68,"column":0},"end":{"line":137,"column":3}},"61":{"start":{"line":70,"column":4},"end":{"line":136,"column":5}},"62":{"start":{"line":71,"column":35},"end":{"line":71,"column":43}},"63":{"start":{"line":72,"column":8},"end":{"line":74,"column":9}},"64":{"start":{"line":73,"column":12},"end":{"line":73,"column":57}},"65":{"start":{"line":76,"column":8},"end":{"line":93,"column":9}},"66":{"start":{"line":77,"column":37},"end":{"line":77,"column":119}},"67":{"start":{"line":78,"column":12},"end":{"line":78,"column":69}},"68":{"start":{"line":79,"column":32},"end":{"line":79,"column":53}},"69":{"start":{"line":80,"column":12},"end":{"line":82,"column":13}},"70":{"start":{"line":81,"column":16},"end":{"line":81,"column":56}},"71":{"start":{"line":83,"column":12},"end":{"line":83,"column":36}},"72":{"start":{"line":86,"column":12},"end":{"line":91,"column":13}},"73":{"start":{"line":87,"column":16},"end":{"line":87,"column":159}},"74":{"start":{"line":90,"column":16},"end":{"line":90,"column":70}},"75":{"start":{"line":92,"column":12},"end":{"line":92,"column":56}},"76":{"start":{"line":95,"column":8},"end":{"line":107,"column":9}},"77":{"start":{"line":96,"column":12},"end":{"line":96,"column":88}},"78":{"start":{"line":97,"column":12},"end":{"line":97,"column":77}},"79":{"start":{"line":100,"column":12},"end":{"line":105,"column":13}},"80":{"start":{"line":101,"column":16},"end":{"line":101,"column":151}},"81":{"start":{"line":104,"column":16},"end":{"line":104,"column":62}},"82":{"start":{"line":106,"column":12},"end":{"line":106,"column":58}},"83":{"start":{"line":108,"column":8},"end":{"line":115,"column":9}},"84":{"start":{"line":109,"column":12},"end":{"line":110,"column":64}},"85":{"start":{"line":110,"column":16},"end":{"line":110,"column":64}},"86":{"start":{"line":111,"column":12},"end":{"line":112,"column":63}},"87":{"start":{"line":112,"column":16},"end":{"line":112,"column":63}},"88":{"start":{"line":113,"column":12},"end":{"line":114,"column":71}},"89":{"start":{"line":114,"column":16},"end":{"line":114,"column":71}},"90":{"start":{"line":116,"column":8},"end":{"line":123,"column":9}},"91":{"start":{"line":117,"column":12},"end":{"line":118,"column":61}},"92":{"start":{"line":118,"column":16},"end":{"line":118,"column":61}},"93":{"start":{"line":119,"column":12},"end":{"line":120,"column":60}},"94":{"start":{"line":120,"column":16},"end":{"line":120,"column":60}},"95":{"start":{"line":121,"column":12},"end":{"line":122,"column":71}},"96":{"start":{"line":122,"column":16},"end":{"line":122,"column":71}},"97":{"start":{"line":124,"column":23},"end":{"line":124,"column":110}},"98":{"start":{"line":125,"column":8},"end":{"line":125,"column":37}},"99":{"start":{"line":128,"column":8},"end":{"line":135,"column":9}},"100":{"start":{"line":129,"column":12},"end":{"line":129,"column":75}},"101":{"start":{"line":130,"column":12},"end":{"line":130,"column":59}},"102":{"start":{"line":133,"column":12},"end":{"line":133,"column":67}},"103":{"start":{"line":134,"column":12},"end":{"line":134,"column":80}},"104":{"start":{"line":138,"column":0},"end":{"line":158,"column":3}},"105":{"start":{"line":140,"column":4},"end":{"line":157,"column":5}},"106":{"start":{"line":141,"column":33},"end":{"line":141,"column":115}},"107":{"start":{"line":142,"column":28},"end":{"line":142,"column":49}},"108":{"start":{"line":143,"column":8},"end":{"line":145,"column":9}},"109":{"start":{"line":144,"column":12},"end":{"line":144,"column":52}},"110":{"start":{"line":146,"column":20},"end":{"line":146,"column":37}},"111":{"start":{"line":147,"column":8},"end":{"line":147,"column":26}},"112":{"start":{"line":150,"column":8},"end":{"line":155,"column":9}},"113":{"start":{"line":151,"column":12},"end":{"line":151,"column":145}},"114":{"start":{"line":154,"column":12},"end":{"line":154,"column":56}},"115":{"start":{"line":156,"column":8},"end":{"line":156,"column":68}},"116":{"start":{"line":159,"column":0},"end":{"line":172,"column":3}},"117":{"start":{"line":160,"column":4},"end":{"line":171,"column":5}},"118":{"start":{"line":161,"column":22},"end":{"line":161,"column":89}},"119":{"start":{"line":162,"column":8},"end":{"line":162,"column":30}},"120":{"start":{"line":165,"column":8},"end":{"line":170,"column":9}},"121":{"start":{"line":166,"column":12},"end":{"line":166,"column":59}},"122":{"start":{"line":169,"column":12},"end":{"line":169,"column":77}},"123":{"start":{"line":173,"column":0},"end":{"line":186,"column":3}},"124":{"start":{"line":174,"column":4},"end":{"line":185,"column":5}},"125":{"start":{"line":175,"column":29},"end":{"line":175,"column":97}},"126":{"start":{"line":176,"column":8},"end":{"line":176,"column":31}},"127":{"start":{"line":179,"column":8},"end":{"line":184,"column":9}},"128":{"start":{"line":180,"column":12},"end":{"line":180,"column":59}},"129":{"start":{"line":183,"column":12},"end":{"line":183,"column":83}},"130":{"start":{"line":187,"column":0},"end":{"line":197,"column":3}},"131":{"start":{"line":188,"column":4},"end":{"line":196,"column":5}},"132":{"start":{"line":189,"column":29},"end":{"line":189,"column":61}},"133":{"start":{"line":190,"column":25},"end":{"line":190,"column":64}},"134":{"start":{"line":191,"column":8},"end":{"line":191,"column":32}},"135":{"start":{"line":194,"column":8},"end":{"line":194,"column":69}},"136":{"start":{"line":195,"column":8},"end":{"line":195,"column":55}},"137":{"start":{"line":198,"column":0},"end":{"line":198,"column":51}},"138":{"start":{"line":199,"column":0},"end":{"line":199,"column":51}},"139":{"start":{"line":200,"column":0},"end":{"line":200,"column":47}},"140":{"start":{"line":201,"column":0},"end":{"line":201,"column":44}},"141":{"start":{"line":202,"column":0},"end":{"line":204,"column":3}},"142":{"start":{"line":203,"column":4},"end":{"line":203,"column":57}},"143":{"start":{"line":205,"column":0},"end":{"line":208,"column":3}},"144":{"start":{"line":206,"column":4},"end":{"line":206,"column":50}},"145":{"start":{"line":207,"column":4},"end":{"line":207,"column":65}},"146":{"start":{"line":209,"column":0},"end":{"line":224,"column":1}},"147":{"start":{"line":210,"column":24},"end":{"line":222,"column":5}},"148":{"start":{"line":211,"column":8},"end":{"line":221,"column":9}},"149":{"start":{"line":212,"column":12},"end":{"line":212,"column":40}},"150":{"start":{"line":213,"column":12},"end":{"line":215,"column":15}},"151":{"start":{"line":214,"column":16},"end":{"line":214,"column":76}},"152":{"start":{"line":216,"column":12},"end":{"line":216,"column":65}},"153":{"start":{"line":219,"column":12},"end":{"line":219,"column":73}},"154":{"start":{"line":220,"column":12},"end":{"line":220,"column":28}},"155":{"start":{"line":223,"column":4},"end":{"line":223,"column":18}}},"fnMap":{"0":{"name":"(anonymous_0)","decl":{"start":{"line":2,"column":74},"end":{"line":2,"column":75}},"loc":{"start":{"line":2,"column":96},"end":{"line":9,"column":1}},"line":2},"1":{"name":"(anonymous_1)","decl":{"start":{"line":6,"column":38},"end":{"line":6,"column":39}},"loc":{"start":{"line":6,"column":49},"end":{"line":6,"column":65}},"line":6},"2":{"name":"(anonymous_2)","decl":{"start":{"line":9,"column":6},"end":{"line":9,"column":7}},"loc":{"start":{"line":9,"column":28},"end":{"line":12,"column":1}},"line":9},"3":{"name":"(anonymous_3)","decl":{"start":{"line":13,"column":80},"end":{"line":13,"column":81}},"loc":{"start":{"line":13,"column":95},"end":{"line":15,"column":1}},"line":13},"4":{"name":"(anonymous_4)","decl":{"start":{"line":15,"column":5},"end":{"line":15,"column":6}},"loc":{"start":{"line":15,"column":20},"end":{"line":17,"column":1}},"line":15},"5":{"name":"(anonymous_5)","decl":{"start":{"line":18,"column":51},"end":{"line":18,"column":52}},"loc":{"start":{"line":18,"column":63},"end":{"line":34,"column":1}},"line":18},"6":{"name":"(anonymous_6)","decl":{"start":{"line":19,"column":18},"end":{"line":19,"column":19}},"loc":{"start":{"line":19,"column":30},"end":{"line":26,"column":5}},"line":19},"7":{"name":"(anonymous_7)","decl":{"start":{"line":20,"column":48},"end":{"line":20,"column":49}},"loc":{"start":{"line":20,"column":61},"end":{"line":24,"column":9}},"line":20},"8":{"name":"(anonymous_8)","decl":{"start":{"line":27,"column":11},"end":{"line":27,"column":12}},"loc":{"start":{"line":27,"column":26},"end":{"line":33,"column":5}},"line":27},"9":{"name":"(anonymous_9)","decl":{"start":{"line":35,"column":56},"end":{"line":35,"column":57}},"loc":{"start":{"line":35,"column":71},"end":{"line":37,"column":1}},"line":35},"10":{"name":"(anonymous_10)","decl":{"start":{"line":68,"column":30},"end":{"line":68,"column":31}},"loc":{"start":{"line":68,"column":50},"end":{"line":137,"column":1}},"line":68},"11":{"name":"(anonymous_11)","decl":{"start":{"line":138,"column":27},"end":{"line":138,"column":28}},"loc":{"start":{"line":138,"column":47},"end":{"line":158,"column":1}},"line":138},"12":{"name":"(anonymous_12)","decl":{"start":{"line":159,"column":30},"end":{"line":159,"column":31}},"loc":{"start":{"line":159,"column":50},"end":{"line":172,"column":1}},"line":159},"13":{"name":"(anonymous_13)","decl":{"start":{"line":173,"column":36},"end":{"line":173,"column":37}},"loc":{"start":{"line":173,"column":56},"end":{"line":186,"column":1}},"line":173},"14":{"name":"(anonymous_14)","decl":{"start":{"line":187,"column":25},"end":{"line":187,"column":26}},"loc":{"start":{"line":187,"column":45},"end":{"line":197,"column":1}},"line":187},"15":{"name":"(anonymous_15)","decl":{"start":{"line":202,"column":13},"end":{"line":202,"column":14}},"loc":{"start":{"line":202,"column":27},"end":{"line":204,"column":1}},"line":202},"16":{"name":"(anonymous_16)","decl":{"start":{"line":205,"column":8},"end":{"line":205,"column":9}},"loc":{"start":{"line":205,"column":33},"end":{"line":208,"column":1}},"line":205},"17":{"name":"(anonymous_17)","decl":{"start":{"line":210,"column":24},"end":{"line":210,"column":25}},"loc":{"start":{"line":210,"column":36},"end":{"line":222,"column":5}},"line":210},"18":{"name":"(anonymous_18)","decl":{"start":{"line":213,"column":32},"end":{"line":213,"column":33}},"loc":{"start":{"line":213,"column":38},"end":{"line":215,"column":13}},"line":213}},"branchMap":{"0":{"loc":{"start":{"line":2,"column":22},"end":{"line":12,"column":3}},"type":"binary-expr","locations":[{"start":{"line":2,"column":23},"end":{"line":2,"column":27}},{"start":{"line":2,"column":31},"end":{"line":2,"column":51}},{"start":{"line":2,"column":57},"end":{"line":12,"column":2}}],"line":2},"1":{"loc":{"start":{"line":2,"column":57},"end":{"line":12,"column":2}},"type":"cond-expr","locations":[{"start":{"line":2,"column":74},"end":{"line":9,"column":1}},{"start":{"line":9,"column":6},"end":{"line":12,"column":1}}],"line":2},"2":{"loc":{"start":{"line":3,"column":4},"end":{"line":3,"column":33}},"type":"if","locations":[{"start":{"line":3,"column":4},"end":{"line":3,"column":33}},{"start":{},"end":{}}],"line":3},"3":{"loc":{"start":{"line":5,"column":4},"end":{"line":7,"column":5}},"type":"if","locations":[{"start":{"line":5,"column":4},"end":{"line":7,"column":5}},{"start":{},"end":{}}],"line":5},"4":{"loc":{"start":{"line":5,"column":8},"end":{"line":5,"column":85}},"type":"binary-expr","locations":[{"start":{"line":5,"column":8},"end":{"line":5,"column":13}},{"start":{"line":5,"column":18},"end":{"line":5,"column":84}}],"line":5},"5":{"loc":{"start":{"line":5,"column":18},"end":{"line":5,"column":84}},"type":"cond-expr","locations":[{"start":{"line":5,"column":34},"end":{"line":5,"column":47}},{"start":{"line":5,"column":50},"end":{"line":5,"column":84}}],"line":5},"6":{"loc":{"start":{"line":5,"column":50},"end":{"line":5,"column":84}},"type":"binary-expr","locations":[{"start":{"line":5,"column":50},"end":{"line":5,"column":63}},{"start":{"line":5,"column":67},"end":{"line":5,"column":84}}],"line":5},"7":{"loc":{"start":{"line":10,"column":4},"end":{"line":10,"column":33}},"type":"if","locations":[{"start":{"line":10,"column":4},"end":{"line":10,"column":33}},{"start":{},"end":{}}],"line":10},"8":{"loc":{"start":{"line":13,"column":25},"end":{"line":17,"column":2}},"type":"binary-expr","locations":[{"start":{"line":13,"column":26},"end":{"line":13,"column":30}},{"start":{"line":13,"column":34},"end":{"line":13,"column":57}},{"start":{"line":13,"column":63},"end":{"line":17,"column":1}}],"line":13},"9":{"loc":{"start":{"line":13,"column":63},"end":{"line":17,"column":1}},"type":"cond-expr","locations":[{"start":{"line":13,"column":80},"end":{"line":15,"column":1}},{"start":{"line":15,"column":5},"end":{"line":17,"column":1}}],"line":13},"10":{"loc":{"start":{"line":18,"column":19},"end":{"line":34,"column":4}},"type":"binary-expr","locations":[{"start":{"line":18,"column":20},"end":{"line":18,"column":24}},{"start":{"line":18,"column":28},"end":{"line":18,"column":45}},{"start":{"line":18,"column":50},"end":{"line":34,"column":4}}],"line":18},"11":{"loc":{"start":{"line":20,"column":18},"end":{"line":24,"column":9}},"type":"binary-expr","locations":[{"start":{"line":20,"column":18},"end":{"line":20,"column":44}},{"start":{"line":20,"column":48},"end":{"line":24,"column":9}}],"line":20},"12":{"loc":{"start":{"line":22,"column":29},"end":{"line":22,"column":95}},"type":"if","locations":[{"start":{"line":22,"column":29},"end":{"line":22,"column":95}},{"start":{},"end":{}}],"line":22},"13":{"loc":{"start":{"line":28,"column":8},"end":{"line":28,"column":46}},"type":"if","locations":[{"start":{"line":28,"column":8},"end":{"line":28,"column":46}},{"start":{},"end":{}}],"line":28},"14":{"loc":{"start":{"line":28,"column":12},"end":{"line":28,"column":33}},"type":"binary-expr","locations":[{"start":{"line":28,"column":12},"end":{"line":28,"column":15}},{"start":{"line":28,"column":19},"end":{"line":28,"column":33}}],"line":28},"15":{"loc":{"start":{"line":30,"column":8},"end":{"line":30,"column":137}},"type":"if","locations":[{"start":{"line":30,"column":8},"end":{"line":30,"column":137}},{"start":{},"end":{}}],"line":30},"16":{"loc":{"start":{"line":30,"column":78},"end":{"line":30,"column":137}},"type":"if","locations":[{"start":{"line":30,"column":78},"end":{"line":30,"column":137}},{"start":{},"end":{}}],"line":30},"17":{"loc":{"start":{"line":35,"column":22},"end":{"line":37,"column":1}},"type":"binary-expr","locations":[{"start":{"line":35,"column":23},"end":{"line":35,"column":27}},{"start":{"line":35,"column":31},"end":{"line":35,"column":51}},{"start":{"line":35,"column":56},"end":{"line":37,"column":1}}],"line":35},"18":{"loc":{"start":{"line":36,"column":11},"end":{"line":36,"column":61}},"type":"cond-expr","locations":[{"start":{"line":36,"column":37},"end":{"line":36,"column":40}},{"start":{"line":36,"column":43},"end":{"line":36,"column":61}}],"line":36},"19":{"loc":{"start":{"line":36,"column":12},"end":{"line":36,"column":33}},"type":"binary-expr","locations":[{"start":{"line":36,"column":12},"end":{"line":36,"column":15}},{"start":{"line":36,"column":19},"end":{"line":36,"column":33}}],"line":36},"20":{"loc":{"start":{"line":60,"column":13},"end":{"line":60,"column":37}},"type":"binary-expr","locations":[{"start":{"line":60,"column":13},"end":{"line":60,"column":29}},{"start":{"line":60,"column":33},"end":{"line":60,"column":37}}],"line":60},"21":{"loc":{"start":{"line":72,"column":8},"end":{"line":74,"column":9}},"type":"if","locations":[{"start":{"line":72,"column":8},"end":{"line":74,"column":9}},{"start":{},"end":{}}],"line":72},"22":{"loc":{"start":{"line":72,"column":12},"end":{"line":72,"column":65}},"type":"binary-expr","locations":[{"start":{"line":72,"column":12},"end":{"line":72,"column":17}},{"start":{"line":72,"column":21},"end":{"line":72,"column":30}},{"start":{"line":72,"column":34},"end":{"line":72,"column":65}}],"line":72},"23":{"loc":{"start":{"line":80,"column":12},"end":{"line":82,"column":13}},"type":"if","locations":[{"start":{"line":80,"column":12},"end":{"line":82,"column":13}},{"start":{},"end":{}}],"line":80},"24":{"loc":{"start":{"line":80,"column":16},"end":{"line":80,"column":65}},"type":"binary-expr","locations":[{"start":{"line":80,"column":16},"end":{"line":80,"column":24}},{"start":{"line":80,"column":28},"end":{"line":80,"column":65}}],"line":80},"25":{"loc":{"start":{"line":86,"column":12},"end":{"line":91,"column":13}},"type":"if","locations":[{"start":{"line":86,"column":12},"end":{"line":91,"column":13}},{"start":{"line":89,"column":17},"end":{"line":91,"column":13}}],"line":86},"26":{"loc":{"start":{"line":87,"column":91},"end":{"line":87,"column":157}},"type":"cond-expr","locations":[{"start":{"line":87,"column":141},"end":{"line":87,"column":147}},{"start":{"line":87,"column":150},"end":{"line":87,"column":157}}],"line":87},"27":{"loc":{"start":{"line":87,"column":91},"end":{"line":87,"column":138}},"type":"binary-expr","locations":[{"start":{"line":87,"column":91},"end":{"line":87,"column":121}},{"start":{"line":87,"column":125},"end":{"line":87,"column":138}}],"line":87},"28":{"loc":{"start":{"line":100,"column":12},"end":{"line":105,"column":13}},"type":"if","locations":[{"start":{"line":100,"column":12},"end":{"line":105,"column":13}},{"start":{"line":103,"column":17},"end":{"line":105,"column":13}}],"line":100},"29":{"loc":{"start":{"line":101,"column":83},"end":{"line":101,"column":149}},"type":"cond-expr","locations":[{"start":{"line":101,"column":133},"end":{"line":101,"column":139}},{"start":{"line":101,"column":142},"end":{"line":101,"column":149}}],"line":101},"30":{"loc":{"start":{"line":101,"column":83},"end":{"line":101,"column":130}},"type":"binary-expr","locations":[{"start":{"line":101,"column":83},"end":{"line":101,"column":113}},{"start":{"line":101,"column":117},"end":{"line":101,"column":130}}],"line":101},"31":{"loc":{"start":{"line":108,"column":8},"end":{"line":115,"column":9}},"type":"if","locations":[{"start":{"line":108,"column":8},"end":{"line":115,"column":9}},{"start":{},"end":{}}],"line":108},"32":{"loc":{"start":{"line":109,"column":12},"end":{"line":110,"column":64}},"type":"if","locations":[{"start":{"line":109,"column":12},"end":{"line":110,"column":64}},{"start":{},"end":{}}],"line":109},"33":{"loc":{"start":{"line":111,"column":12},"end":{"line":112,"column":63}},"type":"if","locations":[{"start":{"line":111,"column":12},"end":{"line":112,"column":63}},{"start":{},"end":{}}],"line":111},"34":{"loc":{"start":{"line":113,"column":12},"end":{"line":114,"column":71}},"type":"if","locations":[{"start":{"line":113,"column":12},"end":{"line":114,"column":71}},{"start":{},"end":{}}],"line":113},"35":{"loc":{"start":{"line":116,"column":8},"end":{"line":123,"column":9}},"type":"if","locations":[{"start":{"line":116,"column":8},"end":{"line":123,"column":9}},{"start":{},"end":{}}],"line":116},"36":{"loc":{"start":{"line":117,"column":12},"end":{"line":118,"column":61}},"type":"if","locations":[{"start":{"line":117,"column":12},"end":{"line":118,"column":61}},{"start":{},"end":{}}],"line":117},"37":{"loc":{"start":{"line":119,"column":12},"end":{"line":120,"column":60}},"type":"if","locations":[{"start":{"line":119,"column":12},"end":{"line":120,"column":60}},{"start":{},"end":{}}],"line":119},"38":{"loc":{"start":{"line":121,"column":12},"end":{"line":122,"column":71}},"type":"if","locations":[{"start":{"line":121,"column":12},"end":{"line":122,"column":71}},{"start":{},"end":{}}],"line":121},"39":{"loc":{"start":{"line":128,"column":8},"end":{"line":135,"column":9}},"type":"if","locations":[{"start":{"line":128,"column":8},"end":{"line":135,"column":9}},{"start":{"line":132,"column":13},"end":{"line":135,"column":9}}],"line":128},"40":{"loc":{"start":{"line":143,"column":8},"end":{"line":145,"column":9}},"type":"if","locations":[{"start":{"line":143,"column":8},"end":{"line":145,"column":9}},{"start":{},"end":{}}],"line":143},"41":{"loc":{"start":{"line":143,"column":12},"end":{"line":143,"column":61}},"type":"binary-expr","locations":[{"start":{"line":143,"column":12},"end":{"line":143,"column":20}},{"start":{"line":143,"column":24},"end":{"line":143,"column":61}}],"line":143},"42":{"loc":{"start":{"line":150,"column":8},"end":{"line":155,"column":9}},"type":"if","locations":[{"start":{"line":150,"column":8},"end":{"line":155,"column":9}},{"start":{"line":153,"column":13},"end":{"line":155,"column":9}}],"line":150},"43":{"loc":{"start":{"line":151,"column":77},"end":{"line":151,"column":143}},"type":"cond-expr","locations":[{"start":{"line":151,"column":127},"end":{"line":151,"column":133}},{"start":{"line":151,"column":136},"end":{"line":151,"column":143}}],"line":151},"44":{"loc":{"start":{"line":151,"column":77},"end":{"line":151,"column":124}},"type":"binary-expr","locations":[{"start":{"line":151,"column":77},"end":{"line":151,"column":107}},{"start":{"line":151,"column":111},"end":{"line":151,"column":124}}],"line":151},"45":{"loc":{"start":{"line":165,"column":8},"end":{"line":170,"column":9}},"type":"if","locations":[{"start":{"line":165,"column":8},"end":{"line":170,"column":9}},{"start":{"line":168,"column":13},"end":{"line":170,"column":9}}],"line":165},"46":{"loc":{"start":{"line":179,"column":8},"end":{"line":184,"column":9}},"type":"if","locations":[{"start":{"line":179,"column":8},"end":{"line":184,"column":9}},{"start":{"line":182,"column":13},"end":{"line":184,"column":9}}],"line":179},"47":{"loc":{"start":{"line":209,"column":0},"end":{"line":224,"column":1}},"type":"if","locations":[{"start":{"line":209,"column":0},"end":{"line":224,"column":1}},{"start":{},"end":{}}],"line":209}},"s":{"0":1,"1":36,"2":36,"3":36,"4":36,"5":36,"6":0,"7":36,"8":0,"9":0,"10":0,"11":1,"12":1,"13":0,"14":1,"15":1,"16":1,"17":0,"18":0,"19":0,"20":0,"21":0,"22":1,"23":1,"24":1,"25":0,"26":1,"27":1,"28":1,"29":1,"30":1,"31":37,"32":36,"33":1,"34":1,"35":1,"36":7,"37":1,"38":1,"39":1,"40":1,"41":1,"42":1,"43":1,"44":1,"45":1,"46":1,"47":1,"48":1,"49":1,"50":1,"51":1,"52":1,"53":1,"54":1,"55":1,"56":1,"57":1,"58":1,"59":1,"60":1,"61":1,"62":1,"63":1,"64":0,"65":1,"66":1,"67":1,"68":1,"69":1,"70":0,"71":1,"72":0,"73":0,"74":0,"75":0,"76":1,"77":1,"78":1,"79":0,"80":0,"81":0,"82":0,"83":1,"84":1,"85":0,"86":1,"87":0,"88":1,"89":0,"90":1,"91":0,"92":0,"93":0,"94":0,"95":0,"96":0,"97":1,"98":0,"99":1,"100":1,"101":1,"102":0,"103":0,"104":1,"105":1,"106":1,"107":1,"108":1,"109":0,"110":1,"111":1,"112":0,"113":0,"114":0,"115":0,"116":1,"117":1,"118":1,"119":1,"120":0,"121":0,"122":0,"123":1,"124":0,"125":0,"126":0,"127":0,"128":0,"129":0,"130":1,"131":0,"132":0,"133":0,"134":0,"135":0,"136":0,"137":1,"138":1,"139":1,"140":1,"141":1,"142":2,"143":1,"144":0,"145":0,"146":1,"147":0,"148":0,"149":0,"150":0,"151":0,"152":0,"153":0,"154":0,"155":0},"f":{"0":36,"1":0,"2":0,"3":1,"4":0,"5":1,"6":1,"7":0,"8":1,"9":7,"10":1,"11":1,"12":1,"13":0,"14":0,"15":2,"16":0,"17":0,"18":0},"b":{"0":[1,1,1],"1":[1,0],"2":[36,0],"3":[36,0],"4":[36,36],"5":[0,36],"6":[36,2],"7":[0,0],"8":[1,1,1],"9":[1,0],"10":[1,1,1],"11":[1,0],"12":[0,0],"13":[0,1],"14":[1,1],"15":[1,0],"16":[36,1],"17":[1,1,1],"18":[4,3],"19":[7,7],"20":[1,1],"21":[0,1],"22":[1,1,1],"23":[0,1],"24":[1,1],"25":[0,0],"26":[0,0],"27":[0,0],"28":[0,0],"29":[0,0],"30":[0,0],"31":[1,0],"32":[0,1],"33":[0,1],"34":[0,1],"35":[0,1],"36":[0,0],"37":[0,0],"38":[0,0],"39":[1,0],"40":[0,1],"41":[1,1],"42":[0,0],"43":[0,0],"44":[0,0],"45":[0,0],"46":[0,0],"47":[0,1]},"_coverageSchema":"1a1c01bbd47fc00a2c39e90264f33305004495a9","hash":"41e6dc08747e2bd2c75ffb394e0a17fbae899d91","contentHash":"0ab2a19ea74652bf1c6b102561d093ac50752cba654b875887121cb631e61949"},"D:\\PFE\\Backend_Auth\\test-dist\\src\\config\\db.js":{"path":"D:\\PFE\\Backend_Auth\\test-dist\\src\\config\\db.js","statementMap":{"0":{"start":{"line":2,"column":22},"end":{"line":4,"column":1}},"1":{"start":{"line":3,"column":4},"end":{"line":3,"column":62}},"2":{"start":{"line":5,"column":0},"end":{"line":5,"column":62}},"3":{"start":{"line":6,"column":0},"end":{"line":6,"column":27}},"4":{"start":{"line":7,"column":20},"end":{"line":7,"column":40}},"5":{"start":{"line":8,"column":17},"end":{"line":8,"column":51}},"6":{"start":{"line":9,"column":0},"end":{"line":9,"column":26}},"7":{"start":{"line":10,"column":18},"end":{"line":18,"column":2}},"8":{"start":{"line":19,"column":18},"end":{"line":29,"column":1}},"9":{"start":{"line":20,"column":4},"end":{"line":28,"column":5}},"10":{"start":{"line":21,"column":8},"end":{"line":21,"column":39}},"11":{"start":{"line":22,"column":8},"end":{"line":22,"column":54}},"12":{"start":{"line":23,"column":8},"end":{"line":23,"column":46}},"13":{"start":{"line":26,"column":8},"end":{"line":26,"column":66}},"14":{"start":{"line":27,"column":8},"end":{"line":27,"column":24}},"15":{"start":{"line":30,"column":0},"end":{"line":30,"column":30}},"16":{"start":{"line":32,"column":0},"end":{"line":32,"column":28}}},"fnMap":{"0":{"name":"(anonymous_0)","decl":{"start":{"line":2,"column":56},"end":{"line":2,"column":57}},"loc":{"start":{"line":2,"column":71},"end":{"line":4,"column":1}},"line":2},"1":{"name":"(anonymous_1)","decl":{"start":{"line":19,"column":18},"end":{"line":19,"column":19}},"loc":{"start":{"line":19,"column":30},"end":{"line":29,"column":1}},"line":19}},"branchMap":{"0":{"loc":{"start":{"line":2,"column":22},"end":{"line":4,"column":1}},"type":"binary-expr","locations":[{"start":{"line":2,"column":23},"end":{"line":2,"column":27}},{"start":{"line":2,"column":31},"end":{"line":2,"column":51}},{"start":{"line":2,"column":56},"end":{"line":4,"column":1}}],"line":2},"1":{"loc":{"start":{"line":3,"column":11},"end":{"line":3,"column":61}},"type":"cond-expr","locations":[{"start":{"line":3,"column":37},"end":{"line":3,"column":40}},{"start":{"line":3,"column":43},"end":{"line":3,"column":61}}],"line":3},"2":{"loc":{"start":{"line":3,"column":12},"end":{"line":3,"column":33}},"type":"binary-expr","locations":[{"start":{"line":3,"column":12},"end":{"line":3,"column":15}},{"start":{"line":3,"column":19},"end":{"line":3,"column":33}}],"line":3},"3":{"loc":{"start":{"line":11,"column":14},"end":{"line":11,"column":50}},"type":"binary-expr","locations":[{"start":{"line":11,"column":14},"end":{"line":11,"column":35}},{"start":{"line":11,"column":39},"end":{"line":11,"column":50}}],"line":11},"4":{"loc":{"start":{"line":12,"column":14},"end":{"line":12,"column":44}},"type":"binary-expr","locations":[{"start":{"line":12,"column":14},"end":{"line":12,"column":33}},{"start":{"line":12,"column":37},"end":{"line":12,"column":44}}],"line":12},"5":{"loc":{"start":{"line":13,"column":14},"end":{"line":13,"column":51}},"type":"binary-expr","locations":[{"start":{"line":13,"column":14},"end":{"line":13,"column":37}},{"start":{"line":13,"column":41},"end":{"line":13,"column":51}}],"line":13},"6":{"loc":{"start":{"line":14,"column":10},"end":{"line":14,"column":44}},"type":"binary-expr","locations":[{"start":{"line":14,"column":10},"end":{"line":14,"column":29}},{"start":{"line":14,"column":33},"end":{"line":14,"column":44}}],"line":14},"7":{"loc":{"start":{"line":15,"column":19},"end":{"line":15,"column":48}},"type":"binary-expr","locations":[{"start":{"line":15,"column":19},"end":{"line":15,"column":38}},{"start":{"line":15,"column":42},"end":{"line":15,"column":48}}],"line":15}},"s":{"0":1,"1":1,"2":1,"3":1,"4":1,"5":1,"6":1,"7":1,"8":1,"9":0,"10":0,"11":0,"12":0,"13":0,"14":0,"15":1,"16":1},"f":{"0":1,"1":0},"b":{"0":[1,1,1],"1":[0,1],"2":[1,1],"3":[1,0],"4":[1,0],"5":[1,0],"6":[1,0],"7":[1,0]},"_coverageSchema":"1a1c01bbd47fc00a2c39e90264f33305004495a9","hash":"43d8bbb888fb6c137e86abba675248d9af79336b","contentHash":"e68e2aa3f772e022ce1bd08c0da5392d6962c66803687efa5376ed5b95bd5c9a"},"D:\\PFE\\Backend_Auth\\test-dist\\src\\routes\\batteryRoutes.js":{"path":"D:\\PFE\\Backend_Auth\\test-dist\\src\\routes\\batteryRoutes.js","statementMap":{"0":{"start":{"line":2,"column":0},"end":{"line":2,"column":62}},"1":{"start":{"line":3,"column":18},"end":{"line":3,"column":36}},"2":{"start":{"line":4,"column":28},"end":{"line":4,"column":71}},"3":{"start":{"line":5,"column":15},"end":{"line":5,"column":38}},"4":{"start":{"line":6,"column":0},"end":{"line":6,"column":53}},"5":{"start":{"line":7,"column":0},"end":{"line":7,"column":55}},"6":{"start":{"line":8,"column":0},"end":{"line":8,"column":52}},"7":{"start":{"line":9,"column":0},"end":{"line":9,"column":54}},"8":{"start":{"line":10,"column":0},"end":{"line":10,"column":57}},"9":{"start":{"line":11,"column":0},"end":{"line":11,"column":25}}},"fnMap":{},"branchMap":{},"s":{"0":1,"1":1,"2":1,"3":1,"4":1,"5":1,"6":1,"7":1,"8":1,"9":1},"f":{},"b":{},"_coverageSchema":"1a1c01bbd47fc00a2c39e90264f33305004495a9","hash":"fe04ba2eb0f6ae2a5f2d58e579347b538ee7c2aa","contentHash":"0ca72b3960a074dbc869c16aa54a46b48a0ab4afca1be00e00ce20f36d8b107c"},"D:\\PFE\\Backend_Auth\\test-dist\\src\\controllers\\batteryController.js":{"path":"D:\\PFE\\Backend_Auth\\test-dist\\src\\controllers\\batteryController.js","statementMap":{"0":{"start":{"line":2,"column":22},"end":{"line":12,"column":3}},"1":{"start":{"line":3,"column":4},"end":{"line":3,"column":33}},"2":{"start":{"line":3,"column":26},"end":{"line":3,"column":33}},"3":{"start":{"line":4,"column":15},"end":{"line":4,"column":52}},"4":{"start":{"line":5,"column":4},"end":{"line":7,"column":5}},"5":{"start":{"line":6,"column":6},"end":{"line":6,"column":68}},"6":{"start":{"line":6,"column":51},"end":{"line":6,"column":63}},"7":{"start":{"line":8,"column":4},"end":{"line":8,"column":39}},"8":{"start":{"line":10,"column":4},"end":{"line":10,"column":33}},"9":{"start":{"line":10,"column":26},"end":{"line":10,"column":33}},"10":{"start":{"line":11,"column":4},"end":{"line":11,"column":17}},"11":{"start":{"line":13,"column":25},"end":{"line":17,"column":2}},"12":{"start":{"line":14,"column":4},"end":{"line":14,"column":72}},"13":{"start":{"line":16,"column":4},"end":{"line":16,"column":21}},"14":{"start":{"line":18,"column":19},"end":{"line":34,"column":4}},"15":{"start":{"line":19,"column":18},"end":{"line":26,"column":5}},"16":{"start":{"line":20,"column":8},"end":{"line":24,"column":10}},"17":{"start":{"line":21,"column":21},"end":{"line":21,"column":23}},"18":{"start":{"line":22,"column":12},"end":{"line":22,"column":95}},"19":{"start":{"line":22,"column":29},"end":{"line":22,"column":95}},"20":{"start":{"line":22,"column":77},"end":{"line":22,"column":95}},"21":{"start":{"line":23,"column":12},"end":{"line":23,"column":22}},"22":{"start":{"line":25,"column":8},"end":{"line":25,"column":26}},"23":{"start":{"line":27,"column":4},"end":{"line":33,"column":6}},"24":{"start":{"line":28,"column":8},"end":{"line":28,"column":46}},"25":{"start":{"line":28,"column":35},"end":{"line":28,"column":46}},"26":{"start":{"line":29,"column":21},"end":{"line":29,"column":23}},"27":{"start":{"line":30,"column":8},"end":{"line":30,"column":137}},"28":{"start":{"line":30,"column":25},"end":{"line":30,"column":137}},"29":{"start":{"line":30,"column":38},"end":{"line":30,"column":50}},"30":{"start":{"line":30,"column":56},"end":{"line":30,"column":57}},"31":{"start":{"line":30,"column":78},"end":{"line":30,"column":137}},"32":{"start":{"line":30,"column":102},"end":{"line":30,"column":137}},"33":{"start":{"line":31,"column":8},"end":{"line":31,"column":40}},"34":{"start":{"line":32,"column":8},"end":{"line":32,"column":22}},"35":{"start":{"line":35,"column":0},"end":{"line":35,"column":62}},"36":{"start":{"line":36,"column":0},"end":{"line":36,"column":130}},"37":{"start":{"line":37,"column":23},"end":{"line":37,"column":74}},"38":{"start":{"line":38,"column":24},"end":{"line":46,"column":1}},"39":{"start":{"line":39,"column":4},"end":{"line":45,"column":5}},"40":{"start":{"line":40,"column":26},"end":{"line":40,"column":64}},"41":{"start":{"line":41,"column":8},"end":{"line":41,"column":28}},"42":{"start":{"line":44,"column":8},"end":{"line":44,"column":88}},"43":{"start":{"line":47,"column":0},"end":{"line":47,"column":42}},"44":{"start":{"line":48,"column":23},"end":{"line":59,"column":1}},"45":{"start":{"line":49,"column":4},"end":{"line":58,"column":5}},"46":{"start":{"line":50,"column":24},"end":{"line":50,"column":82}},"47":{"start":{"line":51,"column":8},"end":{"line":53,"column":9}},"48":{"start":{"line":52,"column":12},"end":{"line":52,"column":75}},"49":{"start":{"line":54,"column":8},"end":{"line":54,"column":26}},"50":{"start":{"line":57,"column":8},"end":{"line":57,"column":89}},"51":{"start":{"line":60,"column":0},"end":{"line":60,"column":40}},"52":{"start":{"line":61,"column":22},"end":{"line":69,"column":1}},"53":{"start":{"line":62,"column":4},"end":{"line":68,"column":5}},"54":{"start":{"line":63,"column":24},"end":{"line":63,"column":68}},"55":{"start":{"line":64,"column":8},"end":{"line":64,"column":38}},"56":{"start":{"line":67,"column":8},"end":{"line":67,"column":85}},"57":{"start":{"line":70,"column":0},"end":{"line":70,"column":38}},"58":{"start":{"line":71,"column":22},"end":{"line":82,"column":1}},"59":{"start":{"line":72,"column":4},"end":{"line":81,"column":5}},"60":{"start":{"line":73,"column":24},"end":{"line":73,"column":91}},"61":{"start":{"line":74,"column":8},"end":{"line":76,"column":9}},"62":{"start":{"line":75,"column":12},"end":{"line":75,"column":75}},"63":{"start":{"line":77,"column":8},"end":{"line":77,"column":26}},"64":{"start":{"line":80,"column":8},"end":{"line":80,"column":88}},"65":{"start":{"line":83,"column":0},"end":{"line":83,"column":38}},"66":{"start":{"line":84,"column":22},"end":{"line":95,"column":1}},"67":{"start":{"line":85,"column":4},"end":{"line":94,"column":5}},"68":{"start":{"line":86,"column":24},"end":{"line":86,"column":81}},"69":{"start":{"line":87,"column":8},"end":{"line":89,"column":9}},"70":{"start":{"line":88,"column":12},"end":{"line":88,"column":75}},"71":{"start":{"line":90,"column":8},"end":{"line":90,"column":31}},"72":{"start":{"line":93,"column":8},"end":{"line":93,"column":88}},"73":{"start":{"line":96,"column":0},"end":{"line":96,"column":38}}},"fnMap":{"0":{"name":"(anonymous_0)","decl":{"start":{"line":2,"column":74},"end":{"line":2,"column":75}},"loc":{"start":{"line":2,"column":96},"end":{"line":9,"column":1}},"line":2},"1":{"name":"(anonymous_1)","decl":{"start":{"line":6,"column":38},"end":{"line":6,"column":39}},"loc":{"start":{"line":6,"column":49},"end":{"line":6,"column":65}},"line":6},"2":{"name":"(anonymous_2)","decl":{"start":{"line":9,"column":6},"end":{"line":9,"column":7}},"loc":{"start":{"line":9,"column":28},"end":{"line":12,"column":1}},"line":9},"3":{"name":"(anonymous_3)","decl":{"start":{"line":13,"column":80},"end":{"line":13,"column":81}},"loc":{"start":{"line":13,"column":95},"end":{"line":15,"column":1}},"line":13},"4":{"name":"(anonymous_4)","decl":{"start":{"line":15,"column":5},"end":{"line":15,"column":6}},"loc":{"start":{"line":15,"column":20},"end":{"line":17,"column":1}},"line":15},"5":{"name":"(anonymous_5)","decl":{"start":{"line":18,"column":51},"end":{"line":18,"column":52}},"loc":{"start":{"line":18,"column":63},"end":{"line":34,"column":1}},"line":18},"6":{"name":"(anonymous_6)","decl":{"start":{"line":19,"column":18},"end":{"line":19,"column":19}},"loc":{"start":{"line":19,"column":30},"end":{"line":26,"column":5}},"line":19},"7":{"name":"(anonymous_7)","decl":{"start":{"line":20,"column":48},"end":{"line":20,"column":49}},"loc":{"start":{"line":20,"column":61},"end":{"line":24,"column":9}},"line":20},"8":{"name":"(anonymous_8)","decl":{"start":{"line":27,"column":11},"end":{"line":27,"column":12}},"loc":{"start":{"line":27,"column":26},"end":{"line":33,"column":5}},"line":27},"9":{"name":"(anonymous_9)","decl":{"start":{"line":38,"column":24},"end":{"line":38,"column":25}},"loc":{"start":{"line":38,"column":44},"end":{"line":46,"column":1}},"line":38},"10":{"name":"(anonymous_10)","decl":{"start":{"line":48,"column":23},"end":{"line":48,"column":24}},"loc":{"start":{"line":48,"column":43},"end":{"line":59,"column":1}},"line":48},"11":{"name":"(anonymous_11)","decl":{"start":{"line":61,"column":22},"end":{"line":61,"column":23}},"loc":{"start":{"line":61,"column":42},"end":{"line":69,"column":1}},"line":61},"12":{"name":"(anonymous_12)","decl":{"start":{"line":71,"column":22},"end":{"line":71,"column":23}},"loc":{"start":{"line":71,"column":42},"end":{"line":82,"column":1}},"line":71},"13":{"name":"(anonymous_13)","decl":{"start":{"line":84,"column":22},"end":{"line":84,"column":23}},"loc":{"start":{"line":84,"column":42},"end":{"line":95,"column":1}},"line":84}},"branchMap":{"0":{"loc":{"start":{"line":2,"column":22},"end":{"line":12,"column":3}},"type":"binary-expr","locations":[{"start":{"line":2,"column":23},"end":{"line":2,"column":27}},{"start":{"line":2,"column":31},"end":{"line":2,"column":51}},{"start":{"line":2,"column":57},"end":{"line":12,"column":2}}],"line":2},"1":{"loc":{"start":{"line":2,"column":57},"end":{"line":12,"column":2}},"type":"cond-expr","locations":[{"start":{"line":2,"column":74},"end":{"line":9,"column":1}},{"start":{"line":9,"column":6},"end":{"line":12,"column":1}}],"line":2},"2":{"loc":{"start":{"line":3,"column":4},"end":{"line":3,"column":33}},"type":"if","locations":[{"start":{"line":3,"column":4},"end":{"line":3,"column":33}},{"start":{},"end":{}}],"line":3},"3":{"loc":{"start":{"line":5,"column":4},"end":{"line":7,"column":5}},"type":"if","locations":[{"start":{"line":5,"column":4},"end":{"line":7,"column":5}},{"start":{},"end":{}}],"line":5},"4":{"loc":{"start":{"line":5,"column":8},"end":{"line":5,"column":85}},"type":"binary-expr","locations":[{"start":{"line":5,"column":8},"end":{"line":5,"column":13}},{"start":{"line":5,"column":18},"end":{"line":5,"column":84}}],"line":5},"5":{"loc":{"start":{"line":5,"column":18},"end":{"line":5,"column":84}},"type":"cond-expr","locations":[{"start":{"line":5,"column":34},"end":{"line":5,"column":47}},{"start":{"line":5,"column":50},"end":{"line":5,"column":84}}],"line":5},"6":{"loc":{"start":{"line":5,"column":50},"end":{"line":5,"column":84}},"type":"binary-expr","locations":[{"start":{"line":5,"column":50},"end":{"line":5,"column":63}},{"start":{"line":5,"column":67},"end":{"line":5,"column":84}}],"line":5},"7":{"loc":{"start":{"line":10,"column":4},"end":{"line":10,"column":33}},"type":"if","locations":[{"start":{"line":10,"column":4},"end":{"line":10,"column":33}},{"start":{},"end":{}}],"line":10},"8":{"loc":{"start":{"line":13,"column":25},"end":{"line":17,"column":2}},"type":"binary-expr","locations":[{"start":{"line":13,"column":26},"end":{"line":13,"column":30}},{"start":{"line":13,"column":34},"end":{"line":13,"column":57}},{"start":{"line":13,"column":63},"end":{"line":17,"column":1}}],"line":13},"9":{"loc":{"start":{"line":13,"column":63},"end":{"line":17,"column":1}},"type":"cond-expr","locations":[{"start":{"line":13,"column":80},"end":{"line":15,"column":1}},{"start":{"line":15,"column":5},"end":{"line":17,"column":1}}],"line":13},"10":{"loc":{"start":{"line":18,"column":19},"end":{"line":34,"column":4}},"type":"binary-expr","locations":[{"start":{"line":18,"column":20},"end":{"line":18,"column":24}},{"start":{"line":18,"column":28},"end":{"line":18,"column":45}},{"start":{"line":18,"column":50},"end":{"line":34,"column":4}}],"line":18},"11":{"loc":{"start":{"line":20,"column":18},"end":{"line":24,"column":9}},"type":"binary-expr","locations":[{"start":{"line":20,"column":18},"end":{"line":20,"column":44}},{"start":{"line":20,"column":48},"end":{"line":24,"column":9}}],"line":20},"12":{"loc":{"start":{"line":22,"column":29},"end":{"line":22,"column":95}},"type":"if","locations":[{"start":{"line":22,"column":29},"end":{"line":22,"column":95}},{"start":{},"end":{}}],"line":22},"13":{"loc":{"start":{"line":28,"column":8},"end":{"line":28,"column":46}},"type":"if","locations":[{"start":{"line":28,"column":8},"end":{"line":28,"column":46}},{"start":{},"end":{}}],"line":28},"14":{"loc":{"start":{"line":28,"column":12},"end":{"line":28,"column":33}},"type":"binary-expr","locations":[{"start":{"line":28,"column":12},"end":{"line":28,"column":15}},{"start":{"line":28,"column":19},"end":{"line":28,"column":33}}],"line":28},"15":{"loc":{"start":{"line":30,"column":8},"end":{"line":30,"column":137}},"type":"if","locations":[{"start":{"line":30,"column":8},"end":{"line":30,"column":137}},{"start":{},"end":{}}],"line":30},"16":{"loc":{"start":{"line":30,"column":78},"end":{"line":30,"column":137}},"type":"if","locations":[{"start":{"line":30,"column":78},"end":{"line":30,"column":137}},{"start":{},"end":{}}],"line":30},"17":{"loc":{"start":{"line":51,"column":8},"end":{"line":53,"column":9}},"type":"if","locations":[{"start":{"line":51,"column":8},"end":{"line":53,"column":9}},{"start":{},"end":{}}],"line":51},"18":{"loc":{"start":{"line":74,"column":8},"end":{"line":76,"column":9}},"type":"if","locations":[{"start":{"line":74,"column":8},"end":{"line":76,"column":9}},{"start":{},"end":{}}],"line":74},"19":{"loc":{"start":{"line":87,"column":8},"end":{"line":89,"column":9}},"type":"if","locations":[{"start":{"line":87,"column":8},"end":{"line":89,"column":9}},{"start":{},"end":{}}],"line":87}},"s":{"0":1,"1":0,"2":0,"3":0,"4":0,"5":0,"6":0,"7":0,"8":0,"9":0,"10":0,"11":1,"12":0,"13":0,"14":1,"15":1,"16":0,"17":0,"18":0,"19":0,"20":0,"21":0,"22":0,"23":1,"24":1,"25":1,"26":0,"27":0,"28":0,"29":0,"30":0,"31":0,"32":0,"33":0,"34":0,"35":1,"36":1,"37":1,"38":1,"39":0,"40":0,"41":0,"42":0,"43":1,"44":1,"45":0,"46":0,"47":0,"48":0,"49":0,"50":0,"51":1,"52":1,"53":0,"54":0,"55":0,"56":0,"57":1,"58":1,"59":0,"60":0,"61":0,"62":0,"63":0,"64":0,"65":1,"66":1,"67":0,"68":0,"69":0,"70":0,"71":0,"72":0,"73":1},"f":{"0":0,"1":0,"2":0,"3":0,"4":0,"5":1,"6":0,"7":0,"8":1,"9":0,"10":0,"11":0,"12":0,"13":0},"b":{"0":[1,1,1],"1":[1,0],"2":[0,0],"3":[0,0],"4":[0,0],"5":[0,0],"6":[0,0],"7":[0,0],"8":[1,1,1],"9":[1,0],"10":[1,1,1],"11":[0,0],"12":[0,0],"13":[1,0],"14":[1,1],"15":[0,0],"16":[0,0],"17":[0,0],"18":[0,0],"19":[0,0]},"_coverageSchema":"1a1c01bbd47fc00a2c39e90264f33305004495a9","hash":"0327c532805831863371600f6fd5f94923ef12cf","contentHash":"c3bdf5fb7e33d800e6af2c729597597d959295e22cfe51d77445f17a84631ed4"},"D:\\PFE\\Backend_Auth\\test-dist\\src\\services\\batteryService.js":{"path":"D:\\PFE\\Backend_Auth\\test-dist\\src\\services\\batteryService.js","statementMap":{"0":{"start":{"line":2,"column":22},"end":{"line":4,"column":1}},"1":{"start":{"line":3,"column":4},"end":{"line":3,"column":62}},"2":{"start":{"line":5,"column":0},"end":{"line":5,"column":62}},"3":{"start":{"line":6,"column":0},"end":{"line":6,"column":130}},"4":{"start":{"line":7,"column":18},"end":{"line":7,"column":63}},"5":{"start":{"line":8,"column":24},"end":{"line":10,"column":1}},"6":{"start":{"line":9,"column":4},"end":{"line":9,"column":45}},"7":{"start":{"line":11,"column":0},"end":{"line":11,"column":42}},"8":{"start":{"line":12,"column":23},"end":{"line":14,"column":1}},"9":{"start":{"line":13,"column":4},"end":{"line":13,"column":48}},"10":{"start":{"line":15,"column":0},"end":{"line":15,"column":40}},"11":{"start":{"line":16,"column":22},"end":{"line":18,"column":1}},"12":{"start":{"line":17,"column":4},"end":{"line":17,"column":48}},"13":{"start":{"line":19,"column":0},"end":{"line":19,"column":38}},"14":{"start":{"line":20,"column":22},"end":{"line":27,"column":1}},"15":{"start":{"line":21,"column":20},"end":{"line":21,"column":56}},"16":{"start":{"line":22,"column":4},"end":{"line":24,"column":5}},"17":{"start":{"line":23,"column":8},"end":{"line":23,"column":20}},"18":{"start":{"line":25,"column":4},"end":{"line":25,"column":31}},"19":{"start":{"line":26,"column":4},"end":{"line":26,"column":19}},"20":{"start":{"line":28,"column":0},"end":{"line":28,"column":38}},"21":{"start":{"line":29,"column":22},"end":{"line":36,"column":1}},"22":{"start":{"line":30,"column":20},"end":{"line":30,"column":56}},"23":{"start":{"line":31,"column":4},"end":{"line":33,"column":5}},"24":{"start":{"line":32,"column":8},"end":{"line":32,"column":21}},"25":{"start":{"line":34,"column":4},"end":{"line":34,"column":28}},"26":{"start":{"line":35,"column":4},"end":{"line":35,"column":16}},"27":{"start":{"line":37,"column":0},"end":{"line":37,"column":38}}},"fnMap":{"0":{"name":"(anonymous_0)","decl":{"start":{"line":2,"column":56},"end":{"line":2,"column":57}},"loc":{"start":{"line":2,"column":71},"end":{"line":4,"column":1}},"line":2},"1":{"name":"(anonymous_1)","decl":{"start":{"line":8,"column":24},"end":{"line":8,"column":25}},"loc":{"start":{"line":8,"column":36},"end":{"line":10,"column":1}},"line":8},"2":{"name":"(anonymous_2)","decl":{"start":{"line":12,"column":23},"end":{"line":12,"column":24}},"loc":{"start":{"line":12,"column":37},"end":{"line":14,"column":1}},"line":12},"3":{"name":"(anonymous_3)","decl":{"start":{"line":16,"column":22},"end":{"line":16,"column":23}},"loc":{"start":{"line":16,"column":38},"end":{"line":18,"column":1}},"line":16},"4":{"name":"(anonymous_4)","decl":{"start":{"line":20,"column":22},"end":{"line":20,"column":23}},"loc":{"start":{"line":20,"column":42},"end":{"line":27,"column":1}},"line":20},"5":{"name":"(anonymous_5)","decl":{"start":{"line":29,"column":22},"end":{"line":29,"column":23}},"loc":{"start":{"line":29,"column":36},"end":{"line":36,"column":1}},"line":29}},"branchMap":{"0":{"loc":{"start":{"line":2,"column":22},"end":{"line":4,"column":1}},"type":"binary-expr","locations":[{"start":{"line":2,"column":23},"end":{"line":2,"column":27}},{"start":{"line":2,"column":31},"end":{"line":2,"column":51}},{"start":{"line":2,"column":56},"end":{"line":4,"column":1}}],"line":2},"1":{"loc":{"start":{"line":3,"column":11},"end":{"line":3,"column":61}},"type":"cond-expr","locations":[{"start":{"line":3,"column":37},"end":{"line":3,"column":40}},{"start":{"line":3,"column":43},"end":{"line":3,"column":61}}],"line":3},"2":{"loc":{"start":{"line":3,"column":12},"end":{"line":3,"column":33}},"type":"binary-expr","locations":[{"start":{"line":3,"column":12},"end":{"line":3,"column":15}},{"start":{"line":3,"column":19},"end":{"line":3,"column":33}}],"line":3},"3":{"loc":{"start":{"line":22,"column":4},"end":{"line":24,"column":5}},"type":"if","locations":[{"start":{"line":22,"column":4},"end":{"line":24,"column":5}},{"start":{},"end":{}}],"line":22},"4":{"loc":{"start":{"line":31,"column":4},"end":{"line":33,"column":5}},"type":"if","locations":[{"start":{"line":31,"column":4},"end":{"line":33,"column":5}},{"start":{},"end":{}}],"line":31}},"s":{"0":1,"1":1,"2":1,"3":1,"4":1,"5":1,"6":0,"7":1,"8":1,"9":0,"10":1,"11":1,"12":0,"13":1,"14":1,"15":0,"16":0,"17":0,"18":0,"19":0,"20":1,"21":1,"22":0,"23":0,"24":0,"25":0,"26":0,"27":1},"f":{"0":1,"1":0,"2":0,"3":0,"4":0,"5":0},"b":{"0":[1,1,1],"1":[1,0],"2":[1,1],"3":[0,0],"4":[0,0]},"_coverageSchema":"1a1c01bbd47fc00a2c39e90264f33305004495a9","hash":"ff86816f28711f61f942cc560f759dce06cc5648","contentHash":"3f2a6433150f0e4aa8083dc465b61d6b95f6203584aa23652476172c0bc86188"},"D:\\PFE\\Backend_Auth\\test-dist\\src\\models\\Battery.js":{"path":"D:\\PFE\\Backend_Auth\\test-dist\\src\\models\\Battery.js","statementMap":{"0":{"start":{"line":2,"column":22},"end":{"line":4,"column":1}},"1":{"start":{"line":3,"column":4},"end":{"line":3,"column":62}},"2":{"start":{"line":5,"column":0},"end":{"line":5,"column":62}},"3":{"start":{"line":6,"column":20},"end":{"line":6,"column":40}},"4":{"start":{"line":7,"column":13},"end":{"line":7,"column":53}},"5":{"start":{"line":10,"column":0},"end":{"line":58,"column":3}},"6":{"start":{"line":59,"column":0},"end":{"line":59,"column":26}}},"fnMap":{"0":{"name":"(anonymous_0)","decl":{"start":{"line":2,"column":56},"end":{"line":2,"column":57}},"loc":{"start":{"line":2,"column":71},"end":{"line":4,"column":1}},"line":2}},"branchMap":{"0":{"loc":{"start":{"line":2,"column":22},"end":{"line":4,"column":1}},"type":"binary-expr","locations":[{"start":{"line":2,"column":23},"end":{"line":2,"column":27}},{"start":{"line":2,"column":31},"end":{"line":2,"column":51}},{"start":{"line":2,"column":56},"end":{"line":4,"column":1}}],"line":2},"1":{"loc":{"start":{"line":3,"column":11},"end":{"line":3,"column":61}},"type":"cond-expr","locations":[{"start":{"line":3,"column":37},"end":{"line":3,"column":40}},{"start":{"line":3,"column":43},"end":{"line":3,"column":61}}],"line":3},"2":{"loc":{"start":{"line":3,"column":12},"end":{"line":3,"column":33}},"type":"binary-expr","locations":[{"start":{"line":3,"column":12},"end":{"line":3,"column":15}},{"start":{"line":3,"column":19},"end":{"line":3,"column":33}}],"line":3}},"s":{"0":1,"1":1,"2":1,"3":1,"4":1,"5":1,"6":1},"f":{"0":1},"b":{"0":[1,1,1],"1":[1,0],"2":[1,1]},"_coverageSchema":"1a1c01bbd47fc00a2c39e90264f33305004495a9","hash":"5d5f7966f79852aae32f4f724c0eeb2bee8695b0","contentHash":"60b01b173433f868503eef514bca97b167ba6d07bbe04618bf4b365518e62289"},"D:\\PFE\\Backend_Auth\\test-dist\\src\\routes\\predictions.js":{"path":"D:\\PFE\\Backend_Auth\\test-dist\\src\\routes\\predictions.js","statementMap":{"0":{"start":{"line":2,"column":0},"end":{"line":2,"column":62}},"1":{"start":{"line":3,"column":18},"end":{"line":3,"column":36}},"2":{"start":{"line":4,"column":22},"end":{"line":4,"column":54}},"3":{"start":{"line":5,"column":15},"end":{"line":5,"column":38}},"4":{"start":{"line":7,"column":0},"end":{"line":15,"column":3}},"5":{"start":{"line":8,"column":4},"end":{"line":14,"column":5}},"6":{"start":{"line":9,"column":28},"end":{"line":9,"column":69}},"7":{"start":{"line":10,"column":8},"end":{"line":10,"column":30}},"8":{"start":{"line":13,"column":8},"end":{"line":13,"column":71}},"9":{"start":{"line":16,"column":0},"end":{"line":16,"column":25}}},"fnMap":{"0":{"name":"(anonymous_0)","decl":{"start":{"line":7,"column":16},"end":{"line":7,"column":17}},"loc":{"start":{"line":7,"column":36},"end":{"line":15,"column":1}},"line":7}},"branchMap":{},"s":{"0":1,"1":1,"2":1,"3":1,"4":1,"5":0,"6":0,"7":0,"8":0,"9":1},"f":{"0":0},"b":{},"_coverageSchema":"1a1c01bbd47fc00a2c39e90264f33305004495a9","hash":"834d7a8b6acafafaec53d838e9fdf91f3df9a33a","contentHash":"d99ac62d875e4e8ed59fbbd0f915e0871369ea7c3354fbcb665a921a0759e15c"},"D:\\PFE\\Backend_Auth\\test-dist\\src\\models\\predictions.js":{"path":"D:\\PFE\\Backend_Auth\\test-dist\\src\\models\\predictions.js","statementMap":{"0":{"start":{"line":2,"column":22},"end":{"line":4,"column":1}},"1":{"start":{"line":3,"column":4},"end":{"line":3,"column":62}},"2":{"start":{"line":5,"column":0},"end":{"line":5,"column":62}},"3":{"start":{"line":6,"column":0},"end":{"line":6,"column":60}},"4":{"start":{"line":7,"column":20},"end":{"line":7,"column":40}},"5":{"start":{"line":8,"column":13},"end":{"line":8,"column":53}},"6":{"start":{"line":10,"column":19},"end":{"line":19,"column":56}},"7":{"start":{"line":21,"column":0},"end":{"line":21,"column":71}},"8":{"start":{"line":23,"column":23},"end":{"line":40,"column":1}},"9":{"start":{"line":24,"column":4},"end":{"line":39,"column":5}},"10":{"start":{"line":25,"column":8},"end":{"line":25,"column":74}},"11":{"start":{"line":26,"column":28},"end":{"line":26,"column":82}},"12":{"start":{"line":27,"column":8},"end":{"line":27,"column":68}},"13":{"start":{"line":28,"column":8},"end":{"line":30,"column":9}},"14":{"start":{"line":29,"column":12},"end":{"line":29,"column":94}},"15":{"start":{"line":31,"column":28},"end":{"line":31,"column":54}},"16":{"start":{"line":32,"column":8},"end":{"line":32,"column":72}},"17":{"start":{"line":33,"column":8},"end":{"line":33,"column":81}},"18":{"start":{"line":34,"column":8},"end":{"line":34,"column":27}},"19":{"start":{"line":37,"column":8},"end":{"line":37,"column":80}},"20":{"start":{"line":38,"column":8},"end":{"line":38,"column":54}},"21":{"start":{"line":41,"column":0},"end":{"line":41,"column":40}},"22":{"start":{"line":43,"column":26},"end":{"line":54,"column":1}},"23":{"start":{"line":44,"column":4},"end":{"line":53,"column":5}},"24":{"start":{"line":45,"column":8},"end":{"line":45,"column":72}},"25":{"start":{"line":46,"column":28},"end":{"line":46,"column":127}},"26":{"start":{"line":47,"column":8},"end":{"line":47,"column":88}},"27":{"start":{"line":48,"column":8},"end":{"line":48,"column":27}},"28":{"start":{"line":51,"column":8},"end":{"line":51,"column":65}},"29":{"start":{"line":52,"column":8},"end":{"line":52,"column":20}},"30":{"start":{"line":55,"column":0},"end":{"line":55,"column":46}},"31":{"start":{"line":56,"column":0},"end":{"line":56,"column":29}}},"fnMap":{"0":{"name":"(anonymous_0)","decl":{"start":{"line":2,"column":56},"end":{"line":2,"column":57}},"loc":{"start":{"line":2,"column":71},"end":{"line":4,"column":1}},"line":2},"1":{"name":"(anonymous_1)","decl":{"start":{"line":23,"column":23},"end":{"line":23,"column":24}},"loc":{"start":{"line":23,"column":35},"end":{"line":40,"column":1}},"line":23},"2":{"name":"(anonymous_2)","decl":{"start":{"line":43,"column":26},"end":{"line":43,"column":27}},"loc":{"start":{"line":43,"column":38},"end":{"line":54,"column":1}},"line":43}},"branchMap":{"0":{"loc":{"start":{"line":2,"column":22},"end":{"line":4,"column":1}},"type":"binary-expr","locations":[{"start":{"line":2,"column":23},"end":{"line":2,"column":27}},{"start":{"line":2,"column":31},"end":{"line":2,"column":51}},{"start":{"line":2,"column":56},"end":{"line":4,"column":1}}],"line":2},"1":{"loc":{"start":{"line":3,"column":11},"end":{"line":3,"column":61}},"type":"cond-expr","locations":[{"start":{"line":3,"column":37},"end":{"line":3,"column":40}},{"start":{"line":3,"column":43},"end":{"line":3,"column":61}}],"line":3},"2":{"loc":{"start":{"line":3,"column":12},"end":{"line":3,"column":33}},"type":"binary-expr","locations":[{"start":{"line":3,"column":12},"end":{"line":3,"column":15}},{"start":{"line":3,"column":19},"end":{"line":3,"column":33}}],"line":3},"3":{"loc":{"start":{"line":28,"column":8},"end":{"line":30,"column":9}},"type":"if","locations":[{"start":{"line":28,"column":8},"end":{"line":30,"column":9}},{"start":{},"end":{}}],"line":28}},"s":{"0":1,"1":1,"2":1,"3":1,"4":1,"5":1,"6":1,"7":1,"8":1,"9":0,"10":0,"11":0,"12":0,"13":0,"14":0,"15":0,"16":0,"17":0,"18":0,"19":0,"20":0,"21":1,"22":1,"23":0,"24":0,"25":0,"26":0,"27":0,"28":0,"29":0,"30":1,"31":1},"f":{"0":1,"1":0,"2":0},"b":{"0":[1,1,1],"1":[1,0],"2":[1,1],"3":[0,0]},"_coverageSchema":"1a1c01bbd47fc00a2c39e90264f33305004495a9","hash":"b2dbc2164bce52d102e9a5932b99e2444e43294c","contentHash":"9f09a9d9f9f92d47b4fe8470bf8defc9792036d58d93c9e9f8d413fb28cc8fba"},"D:\\PFE\\Backend_Auth\\test-dist\\src\\routes\\equipment.js":{"path":"D:\\PFE\\Backend_Auth\\test-dist\\src\\routes\\equipment.js","statementMap":{"0":{"start":{"line":2,"column":22},"end":{"line":4,"column":1}},"1":{"start":{"line":3,"column":4},"end":{"line":3,"column":62}},"2":{"start":{"line":5,"column":0},"end":{"line":5,"column":62}},"3":{"start":{"line":6,"column":18},"end":{"line":6,"column":53}},"4":{"start":{"line":7,"column":20},"end":{"line":7,"column":67}},"5":{"start":{"line":8,"column":17},"end":{"line":8,"column":46}},"6":{"start":{"line":9,"column":15},"end":{"line":9,"column":41}},"7":{"start":{"line":12,"column":27},"end":{"line":12,"column":71}},"8":{"start":{"line":13,"column":17},"end":{"line":13,"column":19}},"9":{"start":{"line":14,"column":4},"end":{"line":39,"column":5}},"10":{"start":{"line":14,"column":17},"end":{"line":14,"column":18}},"11":{"start":{"line":15,"column":21},"end":{"line":15,"column":42}},"12":{"start":{"line":16,"column":24},"end":{"line":16,"column":26}},"13":{"start":{"line":17,"column":8},"end":{"line":33,"column":9}},"14":{"start":{"line":18,"column":12},"end":{"line":18,"column":58}},"15":{"start":{"line":19,"column":12},"end":{"line":19,"column":55}},"16":{"start":{"line":21,"column":13},"end":{"line":33,"column":9}},"17":{"start":{"line":22,"column":12},"end":{"line":22,"column":61}},"18":{"start":{"line":24,"column":13},"end":{"line":33,"column":9}},"19":{"start":{"line":25,"column":12},"end":{"line":25,"column":51}},"20":{"start":{"line":27,"column":13},"end":{"line":33,"column":9}},"21":{"start":{"line":28,"column":12},"end":{"line":28,"column":51}},"22":{"start":{"line":30,"column":13},"end":{"line":33,"column":9}},"23":{"start":{"line":31,"column":12},"end":{"line":31,"column":55}},"24":{"start":{"line":32,"column":12},"end":{"line":32,"column":40}},"25":{"start":{"line":34,"column":8},"end":{"line":38,"column":11}},"26":{"start":{"line":40,"column":4},"end":{"line":40,"column":16}},"27":{"start":{"line":43,"column":0},"end":{"line":61,"column":3}},"28":{"start":{"line":44,"column":4},"end":{"line":60,"column":5}},"29":{"start":{"line":45,"column":27},"end":{"line":45,"column":62}},"30":{"start":{"line":46,"column":30},"end":{"line":46,"column":32}},"31":{"start":{"line":47,"column":8},"end":{"line":54,"column":9}},"32":{"start":{"line":48,"column":28},"end":{"line":48,"column":106}},"33":{"start":{"line":49,"column":12},"end":{"line":53,"column":15}},"34":{"start":{"line":55,"column":8},"end":{"line":55,"column":32}},"35":{"start":{"line":58,"column":8},"end":{"line":58,"column":56}},"36":{"start":{"line":59,"column":8},"end":{"line":59,"column":73}},"37":{"start":{"line":63,"column":0},"end":{"line":79,"column":3}},"38":{"start":{"line":64,"column":4},"end":{"line":78,"column":5}},"39":{"start":{"line":65,"column":30},"end":{"line":65,"column":53}},"40":{"start":{"line":67,"column":8},"end":{"line":67,"column":57}},"41":{"start":{"line":68,"column":8},"end":{"line":71,"column":9}},"42":{"start":{"line":69,"column":12},"end":{"line":69,"column":97}},"43":{"start":{"line":70,"column":12},"end":{"line":70,"column":91}},"44":{"start":{"line":72,"column":8},"end":{"line":72,"column":42}},"45":{"start":{"line":73,"column":8},"end":{"line":73,"column":32}},"46":{"start":{"line":76,"column":8},"end":{"line":76,"column":58}},"47":{"start":{"line":77,"column":8},"end":{"line":77,"column":65}},"48":{"start":{"line":80,"column":0},"end":{"line":80,"column":25}}},"fnMap":{"0":{"name":"(anonymous_0)","decl":{"start":{"line":2,"column":56},"end":{"line":2,"column":57}},"loc":{"start":{"line":2,"column":71},"end":{"line":4,"column":1}},"line":2},"1":{"name":"simulateEquipmentData","decl":{"start":{"line":11,"column":9},"end":{"line":11,"column":30}},"loc":{"start":{"line":11,"column":33},"end":{"line":41,"column":1}},"line":11},"2":{"name":"(anonymous_2)","decl":{"start":{"line":43,"column":16},"end":{"line":43,"column":17}},"loc":{"start":{"line":43,"column":36},"end":{"line":61,"column":1}},"line":43},"3":{"name":"(anonymous_3)","decl":{"start":{"line":63,"column":25},"end":{"line":63,"column":26}},"loc":{"start":{"line":63,"column":45},"end":{"line":79,"column":1}},"line":63}},"branchMap":{"0":{"loc":{"start":{"line":2,"column":22},"end":{"line":4,"column":1}},"type":"binary-expr","locations":[{"start":{"line":2,"column":23},"end":{"line":2,"column":27}},{"start":{"line":2,"column":31},"end":{"line":2,"column":51}},{"start":{"line":2,"column":56},"end":{"line":4,"column":1}}],"line":2},"1":{"loc":{"start":{"line":3,"column":11},"end":{"line":3,"column":61}},"type":"cond-expr","locations":[{"start":{"line":3,"column":37},"end":{"line":3,"column":40}},{"start":{"line":3,"column":43},"end":{"line":3,"column":61}}],"line":3},"2":{"loc":{"start":{"line":3,"column":12},"end":{"line":3,"column":33}},"type":"binary-expr","locations":[{"start":{"line":3,"column":12},"end":{"line":3,"column":15}},{"start":{"line":3,"column":19},"end":{"line":3,"column":33}}],"line":3},"3":{"loc":{"start":{"line":17,"column":8},"end":{"line":33,"column":9}},"type":"if","locations":[{"start":{"line":17,"column":8},"end":{"line":33,"column":9}},{"start":{"line":21,"column":13},"end":{"line":33,"column":9}}],"line":17},"4":{"loc":{"start":{"line":21,"column":13},"end":{"line":33,"column":9}},"type":"if","locations":[{"start":{"line":21,"column":13},"end":{"line":33,"column":9}},{"start":{"line":24,"column":13},"end":{"line":33,"column":9}}],"line":21},"5":{"loc":{"start":{"line":24,"column":13},"end":{"line":33,"column":9}},"type":"if","locations":[{"start":{"line":24,"column":13},"end":{"line":33,"column":9}},{"start":{"line":27,"column":13},"end":{"line":33,"column":9}}],"line":24},"6":{"loc":{"start":{"line":27,"column":13},"end":{"line":33,"column":9}},"type":"if","locations":[{"start":{"line":27,"column":13},"end":{"line":33,"column":9}},{"start":{"line":30,"column":13},"end":{"line":33,"column":9}}],"line":27},"7":{"loc":{"start":{"line":30,"column":13},"end":{"line":33,"column":9}},"type":"if","locations":[{"start":{"line":30,"column":13},"end":{"line":33,"column":9}},{"start":{},"end":{}}],"line":30}},"s":{"0":1,"1":2,"2":1,"3":1,"4":1,"5":1,"6":1,"7":0,"8":0,"9":0,"10":0,"11":0,"12":0,"13":0,"14":0,"15":0,"16":0,"17":0,"18":0,"19":0,"20":0,"21":0,"22":0,"23":0,"24":0,"25":0,"26":0,"27":1,"28":0,"29":0,"30":0,"31":0,"32":0,"33":0,"34":0,"35":0,"36":0,"37":1,"38":0,"39":0,"40":0,"41":0,"42":0,"43":0,"44":0,"45":0,"46":0,"47":0,"48":1},"f":{"0":2,"1":0,"2":0,"3":0},"b":{"0":[1,1,1],"1":[1,1],"2":[2,2],"3":[0,0],"4":[0,0],"5":[0,0],"6":[0,0],"7":[0,0]},"_coverageSchema":"1a1c01bbd47fc00a2c39e90264f33305004495a9","hash":"81b2157d9af102d236d6732316ee1e1e8b1245df","contentHash":"7e5464d8e5195dce1c6851ffb0a32d3832e60d66f3b67c8161d1fa46383459d5"},"D:\\PFE\\Backend_Auth\\test-dist\\src\\models\\Equipment.js":{"path":"D:\\PFE\\Backend_Auth\\test-dist\\src\\models\\Equipment.js","statementMap":{"0":{"start":{"line":2,"column":22},"end":{"line":4,"column":1}},"1":{"start":{"line":3,"column":4},"end":{"line":3,"column":62}},"2":{"start":{"line":5,"column":0},"end":{"line":5,"column":62}},"3":{"start":{"line":6,"column":20},"end":{"line":6,"column":40}},"4":{"start":{"line":7,"column":13},"end":{"line":7,"column":53}},"5":{"start":{"line":10,"column":0},"end":{"line":28,"column":3}},"6":{"start":{"line":29,"column":0},"end":{"line":29,"column":28}}},"fnMap":{"0":{"name":"(anonymous_0)","decl":{"start":{"line":2,"column":56},"end":{"line":2,"column":57}},"loc":{"start":{"line":2,"column":71},"end":{"line":4,"column":1}},"line":2}},"branchMap":{"0":{"loc":{"start":{"line":2,"column":22},"end":{"line":4,"column":1}},"type":"binary-expr","locations":[{"start":{"line":2,"column":23},"end":{"line":2,"column":27}},{"start":{"line":2,"column":31},"end":{"line":2,"column":51}},{"start":{"line":2,"column":56},"end":{"line":4,"column":1}}],"line":2},"1":{"loc":{"start":{"line":3,"column":11},"end":{"line":3,"column":61}},"type":"cond-expr","locations":[{"start":{"line":3,"column":37},"end":{"line":3,"column":40}},{"start":{"line":3,"column":43},"end":{"line":3,"column":61}}],"line":3},"2":{"loc":{"start":{"line":3,"column":12},"end":{"line":3,"column":33}},"type":"binary-expr","locations":[{"start":{"line":3,"column":12},"end":{"line":3,"column":15}},{"start":{"line":3,"column":19},"end":{"line":3,"column":33}}],"line":3}},"s":{"0":1,"1":1,"2":1,"3":1,"4":1,"5":1,"6":1},"f":{"0":1},"b":{"0":[1,1,1],"1":[1,0],"2":[1,1]},"_coverageSchema":"1a1c01bbd47fc00a2c39e90264f33305004495a9","hash":"d2ae388fbdebfa53433b8e0b504acf2c47df7542","contentHash":"9017e080092aaeaf4bc2875280df742db2565088b7db6688b9fc673761330533"},"D:\\PFE\\Backend_Auth\\test-dist\\src\\services\\influx.js":{"path":"D:\\PFE\\Backend_Auth\\test-dist\\src\\services\\influx.js","statementMap":{"0":{"start":{"line":2,"column":22},"end":{"line":4,"column":1}},"1":{"start":{"line":3,"column":4},"end":{"line":3,"column":62}},"2":{"start":{"line":5,"column":0},"end":{"line":5,"column":62}},"3":{"start":{"line":6,"column":0},"end":{"line":6,"column":93}},"4":{"start":{"line":7,"column":26},"end":{"line":7,"column":64}},"5":{"start":{"line":8,"column":17},"end":{"line":8,"column":51}},"6":{"start":{"line":9,"column":0},"end":{"line":9,"column":26}},"7":{"start":{"line":11,"column":24},"end":{"line":11,"column":93}},"8":{"start":{"line":12,"column":0},"end":{"line":16,"column":1}},"9":{"start":{"line":13,"column":4},"end":{"line":15,"column":5}},"10":{"start":{"line":14,"column":8},"end":{"line":14,"column":76}},"11":{"start":{"line":17,"column":17},"end":{"line":20,"column":2}},"12":{"start":{"line":21,"column":17},"end":{"line":25,"column":2}},"13":{"start":{"line":26,"column":17},"end":{"line":26,"column":63}},"14":{"start":{"line":27,"column":30},"end":{"line":51,"column":1}},"15":{"start":{"line":28,"column":18},"end":{"line":30,"column":26}},"16":{"start":{"line":31,"column":4},"end":{"line":47,"column":5}},"17":{"start":{"line":32,"column":8},"end":{"line":33,"column":59}},"18":{"start":{"line":35,"column":9},"end":{"line":47,"column":5}},"19":{"start":{"line":36,"column":8},"end":{"line":36,"column":72}},"20":{"start":{"line":38,"column":9},"end":{"line":47,"column":5}},"21":{"start":{"line":39,"column":8},"end":{"line":39,"column":60}},"22":{"start":{"line":41,"column":9},"end":{"line":47,"column":5}},"23":{"start":{"line":42,"column":8},"end":{"line":42,"column":60}},"24":{"start":{"line":44,"column":9},"end":{"line":47,"column":5}},"25":{"start":{"line":45,"column":8},"end":{"line":46,"column":67}},"26":{"start":{"line":48,"column":4},"end":{"line":48,"column":32}},"27":{"start":{"line":49,"column":4},"end":{"line":49,"column":103}},"28":{"start":{"line":50,"column":4},"end":{"line":50,"column":31}},"29":{"start":{"line":52,"column":0},"end":{"line":52,"column":54}},"30":{"start":{"line":53,"column":20},"end":{"line":61,"column":1}},"31":{"start":{"line":54,"column":4},"end":{"line":60,"column":5}},"32":{"start":{"line":55,"column":8},"end":{"line":55,"column":31}},"33":{"start":{"line":58,"column":8},"end":{"line":58,"column":62}},"34":{"start":{"line":59,"column":8},"end":{"line":59,"column":18}},"35":{"start":{"line":62,"column":0},"end":{"line":62,"column":34}},"36":{"start":{"line":63,"column":30},"end":{"line":102,"column":1}},"37":{"start":{"line":64,"column":22},"end":{"line":72,"column":3}},"38":{"start":{"line":73,"column":4},"end":{"line":101,"column":5}},"39":{"start":{"line":74,"column":21},"end":{"line":74,"column":58}},"40":{"start":{"line":75,"column":8},"end":{"line":75,"column":102}},"41":{"start":{"line":76,"column":8},"end":{"line":96,"column":11}},"42":{"start":{"line":77,"column":28},"end":{"line":77,"column":30}},"43":{"start":{"line":78,"column":12},"end":{"line":79,"column":54}},"44":{"start":{"line":79,"column":16},"end":{"line":79,"column":54}},"45":{"start":{"line":80,"column":12},"end":{"line":81,"column":48}},"46":{"start":{"line":81,"column":16},"end":{"line":81,"column":48}},"47":{"start":{"line":82,"column":12},"end":{"line":83,"column":60}},"48":{"start":{"line":83,"column":16},"end":{"line":83,"column":60}},"49":{"start":{"line":84,"column":12},"end":{"line":85,"column":48}},"50":{"start":{"line":85,"column":16},"end":{"line":85,"column":48}},"51":{"start":{"line":86,"column":12},"end":{"line":87,"column":48}},"52":{"start":{"line":87,"column":16},"end":{"line":87,"column":48}},"53":{"start":{"line":88,"column":12},"end":{"line":89,"column":54}},"54":{"start":{"line":89,"column":16},"end":{"line":89,"column":54}},"55":{"start":{"line":90,"column":12},"end":{"line":91,"column":56}},"56":{"start":{"line":91,"column":16},"end":{"line":91,"column":56}},"57":{"start":{"line":92,"column":12},"end":{"line":95,"column":14}},"58":{"start":{"line":99,"column":8},"end":{"line":99,"column":84}},"59":{"start":{"line":100,"column":8},"end":{"line":100,"column":18}},"60":{"start":{"line":103,"column":0},"end":{"line":103,"column":54}}},"fnMap":{"0":{"name":"(anonymous_0)","decl":{"start":{"line":2,"column":56},"end":{"line":2,"column":57}},"loc":{"start":{"line":2,"column":71},"end":{"line":4,"column":1}},"line":2},"1":{"name":"(anonymous_1)","decl":{"start":{"line":27,"column":30},"end":{"line":27,"column":31}},"loc":{"start":{"line":27,"column":62},"end":{"line":51,"column":1}},"line":27},"2":{"name":"(anonymous_2)","decl":{"start":{"line":53,"column":20},"end":{"line":53,"column":21}},"loc":{"start":{"line":53,"column":32},"end":{"line":61,"column":1}},"line":53},"3":{"name":"(anonymous_3)","decl":{"start":{"line":63,"column":30},"end":{"line":63,"column":31}},"loc":{"start":{"line":63,"column":73},"end":{"line":102,"column":1}},"line":63},"4":{"name":"(anonymous_4)","decl":{"start":{"line":76,"column":24},"end":{"line":76,"column":25}},"loc":{"start":{"line":76,"column":33},"end":{"line":96,"column":9}},"line":76}},"branchMap":{"0":{"loc":{"start":{"line":2,"column":22},"end":{"line":4,"column":1}},"type":"binary-expr","locations":[{"start":{"line":2,"column":23},"end":{"line":2,"column":27}},{"start":{"line":2,"column":31},"end":{"line":2,"column":51}},{"start":{"line":2,"column":56},"end":{"line":4,"column":1}}],"line":2},"1":{"loc":{"start":{"line":3,"column":11},"end":{"line":3,"column":61}},"type":"cond-expr","locations":[{"start":{"line":3,"column":37},"end":{"line":3,"column":40}},{"start":{"line":3,"column":43},"end":{"line":3,"column":61}}],"line":3},"2":{"loc":{"start":{"line":3,"column":12},"end":{"line":3,"column":33}},"type":"binary-expr","locations":[{"start":{"line":3,"column":12},"end":{"line":3,"column":15}},{"start":{"line":3,"column":19},"end":{"line":3,"column":33}}],"line":3},"3":{"loc":{"start":{"line":13,"column":4},"end":{"line":15,"column":5}},"type":"if","locations":[{"start":{"line":13,"column":4},"end":{"line":15,"column":5}},{"start":{},"end":{}}],"line":13},"4":{"loc":{"start":{"line":31,"column":4},"end":{"line":47,"column":5}},"type":"if","locations":[{"start":{"line":31,"column":4},"end":{"line":47,"column":5}},{"start":{"line":35,"column":9},"end":{"line":47,"column":5}}],"line":31},"5":{"loc":{"start":{"line":32,"column":40},"end":{"line":32,"column":64}},"type":"binary-expr","locations":[{"start":{"line":32,"column":40},"end":{"line":32,"column":59}},{"start":{"line":32,"column":63},"end":{"line":32,"column":64}}],"line":32},"6":{"loc":{"start":{"line":33,"column":36},"end":{"line":33,"column":57}},"type":"binary-expr","locations":[{"start":{"line":33,"column":36},"end":{"line":33,"column":52}},{"start":{"line":33,"column":56},"end":{"line":33,"column":57}}],"line":33},"7":{"loc":{"start":{"line":35,"column":9},"end":{"line":47,"column":5}},"type":"if","locations":[{"start":{"line":35,"column":9},"end":{"line":47,"column":5}},{"start":{"line":38,"column":9},"end":{"line":47,"column":5}}],"line":35},"8":{"loc":{"start":{"line":36,"column":43},"end":{"line":36,"column":70}},"type":"binary-expr","locations":[{"start":{"line":36,"column":43},"end":{"line":36,"column":65}},{"start":{"line":36,"column":69},"end":{"line":36,"column":70}}],"line":36},"9":{"loc":{"start":{"line":38,"column":9},"end":{"line":47,"column":5}},"type":"if","locations":[{"start":{"line":38,"column":9},"end":{"line":47,"column":5}},{"start":{"line":41,"column":9},"end":{"line":47,"column":5}}],"line":38},"10":{"loc":{"start":{"line":39,"column":37},"end":{"line":39,"column":58}},"type":"binary-expr","locations":[{"start":{"line":39,"column":37},"end":{"line":39,"column":53}},{"start":{"line":39,"column":57},"end":{"line":39,"column":58}}],"line":39},"11":{"loc":{"start":{"line":41,"column":9},"end":{"line":47,"column":5}},"type":"if","locations":[{"start":{"line":41,"column":9},"end":{"line":47,"column":5}},{"start":{"line":44,"column":9},"end":{"line":47,"column":5}}],"line":41},"12":{"loc":{"start":{"line":42,"column":37},"end":{"line":42,"column":58}},"type":"binary-expr","locations":[{"start":{"line":42,"column":37},"end":{"line":42,"column":53}},{"start":{"line":42,"column":57},"end":{"line":42,"column":58}}],"line":42},"13":{"loc":{"start":{"line":44,"column":9},"end":{"line":47,"column":5}},"type":"if","locations":[{"start":{"line":44,"column":9},"end":{"line":47,"column":5}},{"start":{},"end":{}}],"line":44},"14":{"loc":{"start":{"line":45,"column":40},"end":{"line":45,"column":64}},"type":"binary-expr","locations":[{"start":{"line":45,"column":40},"end":{"line":45,"column":59}},{"start":{"line":45,"column":63},"end":{"line":45,"column":64}}],"line":45},"15":{"loc":{"start":{"line":46,"column":40},"end":{"line":46,"column":65}},"type":"binary-expr","locations":[{"start":{"line":46,"column":40},"end":{"line":46,"column":60}},{"start":{"line":46,"column":64},"end":{"line":46,"column":65}}],"line":46},"16":{"loc":{"start":{"line":63,"column":56},"end":{"line":63,"column":68}},"type":"default-arg","locations":[{"start":{"line":63,"column":64},"end":{"line":63,"column":68}}],"line":63},"17":{"loc":{"start":{"line":78,"column":12},"end":{"line":79,"column":54}},"type":"if","locations":[{"start":{"line":78,"column":12},"end":{"line":79,"column":54}},{"start":{},"end":{}}],"line":78},"18":{"loc":{"start":{"line":80,"column":12},"end":{"line":81,"column":48}},"type":"if","locations":[{"start":{"line":80,"column":12},"end":{"line":81,"column":48}},{"start":{},"end":{}}],"line":80},"19":{"loc":{"start":{"line":82,"column":12},"end":{"line":83,"column":60}},"type":"if","locations":[{"start":{"line":82,"column":12},"end":{"line":83,"column":60}},{"start":{},"end":{}}],"line":82},"20":{"loc":{"start":{"line":84,"column":12},"end":{"line":85,"column":48}},"type":"if","locations":[{"start":{"line":84,"column":12},"end":{"line":85,"column":48}},{"start":{},"end":{}}],"line":84},"21":{"loc":{"start":{"line":86,"column":12},"end":{"line":87,"column":48}},"type":"if","locations":[{"start":{"line":86,"column":12},"end":{"line":87,"column":48}},{"start":{},"end":{}}],"line":86},"22":{"loc":{"start":{"line":88,"column":12},"end":{"line":89,"column":54}},"type":"if","locations":[{"start":{"line":88,"column":12},"end":{"line":89,"column":54}},{"start":{},"end":{}}],"line":88},"23":{"loc":{"start":{"line":90,"column":12},"end":{"line":91,"column":56}},"type":"if","locations":[{"start":{"line":90,"column":12},"end":{"line":91,"column":56}},{"start":{},"end":{}}],"line":90}},"s":{"0":1,"1":1,"2":1,"3":1,"4":1,"5":1,"6":1,"7":1,"8":1,"9":4,"10":0,"11":1,"12":1,"13":1,"14":1,"15":0,"16":0,"17":0,"18":0,"19":0,"20":0,"21":0,"22":0,"23":0,"24":0,"25":0,"26":0,"27":0,"28":0,"29":1,"30":1,"31":0,"32":0,"33":0,"34":0,"35":1,"36":1,"37":0,"38":0,"39":0,"40":0,"41":0,"42":0,"43":0,"44":0,"45":0,"46":0,"47":0,"48":0,"49":0,"50":0,"51":0,"52":0,"53":0,"54":0,"55":0,"56":0,"57":0,"58":0,"59":0,"60":1},"f":{"0":1,"1":0,"2":0,"3":0,"4":0},"b":{"0":[1,1,1],"1":[0,1],"2":[1,1],"3":[0,4],"4":[0,0],"5":[0,0],"6":[0,0],"7":[0,0],"8":[0,0],"9":[0,0],"10":[0,0],"11":[0,0],"12":[0,0],"13":[0,0],"14":[0,0],"15":[0,0],"16":[0],"17":[0,0],"18":[0,0],"19":[0,0],"20":[0,0],"21":[0,0],"22":[0,0],"23":[0,0]},"_coverageSchema":"1a1c01bbd47fc00a2c39e90264f33305004495a9","hash":"12645de7be1f4509fd7bc1fe62e41a57a460cf8b","contentHash":"76630e667a164661a4f49f5fd6b08e8be70ad11406c7bebe5ffb0f19ffa83401"},"D:\\PFE\\Backend_Auth\\test-dist\\src\\routes\\taskRoutes.js":{"path":"D:\\PFE\\Backend_Auth\\test-dist\\src\\routes\\taskRoutes.js","statementMap":{"0":{"start":{"line":2,"column":22},"end":{"line":4,"column":1}},"1":{"start":{"line":3,"column":4},"end":{"line":3,"column":62}},"2":{"start":{"line":5,"column":0},"end":{"line":5,"column":62}},"3":{"start":{"line":6,"column":18},"end":{"line":6,"column":53}},"4":{"start":{"line":7,"column":22},"end":{"line":7,"column":56}},"5":{"start":{"line":8,"column":15},"end":{"line":8,"column":41}},"6":{"start":{"line":9,"column":0},"end":{"line":17,"column":3}},"7":{"start":{"line":10,"column":4},"end":{"line":16,"column":5}},"8":{"start":{"line":11,"column":22},"end":{"line":11,"column":67}},"9":{"start":{"line":12,"column":8},"end":{"line":12,"column":24}},"10":{"start":{"line":15,"column":8},"end":{"line":15,"column":55}},"11":{"start":{"line":18,"column":0},"end":{"line":27,"column":3}},"12":{"start":{"line":19,"column":4},"end":{"line":26,"column":5}},"13":{"start":{"line":20,"column":57},"end":{"line":20,"column":65}},"14":{"start":{"line":21,"column":21},"end":{"line":21,"column":129}},"15":{"start"
[...]
,"line":53},"5":{"name":"executeManualTrade","decl":{"start":{"line":73,"column":15},"end":{"line":73,"column":33}},"loc":{"start":{"line":73,"column":100},"end":{"line":95,"column":1}},"line":73},"6":{"name":"getTransactions","decl":{"start":{"line":96,"column":15},"end":{"line":96,"column":30}},"loc":{"start":{"line":96,"column":38},"end":{"line":105,"column":1}},"line":96}},"branchMap":{"0":{"loc":{"start":{"line":2,"column":22},"end":{"line":4,"column":1}},"type":"binary-expr","locations":[{"start":{"line":2,"column":23},"end":{"line":2,"column":27}},{"start":{"line":2,"column":31},"end":{"line":2,"column":51}},{"start":{"line":2,"column":56},"end":{"line":4,"column":1}}],"line":2},"1":{"loc":{"start":{"line":3,"column":11},"end":{"line":3,"column":61}},"type":"cond-expr","locations":[{"start":{"line":3,"column":37},"end":{"line":3,"column":40}},{"start":{"line":3,"column":43},"end":{"line":3,"column":61}}],"line":3},"2":{"loc":{"start":{"line":3,"column":12},"end":{"line":3,"column":33}},"type":"binary-expr","locations":[{"start":{"line":3,"column":12},"end":{"line":3,"column":15}},{"start":{"line":3,"column":19},"end":{"line":3,"column":33}}],"line":3},"3":{"loc":{"start":{"line":17,"column":4},"end":{"line":18,"column":73}},"type":"if","locations":[{"start":{"line":17,"column":4},"end":{"line":18,"column":73}},{"start":{},"end":{}}],"line":17},"4":{"loc":{"start":{"line":17,"column":8},"end":{"line":17,"column":30}},"type":"binary-expr","locations":[{"start":{"line":17,"column":8},"end":{"line":17,"column":17}},{"start":{"line":17,"column":21},"end":{"line":17,"column":30}}],"line":17},"5":{"loc":{"start":{"line":19,"column":4},"end":{"line":20,"column":73}},"type":"if","locations":[{"start":{"line":19,"column":4},"end":{"line":20,"column":73}},{"start":{},"end":{}}],"line":19},"6":{"loc":{"start":{"line":19,"column":8},"end":{"line":19,"column":31}},"type":"binary-expr","locations":[{"start":{"line":19,"column":8},"end":{"line":19,"column":17}},{"start":{"line":19,"column":21},"end":{"line":19,"column":31}}],"line":19},"7":{"loc":{"start":{"line":38,"column":8},"end":{"line":46,"column":9}},"type":"if","locations":[{"start":{"line":38,"column":8},"end":{"line":46,"column":9}},{"start":{"line":41,"column":13},"end":{"line":46,"column":9}}],"line":38},"8":{"loc":{"start":{"line":38,"column":12},"end":{"line":38,"column":54}},"type":"binary-expr","locations":[{"start":{"line":38,"column":12},"end":{"line":38,"column":33}},{"start":{"line":38,"column":37},"end":{"line":38,"column":54}}],"line":38},"9":{"loc":{"start":{"line":41,"column":13},"end":{"line":46,"column":9}},"type":"if","locations":[{"start":{"line":41,"column":13},"end":{"line":46,"column":9}},{"start":{"line":44,"column":13},"end":{"line":46,"column":9}}],"line":41},"10":{"loc":{"start":{"line":41,"column":17},"end":{"line":41,"column":89}},"type":"binary-expr","locations":[{"start":{"line":41,"column":17},"end":{"line":41,"column":33}},{"start":{"line":41,"column":37},"end":{"line":41,"column":63}},{"start":{"line":41,"column":67},"end":{"line":41,"column":89}}],"line":41},"11":{"loc":{"start":{"line":53,"column":48},"end":{"line":53,"column":89}},"type":"default-arg","locations":[{"start":{"line":53,"column":67},"end":{"line":53,"column":89}}],"line":53},"12":{"loc":{"start":{"line":56,"column":24},"end":{"line":56,"column":88}},"type":"binary-expr","locations":[{"start":{"line":56,"column":24},"end":{"line":56,"column":48}},{"start":{"line":56,"column":52},"end":{"line":56,"column":88}}],"line":56},"13":{"loc":{"start":{"line":58,"column":4},"end":{"line":60,"column":5}},"type":"if","locations":[{"start":{"line":58,"column":4},"end":{"line":60,"column":5}},{"start":{},"end":{}}],"line":58},"14":{"loc":{"start":{"line":63,"column":4},"end":{"line":71,"column":5}},"type":"if","locations":[{"start":{"line":63,"column":4},"end":{"line":71,"column":5}},{"start":{"line":67,"column":9},"end":{"line":71,"column":5}}],"line":63},"15":{"loc":{"start":{"line":63,"column":8},"end":{"line":63,"column":34}},"type":"binary-expr","locations":[{"start":{"line":63,"column":8},"end":{"line":63,"column":21}},{"start":{"line":63,"column":25},"end":{"line":63,"column":34}}],"line":63},"16":{"loc":{"start":{"line":67,"column":9},"end":{"line":71,"column":5}},"type":"if","locations":[{"start":{"line":67,"column":9},"end":{"line":71,"column":5}},{"start":{},"end":{}}],"line":67},"17":{"loc":{"start":{"line":67,"column":13},"end":{"line":67,"column":39}},"type":"binary-expr","locations":[{"start":{"line":67,"column":13},"end":{"line":67,"column":26}},{"start":{"line":67,"column":30},"end":{"line":67,"column":39}}],"line":67},"18":{"loc":{"start":{"line":73,"column":57},"end":{"line":73,"column":98}},"type":"default-arg","locations":[{"start":{"line":73,"column":76},"end":{"line":73,"column":98}}],"line":73},"19":{"loc":{"start":{"line":76,"column":24},"end":{"line":76,"column":88}},"type":"binary-expr","locations":[{"start":{"line":76,"column":24},"end":{"line":76,"column":48}},{"start":{"line":76,"column":52},"end":{"line":76,"column":88}}],"line":76},"20":{"loc":{"start":{"line":78,"column":4},"end":{"line":80,"column":5}},"type":"if","locations":[{"start":{"line":78,"column":4},"end":{"line":80,"column":5}},{"start":{},"end":{}}],"line":78},"21":{"loc":{"start":{"line":83,"column":4},"end":{"line":93,"column":5}},"type":"if","locations":[{"start":{"line":83,"column":4},"end":{"line":93,"column":5}},{"start":{"line":88,"column":9},"end":{"line":93,"column":5}}],"line":83},"22":{"loc":{"start":{"line":83,"column":8},"end":{"line":83,"column":52}},"type":"binary-expr","locations":[{"start":{"line":83,"column":8},"end":{"line":83,"column":22}},{"start":{"line":83,"column":26},"end":{"line":83,"column":39}},{"start":{"line":83,"column":43},"end":{"line":83,"column":52}}],"line":83},"23":{"loc":{"start":{"line":88,"column":9},"end":{"line":93,"column":5}},"type":"if","locations":[{"start":{"line":88,"column":9},"end":{"line":93,"column":5}},{"start":{},"end":{}}],"line":88},"24":{"loc":{"start":{"line":88,"column":13},"end":{"line":88,"column":58}},"type":"binary-expr","locations":[{"start":{"line":88,"column":13},"end":{"line":88,"column":28}},{"start":{"line":88,"column":32},"end":{"line":88,"column":45}},{"start":{"line":88,"column":49},"end":{"line":88,"column":58}}],"line":88},"25":{"loc":{"start":{"line":94,"column":20},"end":{"line":94,"column":108}},"type":"cond-expr","locations":[{"start":{"line":94,"column":37},"end":{"line":94,"column":71}},{"start":{"line":94,"column":74},"end":{"line":94,"column":108}}],"line":94},"26":{"loc":{"start":{"line":100,"column":4},"end":{"line":101,"column":22}},"type":"if","locations":[{"start":{"line":100,"column":4},"end":{"line":101,"column":22}},{"start":{},"end":{}}],"line":100},"27":{"loc":{"start":{"line":102,"column":4},"end":{"line":103,"column":27}},"type":"if","locations":[{"start":{"line":102,"column":4},"end":{"line":103,"column":27}},{"start":{},"end":{}}],"line":102}},"s":{"0":1,"1":2,"2":1,"3":1,"4":1,"5":1,"6":1,"7":1,"8":1,"9":1,"10":1,"11":3,"12":3,"13":1,"14":2,"15":1,"16":1,"17":0,"18":0,"19":0,"20":0,"21":0,"22":0,"23":0,"24":0,"25":1,"26":1,"27":1,"28":1,"29":1,"30":1,"31":1,"32":0,"33":0,"34":0,"35":0,"36":1,"37":0,"38":0,"39":0,"40":0,"41":0,"42":0,"43":0,"44":0,"45":0,"46":0,"47":0,"48":0,"49":0,"50":0,"51":0,"52":1,"53":1,"54":1,"55":1,"56":1,"57":0,"58":0,"59":0,"60":0,"61":0,"62":0,"63":0,"64":0,"65":0,"66":0,"67":0,"68":0,"69":0,"70":0,"71":0,"72":0,"73":0,"74":0,"75":0,"76":0,"77":0},"f":{"0":2,"1":3,"2":0,"3":1,"4":0,"5":1,"6":0},"b":{"0":[1,1,1],"1":[2,0],"2":[2,2],"3":[1,2],"4":[3,3],"5":[1,1],"6":[2,2],"7":[1,0],"8":[1,1],"9":[0,0],"10":[0,0,0],"11":[0],"12":[0,0],"13":[0,0],"14":[0,0],"15":[0,0],"16":[0,0],"17":[0,0],"18":[1],"19":[1,1],"20":[0,0],"21":[0,0],"22":[0,0,0],"23":[0,0],"24":[0,0,0],"25":[0,0],"26":[0,0],"27":[0,0]},"_coverageSchema":"1a1c01bbd47fc00a2c39e90264f33305004495a9","hash":"8406543a0f42a8a1a896ce96b86b4d1be763dbab","contentHash":"2938eef2dd5ff82889328b79fc423f4f3d3dd21dfb7729e5ebe58cdd6ec7b0b4"},"D:\\PFE\\Backend_Auth\\test-dist\\src\\config\\logger.js":{"path":"D:\\PFE\\Backend_Auth\\test-dist\\src\\config\\logger.js","statementMap":{"0":{"start":{"line":2,"column":22},"end":{"line":4,"column":1}},"1":{"start":{"line":3,"column":4},"end":{"line":3,"column":62}},"2":{"start":{"line":5,"column":0},"end":{"line":5,"column":62}},"3":{"start":{"line":6,"column":18},"end":{"line":6,"column":53}},"4":{"start":{"line":7,"column":15},"end":{"line":14,"column":2}},"5":{"start":{"line":15,"column":0},"end":{"line":19,"column":1}},"6":{"start":{"line":16,"column":4},"end":{"line":18,"column":8}},"7":{"start":{"line":20,"column":0},"end":{"line":20,"column":25}}},"fnMap":{"0":{"name":"(anonymous_0)","decl":{"start":{"line":2,"column":56},"end":{"line":2,"column":57}},"loc":{"start":{"line":2,"column":71},"end":{"line":4,"column":1}},"line":2}},"branchMap":{"0":{"loc":{"start":{"line":2,"column":22},"end":{"line":4,"column":1}},"type":"binary-expr","locations":[{"start":{"line":2,"column":23},"end":{"line":2,"column":27}},{"start":{"line":2,"column":31},"end":{"line":2,"column":51}},{"start":{"line":2,"column":56},"end":{"line":4,"column":1}}],"line":2},"1":{"loc":{"start":{"line":3,"column":11},"end":{"line":3,"column":61}},"type":"cond-expr","locations":[{"start":{"line":3,"column":37},"end":{"line":3,"column":40}},{"start":{"line":3,"column":43},"end":{"line":3,"column":61}}],"line":3},"2":{"loc":{"start":{"line":3,"column":12},"end":{"line":3,"column":33}},"type":"binary-expr","locations":[{"start":{"line":3,"column":12},"end":{"line":3,"column":15}},{"start":{"line":3,"column":19},"end":{"line":3,"column":33}}],"line":3},"3":{"loc":{"start":{"line":15,"column":0},"end":{"line":19,"column":1}},"type":"if","locations":[{"start":{"line":15,"column":0},"end":{"line":19,"column":1}},{"start":{},"end":{}}],"line":15}},"s":{"0":1,"1":1,"2":1,"3":1,"4":1,"5":1,"6":1,"7":1},"f":{"0":1},"b":{"0":[1,1,1],"1":[0,1],"2":[1,1],"3":[1,0]},"_coverageSchema":"1a1c01bbd47fc00a2c39e90264f33305004495a9","hash":"58bbf37ea4b3e27cfd459de4fa0d6acef60a0419","contentHash":"3f9849b85266be98bb130ec9499e53315991fc28505949c0dc2a029f509f9c6c"},"D:\\PFE\\Backend_Auth\\test-dist\\src\\config\\postgres.js":{"path":"D:\\PFE\\Backend_Auth\\test-dist\\src\\config\\postgres.js","statementMap":{"0":{"start":{"line":2,"column":0},"end":{"line":2,"column":62}},"1":{"start":{"line":3,"column":0},"end":{"line":3,"column":23}},"2":{"start":{"line":4,"column":13},"end":{"line":4,"column":26}},"3":{"start":{"line":5,"column":13},"end":{"line":11,"column":2}},"4":{"start":{"line":12,"column":14},"end":{"line":21,"column":1}},"5":{"start":{"line":13,"column":19},"end":{"line":13,"column":39}},"6":{"start":{"line":14,"column":4},"end":{"line":20,"column":5}},"7":{"start":{"line":15,"column":23},"end":{"line":15,"column":55}},"8":{"start":{"line":16,"column":8},"end":{"line":16,"column":27}},"9":{"start":{"line":19,"column":8},"end":{"line":19,"column":25}},"10":{"start":{"line":22,"column":0},"end":{"line":22,"column":22}},"11":{"start":{"line":23,"column":0},"end":{"line":23,"column":23}}},"fnMap":{"0":{"name":"(anonymous_0)","decl":{"start":{"line":12,"column":14},"end":{"line":12,"column":15}},"loc":{"start":{"line":12,"column":43},"end":{"line":21,"column":1}},"line":12}},"branchMap":{"0":{"loc":{"start":{"line":12,"column":27},"end":{"line":12,"column":38}},"type":"default-arg","locations":[{"start":{"line":12,"column":36},"end":{"line":12,"column":38}}],"line":12}},"s":{"0":1,"1":1,"2":1,"3":1,"4":1,"5":1,"6":1,"7":1,"8":1,"9":1,"10":1,"11":1},"f":{"0":1},"b":{"0":[1]},"_coverageSchema":"1a1c01bbd47fc00a2c39e90264f33305004495a9","hash":"9be9b9c33520802767f6980f2692486b7c8e3725","contentHash":"5742880217b1a42a4ffc09ad48bc66061fda4dbdd6c5fb6494350d4e4bd85302"},"D:\\PFE\\Backend_Auth\\test-dist\\src\\queues\\energyQueue.js":{"path":"D:\\PFE\\Backend_Auth\\test-dist\\src\\queues\\energyQueue.js","statementMap":{"0":{"start":{"line":2,"column":22},"end":{"line":4,"column":1}},"1":{"start":{"line":3,"column":4},"end":{"line":3,"column":62}},"2":{"start":{"line":5,"column":0},"end":{"line":5,"column":62}},"3":{"start":{"line":6,"column":0},"end":{"line":6,"column":114}},"4":{"start":{"line":7,"column":17},"end":{"line":7,"column":34}},"5":{"start":{"line":8,"column":17},"end":{"line":8,"column":51}},"6":{"start":{"line":10,"column":25},"end":{"line":15,"column":2}},"7":{"start":{"line":16,"column":0},"end":{"line":16,"column":44}},"8":{"start":{"line":18,"column":22},"end":{"line":32,"column":1}},"9":{"start":{"line":20,"column":18},"end":{"line":20,"column":36}},"10":{"start":{"line":21,"column":4},"end":{"line":21,"column":44}},"11":{"start":{"line":22,"column":24},"end":{"line":22,"column":51}},"12":{"start":{"line":23,"column":4},"end":{"line":31,"column":5}},"13":{"start":{"line":24,"column":8},"end":{"line":24,"column":50}},"14":{"start":{"line":26,"column":9},"end":{"line":31,"column":5}},"15":{"start":{"line":27,"column":8},"end":{"line":27,"column":50}},"16":{"start":{"line":30,"column":8},"end":{"line":30,"column":50}},"17":{"start":{"line":33,"column":0},"end":{"line":33,"column":38}},"18":{"start":{"line":35,"column":26},"end":{"line":45,"column":2}},"19":{"start":{"line":36,"column":28},"end":{"line":36,"column":36}},"20":{"start":{"line":37,"column":18},"end":{"line":37,"column":57}},"21":{"start":{"line":38,"column":4},"end":{"line":38,"column":67}},"22":{"start":{"line":39,"column":4},"end":{"line":39,"column":17}},"23":{"start":{"line":46,"column":0},"end":{"line":46,"column":46}},"24":{"start":{"line":48,"column":0},"end":{"line":50,"column":3}},"25":{"start":{"line":49,"column":4},"end":{"line":49,"column":75}},"26":{"start":{"line":51,"column":0},"end":{"line":53,"column":3}},"27":{"start":{"line":52,"column":4},"end":{"line":52,"column":111}},"28":{"start":{"line":55,"column":26},"end":{"line":57,"column":1}},"29":{"start":{"line":56,"column":4},"end":{"line":56,"column":64}},"30":{"start":{"line":58,"column":0},"end":{"line":58,"column":46}},"31":{"start":{"line":60,"column":0},"end":{"line":65,"column":1}},"32":{"start":{"line":61,"column":24},"end":{"line":61,"column":45}},"33":{"start":{"line":62,"column":4},"end":{"line":64,"column":78}},"34":{"start":{"line":63,"column":20},"end":{"line":63,"column":57}},"35":{"start":{"line":64,"column":24},"end":{"line":64,"column":76}}},"fnMap":{"0":{"name":"(anonymous_0)","decl":{"start":{"line":2,"column":56},"end":{"line":2,"column":57}},"loc":{"start":{"line":2,"column":71},"end":{"line":4,"column":1}},"line":2},"1":{"name":"(anonymous_1)","decl":{"start":{"line":18,"column":22},"end":{"line":18,"column":23}},"loc":{"start":{"line":18,"column":39},"end":{"line":32,"column":1}},"line":18},"2":{"name":"(anonymous_2)","decl":{"start":{"line":35,"column":70},"end":{"line":35,"column":71}},"loc":{"start":{"line":35,"column":85},"end":{"line":40,"column":1}},"line":35},"3":{"name":"(anonymous_3)","decl":{"start":{"line":48,"column":34},"end":{"line":48,"column":35}},"loc":{"start":{"line":48,"column":43},"end":{"line":50,"column":1}},"line":48},"4":{"name":"(anonymous_4)","decl":{"start":{"line":51,"column":31},"end":{"line":51,"column":32}},"loc":{"start":{"line":51,"column":45},"end":{"line":53,"column":1}},"line":51},"5":{"name":"(anonymous_5)","decl":{"start":{"line":55,"column":26},"end":{"line":55,"column":27}},"loc":{"start":{"line":55,"column":49},"end":{"line":57,"column":1}},"line":55},"6":{"name":"(anonymous_6)","decl":{"start":{"line":63,"column":14},"end":{"line":63,"column":15}},"loc":{"start":{"line":63,"column":20},"end":{"line":63,"column":57}},"line":63},"7":{"name":"(anonymous_7)","decl":{"start":{"line":64,"column":15},"end":{"line":64,"column":16}},"loc":{"start":{"line":64,"column":24},"end":{"line":64,"column":76}},"line":64}},"branchMap":{"0":{"loc":{"start":{"line":2,"column":22},"end":{"line":4,"column":1}},"type":"binary-expr","locations":[{"start":{"line":2,"column":23},"end":{"line":2,"column":27}},{"start":{"line":2,"column":31},"end":{"line":2,"column":51}},{"start":{"line":2,"column":56},"end":{"line":4,"column":1}}],"line":2},"1":{"loc":{"start":{"line":3,"column":11},"end":{"line":3,"column":61}},"type":"cond-expr","locations":[{"start":{"line":3,"column":37},"end":{"line":3,"column":40}},{"start":{"line":3,"column":43},"end":{"line":3,"column":61}}],"line":3},"2":{"loc":{"start":{"line":3,"column":12},"end":{"line":3,"column":33}},"type":"binary-expr","locations":[{"start":{"line":3,"column":12},"end":{"line":3,"column":15}},{"start":{"line":3,"column":19},"end":{"line":3,"column":33}}],"line":3},"3":{"loc":{"start":{"line":12,"column":14},"end":{"line":12,"column":51}},"type":"binary-expr","locations":[{"start":{"line":12,"column":14},"end":{"line":12,"column":36}},{"start":{"line":12,"column":40},"end":{"line":12,"column":51}}],"line":12},"4":{"loc":{"start":{"line":13,"column":23},"end":{"line":13,"column":55}},"type":"binary-expr","locations":[{"start":{"line":13,"column":23},"end":{"line":13,"column":45}},{"start":{"line":13,"column":49},"end":{"line":13,"column":55}}],"line":13},"5":{"loc":{"start":{"line":23,"column":4},"end":{"line":31,"column":5}},"type":"if","locations":[{"start":{"line":23,"column":4},"end":{"line":31,"column":5}},{"start":{"line":26,"column":9},"end":{"line":31,"column":5}}],"line":23},"6":{"loc":{"start":{"line":23,"column":8},"end":{"line":23,"column":43}},"type":"binary-expr","locations":[{"start":{"line":23,"column":8},"end":{"line":23,"column":24}},{"start":{"line":23,"column":28},"end":{"line":23,"column":43}}],"line":23},"7":{"loc":{"start":{"line":26,"column":9},"end":{"line":31,"column":5}},"type":"if","locations":[{"start":{"line":26,"column":9},"end":{"line":31,"column":5}},{"start":{"line":29,"column":9},"end":{"line":31,"column":5}}],"line":26},"8":{"loc":{"start":{"line":26,"column":13},"end":{"line":26,"column":49}},"type":"binary-expr","locations":[{"start":{"line":26,"column":13},"end":{"line":26,"column":29}},{"start":{"line":26,"column":33},"end":{"line":26,"column":49}}],"line":26},"9":{"loc":{"start":{"line":42,"column":14},"end":{"line":42,"column":51}},"type":"binary-expr","locations":[{"start":{"line":42,"column":14},"end":{"line":42,"column":36}},{"start":{"line":42,"column":40},"end":{"line":42,"column":51}}],"line":42},"10":{"loc":{"start":{"line":43,"column":23},"end":{"line":43,"column":55}},"type":"binary-expr","locations":[{"start":{"line":43,"column":23},"end":{"line":43,"column":45}},{"start":{"line":43,"column":49},"end":{"line":43,"column":55}}],"line":43},"11":{"loc":{"start":{"line":52,"column":25},"end":{"line":52,"column":73}},"type":"cond-expr","locations":[{"start":{"line":52,"column":58},"end":{"line":52,"column":64}},{"start":{"line":52,"column":67},"end":{"line":52,"column":73}}],"line":52},"12":{"loc":{"start":{"line":52,"column":25},"end":{"line":52,"column":55}},"type":"binary-expr","locations":[{"start":{"line":52,"column":25},"end":{"line":52,"column":37}},{"start":{"line":52,"column":41},"end":{"line":52,"column":55}}],"line":52},"13":{"loc":{"start":{"line":60,"column":0},"end":{"line":65,"column":1}},"type":"if","locations":[{"start":{"line":60,"column":0},"end":{"line":65,"column":1}},{"start":{},"end":{}}],"line":60}},"s":{"0":1,"1":1,"2":1,"3":1,"4":1,"5":1,"6":1,"7":1,"8":1,"9":4,"10":4,"11":4,"12":4,"13":1,"14":3,"15":1,"16":2,"17":1,"18":1,"19":1,"20":1,"21":1,"22":1,"23":1,"24":1,"25":1,"26":1,"27":0,"28":1,"29":1,"30":1,"31":1,"32":1,"33":1,"34":1,"35":0},"f":{"0":1,"1":4,"2":1,"3":1,"4":0,"5":1,"6":1,"7":0},"b":{"0":[1,1,1],"1":[0,1],"2":[1,1],"3":[1,0],"4":[1,0],"5":[1,3],"6":[4,4],"7":[1,2],"8":[3,3],"9":[1,0],"10":[1,0],"11":[0,0],"12":[0,0],"13":[1,0]},"_coverageSchema":"1a1c01bbd47fc00a2c39e90264f33305004495a9","hash":"07507041abb9a69cf549a3c17d33eebcfcbca7f0","contentHash":"b79e503b9c863b7b0dfc92a19ddabd9ff9365164ce53cde40ff3d81b34e54b9f"}}