TN:
SF:test-dist\src\index.js
FN:2,(anonymous_0)
FN:6,(anonymous_1)
FN:9,(anonymous_2)
FN:13,(anonymous_3)
FN:15,(anonymous_4)
FN:18,(anonymous_5)
FN:19,(anonymous_6)
FN:20,(anonymous_7)
FN:27,(anonymous_8)
FN:35,(anonymous_9)
FN:68,(anonymous_10)
FN:138,(anonymous_11)
FN:159,(anonymous_12)
FN:173,(anonymous_13)
FN:187,(anonymous_14)
FN:202,(anonymous_15)
FN:205,(anonymous_16)
FN:210,(anonymous_17)
FN:213,(anonymous_18)
FNF:19
FNH:10
FNDA:36,(anonymous_0)
FNDA:0,(anonymous_1)
FNDA:0,(anonymous_2)
FNDA:1,(anonymous_3)
FNDA:0,(anonymous_4)
FNDA:1,(anonymous_5)
FNDA:1,(anonymous_6)
FNDA:0,(anonymous_7)
FNDA:1,(anonymous_8)
FNDA:7,(anonymous_9)
FNDA:1,(anonymous_10)
FNDA:1,(anonymous_11)
FNDA:1,(anonymous_12)
FNDA:0,(anonymous_13)
FNDA:0,(anonymous_14)
FNDA:2,(anonymous_15)
FNDA:0,(anonymous_16)
FNDA:0,(anonymous_17)
FNDA:0,(anonymous_18)
DA:2,1
DA:3,36
DA:4,36
DA:5,36
DA:6,36
DA:8,36
DA:10,0
DA:11,0
DA:13,1
DA:14,1
DA:16,0
DA:18,1
DA:19,1
DA:20,1
DA:21,0
DA:22,0
DA:23,0
DA:25,1
DA:27,1
DA:28,1
DA:29,1
DA:30,37
DA:31,1
DA:32,1
DA:35,1
DA:36,7
DA:38,1
DA:39,1
DA:40,1
DA:41,1
DA:42,1
DA:43,1
DA:44,1
DA:45,1
DA:46,1
DA:47,1
DA:48,1
DA:49,1
DA:50,1
DA:51,1
DA:52,1
DA:55,1
DA:56,1
DA:57,1
DA:58,1
DA:59,1
DA:60,1
DA:61,1
DA:67,1
DA:68,1
DA:70,1
DA:71,1
DA:72,1
DA:73,0
DA:76,1
DA:77,1
DA:78,1
DA:79,1
DA:80,1
DA:81,0
DA:83,1
DA:86,0
DA:87,0
DA:90,0
DA:92,0
DA:95,1
DA:96,1
DA:97,1
DA:100,0
DA:101,0
DA:104,0
DA:106,0
DA:108,1
DA:109,1
DA:110,0
DA:111,1
DA:112,0
DA:113,1
DA:114,0
DA:116,1
DA:117,0
DA:118,0
DA:119,0
DA:120,0
DA:121,0
DA:122,0
DA:124,1
DA:125,1
DA:128,0
DA:129,0
DA:130,0
DA:133,0
DA:134,0
DA:138,1
DA:140,1
DA:141,1
DA:142,1
DA:143,1
DA:144,0
DA:146,1
DA:147,1
DA:150,0
DA:151,0
DA:154,0
DA:156,0
DA:159,1
DA:160,1
DA:161,1
DA:162,1
DA:165,0
DA:166,0
DA:169,0
DA:173,1
DA:174,0
DA:175,0
DA:176,0
DA:179,0
DA:180,0
DA:183,0
DA:187,1
DA:188,0
DA:189,0
DA:190,0
DA:191,0
DA:194,0
DA:195,0
DA:198,1
DA:199,1
DA:200,1
DA:201,1
DA:202,1
DA:203,2
DA:205,1
DA:206,0
DA:207,0
DA:209,1
DA:210,0
DA:211,0
DA:212,0
DA:213,0
DA:214,0
DA:216,0
DA:219,0
DA:220,0
DA:223,0
LF:145
LH:84
BRDA:2,0,0,1
BRDA:2,0,1,1
BRDA:2,0,2,1
BRDA:2,1,0,1
BRDA:2,1,1,0
BRDA:3,2,0,36
BRDA:3,2,1,0
BRDA:5,3,0,36
BRDA:5,3,1,0
BRDA:5,4,0,36
BRDA:5,4,1,36
BRDA:5,5,0,0
BRDA:5,5,1,36
BRDA:5,6,0,36
BRDA:5,6,1,2
BRDA:10,7,0,0
BRDA:10,7,1,0
BRDA:13,8,0,1
BRDA:13,8,1,1
BRDA:13,8,2,1
BRDA:13,9,0,1
BRDA:13,9,1,0
BRDA:18,10,0,1
BRDA:18,10,1,1
BRDA:18,10,2,1
BRDA:20,11,0,1
BRDA:20,11,1,0
BRDA:22,12,0,0
BRDA:22,12,1,0
BRDA:28,13,0,0
BRDA:28,13,1,1
BRDA:28,14,0,1
BRDA:28,14,1,1
BRDA:30,15,0,1
BRDA:30,15,1,0
BRDA:30,16,0,36
BRDA:30,16,1,1
BRDA:35,17,0,1
BRDA:35,17,1,1
BRDA:35,17,2,1
BRDA:36,18,0,4
BRDA:36,18,1,3
BRDA:36,19,0,7
BRDA:36,19,1,7
BRDA:60,20,0,1
BRDA:60,20,1,1
BRDA:72,21,0,0
BRDA:72,21,1,1
BRDA:72,22,0,1
BRDA:72,22,1,1
BRDA:72,22,2,1
BRDA:80,23,0,0
BRDA:80,23,1,1
BRDA:80,24,0,1
BRDA:80,24,1,1
BRDA:86,25,0,0
BRDA:86,25,1,0
BRDA:87,26,0,0
BRDA:87,26,1,0
BRDA:87,27,0,0
BRDA:87,27,1,0
BRDA:100,28,0,0
BRDA:100,28,1,0
BRDA:101,29,0,0
BRDA:101,29,1,0
BRDA:101,30,0,0
BRDA:101,30,1,0
BRDA:108,31,0,1
BRDA:108,31,1,0
BRDA:109,32,0,0
BRDA:109,32,1,1
BRDA:111,33,0,0
BRDA:111,33,1,1
BRDA:113,34,0,0
BRDA:113,34,1,1
BRDA:116,35,0,0
BRDA:116,35,1,1
BRDA:117,36,0,0
BRDA:117,36,1,0
BRDA:119,37,0,0
BRDA:119,37,1,0
BRDA:121,38,0,0
BRDA:121,38,1,0
BRDA:128,39,0,0
BRDA:128,39,1,0
BRDA:143,40,0,0
BRDA:143,40,1,1
BRDA:143,41,0,1
BRDA:143,41,1,1
BRDA:150,42,0,0
BRDA:150,42,1,0
BRDA:151,43,0,0
BRDA:151,43,1,0
BRDA:151,44,0,0
BRDA:151,44,1,0
BRDA:165,45,0,0
BRDA:165,45,1,0
BRDA:179,46,0,0
BRDA:179,46,1,0
BRDA:209,47,0,0
BRDA:209,47,1,1
BRF:101
BRH:50
end_of_record
TN:
SF:test-dist\src\config\db.js
FN:2,(anonymous_0)
FN:19,(anonymous_1)
FNF:2
FNH:1
FNDA:1,(anonymous_0)
FNDA:0,(anonymous_1)
DA:2,1
DA:3,1
DA:5,1
DA:6,1
DA:7,1
DA:8,1
DA:9,1
DA:10,1
DA:19,1
DA:20,0
DA:21,0
DA:22,0
DA:23,0
DA:26,0
DA:27,0
DA:30,1
DA:32,1
LF:17
LH:11
BRDA:2,0,0,1
BRDA:2,0,1,1
BRDA:2,0,2,1
BRDA:3,1,0,0
BRDA:3,1,1,1
BRDA:3,2,0,1
BRDA:3,2,1,1
BRDA:11,3,0,1
BRDA:11,3,1,0
BRDA:12,4,0,1
BRDA:12,4,1,0
BRDA:13,5,0,1
BRDA:13,5,1,0
BRDA:14,6,0,1
BRDA:14,6,1,0
BRDA:15,7,0,1
BRDA:15,7,1,0
BRF:17
BRH:11
end_of_record
TN:
SF:test-dist\src\config\logger.js
FN:2,(anonymous_0)
FNF:1
FNH:1
FNDA:1,(anonymous_0)
DA:2,1
DA:3,1
DA:5,1
DA:6,1
DA:7,1
DA:15,1
DA:16,1
DA:20,1
LF:8
LH:8
BRDA:2,0,0,1
BRDA:2,0,1,1
BRDA:2,0,2,1
BRDA:3,1,0,0
BRDA:3,1,1,1
BRDA:3,2,0,1
BRDA:3,2,1,1
BRDA:15,3,0,1
BRDA:15,3,1,0
BRF:9
BRH:7
end_of_record
TN:
SF:test-dist\src\config\postgres.js
FN:12,(anonymous_0)
FNF:1
FNH:1
FNDA:2,(anonymous_0)
DA:2,1
DA:3,1
DA:4,1
DA:5,1
DA:12,1
DA:13,2
DA:14,2
DA:15,2
DA:16,2
DA:19,2
DA:22,1
DA:23,1
LF:12
LH:12
BRDA:12,0,0,1
BRF:1
BRH:1
end_of_record
TN:
SF:test-dist\src\controllers\batteryController.js
FN:2,(anonymous_0)
FN:6,(anonymous_1)
FN:9,(anonymous_2)
FN:13,(anonymous_3)
FN:15,(anonymous_4)
FN:18,(anonymous_5)
FN:19,(anonymous_6)
FN:20,(anonymous_7)
FN:27,(anonymous_8)
FN:38,(anonymous_9)
FN:48,(anonymous_10)
FN:61,(anonymous_11)
FN:71,(anonymous_12)
FN:84,(anonymous_13)
FNF:14
FNH:2
FNDA:0,(anonymous_0)
FNDA:0,(anonymous_1)
FNDA:0,(anonymous_2)
FNDA:0,(anonymous_3)
FNDA:0,(anonymous_4)
FNDA:1,(anonymous_5)
FNDA:0,(anonymous_6)
FNDA:0,(anonymous_7)
FNDA:1,(anonymous_8)
FNDA:0,(anonymous_9)
FNDA:0,(anonymous_10)
FNDA:0,(anonymous_11)
FNDA:0,(anonymous_12)
FNDA:0,(anonymous_13)
DA:2,1
DA:3,0
DA:4,0
DA:5,0
DA:6,0
DA:8,0
DA:10,0
DA:11,0
DA:13,1
DA:14,0
DA:16,0
DA:18,1
DA:19,1
DA:20,0
DA:21,0
DA:22,0
DA:23,0
DA:25,0
DA:27,1
DA:28,1
DA:29,0
DA:30,0
DA:31,0
DA:32,0
DA:35,1
DA:36,1
DA:37,1
DA:38,1
DA:39,0
DA:40,0
DA:41,0
DA:44,0
DA:47,1
DA:48,1
DA:49,0
DA:50,0
DA:51,0
DA:52,0
DA:54,0
DA:57,0
DA:60,1
DA:61,1
DA:62,0
DA:63,0
DA:64,0
DA:67,0
DA:70,1
DA:71,1
DA:72,0
DA:73,0
DA:74,0
DA:75,0
DA:77,0
DA:80,0
DA:83,1
DA:84,1
DA:85,0
DA:86,0
DA:87,0
DA:88,0
DA:90,0
DA:93,0
DA:96,1
LF:63
LH:19
BRDA:2,0,0,1
BRDA:2,0,1,1
BRDA:2,0,2,1
BRDA:2,1,0,1
BRDA:2,1,1,0
BRDA:3,2,0,0
BRDA:3,2,1,0
BRDA:5,3,0,0
BRDA:5,3,1,0
BRDA:5,4,0,0
BRDA:5,4,1,0
BRDA:5,5,0,0
BRDA:5,5,1,0
BRDA:5,6,0,0
BRDA:5,6,1,0
BRDA:10,7,0,0
BRDA:10,7,1,0
BRDA:13,8,0,1
BRDA:13,8,1,1
BRDA:13,8,2,1
BRDA:13,9,0,1
BRDA:13,9,1,0
BRDA:18,10,0,1
BRDA:18,10,1,1
BRDA:18,10,2,1
BRDA:20,11,0,0
BRDA:20,11,1,0
BRDA:22,12,0,0
BRDA:22,12,1,0
BRDA:28,13,0,1
BRDA:28,13,1,0
BRDA:28,14,0,1
BRDA:28,14,1,1
BRDA:30,15,0,0
BRDA:30,15,1,0
BRDA:30,16,0,0
BRDA:30,16,1,0
BRDA:51,17,0,0
BRDA:51,17,1,0
BRDA:74,18,0,0
BRDA:74,18,1,0
BRDA:87,19,0,0
BRDA:87,19,1,0
BRF:43
BRH:14
end_of_record
TN:
SF:test-dist\src\models\Battery.js
FN:2,(anonymous_0)
FNF:1
FNH:1
FNDA:1,(anonymous_0)
DA:2,1
DA:3,1
DA:5,1
DA:6,1
DA:7,1
DA:10,1
DA:59,1
LF:7
LH:7
BRDA:2,0,0,1
BRDA:2,0,1,1
BRDA:2,0,2,1
BRDA:3,1,0,1
BRDA:3,1,1,0
BRDA:3,2,0,1
BRDA:3,2,1,1
BRF:7
BRH:6
end_of_record
TN:
SF:test-dist\src\models\Equipment.js
FN:2,(anonymous_0)
FNF:1
FNH:1
FNDA:1,(anonymous_0)
DA:2,1
DA:3,1
DA:5,1
DA:6,1
DA:7,1
DA:10,1
DA:29,1
LF:7
LH:7
BRDA:2,0,0,1
BRDA:2,0,1,1
BRDA:2,0,2,1
BRDA:3,1,0,1
BRDA:3,1,1,0
BRDA:3,2,0,1
BRDA:3,2,1,1
BRF:7
BRH:6
end_of_record
TN:
SF:test-dist\src\models\equipmentMetrics.js
FN:2,(anonymous_0)
FNF:1
FNH:1
FNDA:1,(anonymous_0)
DA:2,1
DA:3,1
DA:5,1
DA:6,1
DA:7,1
DA:10,1
DA:58,1
LF:7
LH:7
BRDA:2,0,0,1
BRDA:2,0,1,1
BRDA:2,0,2,1
BRDA:3,1,0,1
BRDA:3,1,1,0
BRDA:3,2,0,1
BRDA:3,2,1,1
BRF:7
BRH:6
end_of_record
TN:
SF:test-dist\src\models\predictions.js
FN:2,(anonymous_0)
FN:23,(anonymous_1)
FN:43,(anonymous_2)
FNF:3
FNH:1
FNDA:1,(anonymous_0)
FNDA:0,(anonymous_1)
FNDA:0,(anonymous_2)
DA:2,1
DA:3,1
DA:5,1
DA:6,1
DA:7,1
DA:8,1
DA:10,1
DA:21,1
DA:23,1
DA:24,0
DA:25,0
DA:26,0
DA:27,0
DA:28,0
DA:29,0
DA:31,0
DA:32,0
DA:33,0
DA:34,0
DA:37,0
DA:38,0
DA:41,1
DA:43,1
DA:44,0
DA:45,0
DA:46,0
DA:47,0
DA:48,0
DA:51,0
DA:52,0
DA:55,1
DA:56,1
LF:32
LH:13
BRDA:2,0,0,1
BRDA:2,0,1,1
BRDA:2,0,2,1
BRDA:3,1,0,1
BRDA:3,1,1,0
BRDA:3,2,0,1
BRDA:3,2,1,1
BRDA:28,3,0,0
BRDA:28,3,1,0
BRF:9
BRH:6
end_of_record
TN:
SF:test-dist\src\queues\energyQueue.js
FN:2,(anonymous_0)
FN:18,(anonymous_1)
FN:35,(anonymous_2)
FN:48,(anonymous_3)
FN:51,(anonymous_4)
FN:55,(anonymous_5)
FN:63,(anonymous_6)
FN:64,(anonymous_7)
FNF:8
FNH:6
FNDA:1,(anonymous_0)
FNDA:4,(anonymous_1)
FNDA:1,(anonymous_2)
FNDA:1,(anonymous_3)
FNDA:0,(anonymous_4)
FNDA:1,(anonymous_5)
FNDA:1,(anonymous_6)
FNDA:0,(anonymous_7)
DA:2,1
DA:3,1
DA:5,1
DA:6,1
DA:7,1
DA:8,1
DA:10,1
DA:16,1
DA:18,1
DA:20,4
DA:21,4
DA:22,4
DA:23,4
DA:24,1
DA:26,3
DA:27,1
DA:30,2
DA:33,1
DA:35,1
DA:36,1
DA:37,1
DA:38,1
DA:39,1
DA:46,1
DA:48,1
DA:49,1
DA:51,1
DA:52,0
DA:55,1
DA:56,1
DA:58,1
DA:60,1
DA:61,1
DA:62,1
DA:63,1
DA:64,0
LF:36
LH:34
BRDA:2,0,0,1
BRDA:2,0,1,1
BRDA:2,0,2,1
BRDA:3,1,0,0
BRDA:3,1,1,1
BRDA:3,2,0,1
BRDA:3,2,1,1
BRDA:12,3,0,1
BRDA:12,3,1,0
BRDA:13,4,0,1
BRDA:13,4,1,0
BRDA:23,5,0,1
BRDA:23,5,1,3
BRDA:23,6,0,4
BRDA:23,6,1,4
BRDA:26,7,0,1
BRDA:26,7,1,2
BRDA:26,8,0,3
BRDA:26,8,1,3
BRDA:42,9,0,1
BRDA:42,9,1,0
BRDA:43,10,0,1
BRDA:43,10,1,0
BRDA:52,11,0,0
BRDA:52,11,1,0
BRDA:52,12,0,0
BRDA:52,12,1,0
BRDA:60,13,0,1
BRDA:60,13,1,0
BRF:29
BRH:19
end_of_record
TN:
SF:test-dist\src\routes\batteryRoutes.js
FNF:0
FNH:0
DA:2,1
DA:3,1
DA:4,1
DA:5,1
DA:6,1
DA:7,1
DA:8,1
DA:9,1
DA:10,1
DA:11,1
LF:10
LH:10
BRF:0
BRH:0
end_of_record
TN:
SF:test-dist\src\routes\equipment.js
FN:2,(anonymous_0)
FN:11,simulateEquipmentData
FN:43,(anonymous_2)
FN:63,(anonymous_3)
FNF:4
FNH:1
FNDA:2,(anonymous_0)
FNDA:0,simulateEquipmentData
FNDA:0,(anonymous_2)
FNDA:0,(anonymous_3)
DA:2,1
DA:3,2
DA:5,1
DA:6,1
DA:7,1
DA:8,1
DA:9,1
DA:12,0
DA:13,0
DA:14,0
DA:15,0
DA:16,0
DA:17,0
DA:18,0
DA:19,0
DA:21,0
DA:22,0
DA:24,0
DA:25,0
DA:27,0
DA:28,0
DA:30,0
DA:31,0
DA:32,0
DA:34,0
DA:40,0
DA:43,1
DA:44,0
DA:45,0
DA:46,0
DA:47,0
DA:48,0
DA:49,0
DA:55,0
DA:58,0
DA:59,0
DA:63,1
DA:64,0
DA:65,0
DA:67,0
DA:68,0
DA:69,0
DA:70,0
DA:72,0
DA:73,0
DA:76,0
DA:77,0
DA:80,1
LF:48
LH:10
BRDA:2,0,0,1
BRDA:2,0,1,1
BRDA:2,0,2,1
BRDA:3,1,0,1
BRDA:3,1,1,1
BRDA:3,2,0,2
BRDA:3,2,1,2
BRDA:17,3,0,0
BRDA:17,3,1,0
BRDA:21,4,0,0
BRDA:21,4,1,0
BRDA:24,5,0,0
BRDA:24,5,1,0
BRDA:27,6,0,0
BRDA:27,6,1,0
BRDA:30,7,0,0
BRDA:30,7,1,0
BRF:17
BRH:7
end_of_record
TN:
SF:test-dist\src\routes\predictions.js
FN:7,(anonymous_0)
FNF:1
FNH:0
FNDA:0,(anonymous_0)
DA:2,1
DA:3,1
DA:4,1
DA:5,1
DA:7,1
DA:8,0
DA:9,0
DA:10,0
DA:13,0
DA:16,1
LF:10
LH:6
BRF:0
BRH:0
end_of_record
TN:
SF:test-dist\src\routes\taskRoutes.js
FN:2,(anonymous_0)
FN:9,(anonymous_1)
FN:18,(anonymous_2)
FN:28,(anonymous_3)
FN:38,(anonymous_4)
FN:49,(anonymous_5)
FNF:6
FNH:3
FNDA:1,(anonymous_0)
FNDA:3,(anonymous_1)
FNDA:1,(anonymous_2)
FNDA:0,(anonymous_3)
FNDA:0,(anonymous_4)
FNDA:0,(anonymous_5)
DA:2,1
DA:3,1
DA:5,1
DA:6,1
DA:7,1
DA:8,1
DA:9,1
DA:10,3
DA:11,3
DA:12,3
DA:15,0
DA:18,1
DA:19,1
DA:20,1
DA:21,1
DA:22,1
DA:25,0
DA:28,1
DA:29,0
DA:30,0
DA:31,0
DA:32,0
DA:35,0
DA:38,1
DA:39,0
DA:40,0
DA:41,0
DA:42,0
DA:43,0
DA:46,0
DA:49,1
DA:50,0
DA:51,0
DA:52,0
DA:53,0
DA:56,0
DA:59,1
LF:37
LH:19
BRDA:2,0,0,1
BRDA:2,0,1,1
BRDA:2,0,2,1
BRDA:3,1,0,0
BRDA:3,1,1,1
BRDA:3,2,0,1
BRDA:3,2,1,1
BRDA:21,3,0,1
BRDA:21,3,1,0
BRDA:21,4,0,1
BRDA:21,4,1,0
BRDA:21,5,0,1
BRDA:21,5,1,0
BRDA:42,6,0,0
BRDA:42,6,1,0
BRDA:42,7,0,0
BRDA:42,7,1,0
BRF:17
BRH:9
end_of_record
TN:
SF:test-dist\src\services\batteryService.js
FN:2,(anonymous_0)
FN:8,(anonymous_1)
FN:12,(anonymous_2)
FN:16,(anonymous_3)
FN:20,(anonymous_4)
FN:29,(anonymous_5)
FNF:6
FNH:1
FNDA:1,(anonymous_0)
FNDA:0,(anonymous_1)
FNDA:0,(anonymous_2)
FNDA:0,(anonymous_3)
FNDA:0,(anonymous_4)
FNDA:0,(anonymous_5)
DA:2,1
DA:3,1
DA:5,1
DA:6,1
DA:7,1
DA:8,1
DA:9,0
DA:11,1
DA:12,1
DA:13,0
DA:15,1
DA:16,1
DA:17,0
DA:19,1
DA:20,1
DA:21,0
DA:22,0
DA:23,0
DA:25,0
DA:26,0
DA:28,1
DA:29,1
DA:30,0
DA:31,0
DA:32,0
DA:34,0
DA:35,0
DA:37,1
LF:28
LH:15
BRDA:2,0,0,1
BRDA:2,0,1,1
BRDA:2,0,2,1
BRDA:3,1,0,1
BRDA:3,1,1,0
BRDA:3,2,0,1
BRDA:3,2,1,1
BRDA:22,3,0,0
BRDA:22,3,1,0
BRDA:31,4,0,0
BRDA:31,4,1,0
BRF:11
BRH:6
end_of_record
TN:
SF:test-dist\src\services\energyProviderService.js
FN:2,(anonymous_0)
FN:16,generateRandomPrice
FN:31,simulatePrice
FN:39,updateEnergyPrice
FN:49,(anonymous_4)
FN:69,checkAndExecuteTrade
FN:89,executeManualTrade
FN:112,getTransactions
FNF:8
FNH:8
FNDA:3,(anonymous_0)
FNDA:6,generateRandomPrice
FNDA:6,simulatePrice
FNDA:2,updateEnergyPrice
FNDA:7,(anonymous_4)
FNDA:4,checkAndExecuteTrade
FNDA:6,executeManualTrade
FNDA:3,getTransactions
DA:2,1
DA:3,3
DA:5,1
DA:6,1
DA:7,1
DA:8,1
DA:9,1
DA:10,1
DA:11,1
DA:12,1
DA:13,1
DA:14,1
DA:15,1
DA:18,6
DA:19,2
DA:21,4
DA:22,4
DA:23,4
DA:26,0
DA:28,6
DA:29,6
DA:32,6
DA:33,6
DA:34,4
DA:35,2
DA:36,1
DA:37,1
DA:40,2
DA:41,2
DA:42,2
DA:43,2
DA:44,2
DA:45,2
DA:46,1
DA:47,1
DA:49,1
DA:50,7
DA:51,7
DA:52,7
DA:53,6
DA:54,6
DA:55,4
DA:57,2
DA:58,1
DA:61,1
DA:65,1
DA:68,1
DA:70,4
DA:71,4
DA:72,4
DA:73,4
DA:74,4
DA:75,1
DA:77,3
DA:78,3
DA:79,3
DA:80,1
DA:81,1
DA:83,2
DA:84,1
DA:85,1
DA:86,1
DA:90,6
DA:91,6
DA:92,6
DA:93,6
DA:94,6
DA:95,1
DA:97,5
DA:98,5
DA:99,5
DA:100,2
DA:101,2
DA:102,2
DA:104,3
DA:105,1
DA:106,1
DA:107,1
DA:108,1
DA:110,2
DA:113,3
DA:114,3
DA:115,3
DA:116,2
DA:117,1
DA:118,1
DA:119,1
DA:120,0
LF:88
LH:86
BRDA:2,0,0,1
BRDA:2,0,1,1
BRDA:2,0,2,1
BRDA:3,1,0,2
BRDA:3,1,1,1
BRDA:3,2,0,3
BRDA:3,2,1,3
BRDA:16,3,0,0
BRDA:18,4,0,2
BRDA:18,4,1,4
BRDA:21,5,0,4
BRDA:21,5,1,0
BRDA:31,6,0,0
BRDA:33,7,0,4
BRDA:33,7,1,2
BRDA:33,8,0,6
BRDA:33,8,1,6
BRDA:35,9,0,1
BRDA:35,9,1,1
BRDA:35,10,0,2
BRDA:35,10,1,2
BRDA:54,11,0,4
BRDA:54,11,1,2
BRDA:54,12,0,6
BRDA:54,12,1,5
BRDA:57,13,0,1
BRDA:57,13,1,1
BRDA:57,14,0,2
BRDA:57,14,1,1
BRDA:57,14,2,1
BRDA:69,15,0,1
BRDA:72,16,0,4
BRDA:72,16,1,4
BRDA:74,17,0,1
BRDA:74,17,1,3
BRDA:79,18,0,1
BRDA:79,18,1,2
BRDA:79,19,0,3
BRDA:79,19,1,1
BRDA:83,20,0,1
BRDA:83,20,1,1
BRDA:83,21,0,2
BRDA:83,21,1,1
BRDA:89,22,0,2
BRDA:92,23,0,6
BRDA:92,23,1,6
BRDA:94,24,0,1
BRDA:94,24,1,5
BRDA:99,25,0,2
BRDA:99,25,1,3
BRDA:99,26,0,5
BRDA:99,26,1,3
BRDA:99,26,2,2
BRDA:104,27,0,1
BRDA:104,27,1,2
BRDA:104,28,0,3
BRDA:104,28,1,2
BRDA:104,28,2,2
BRDA:110,29,0,1
BRDA:110,29,1,1
BRDA:116,30,0,1
BRDA:116,30,1,1
BRDA:118,31,0,1
BRDA:118,31,1,0
BRF:64
BRH:60
end_of_record
TN:
SF:test-dist\src\services\influx.js
FN:2,(anonymous_0)
FN:27,(anonymous_1)
FN:53,(anonymous_2)
FN:63,(anonymous_3)
FN:76,(anonymous_4)
FNF:5
FNH:1
FNDA:1,(anonymous_0)
FNDA:0,(anonymous_1)
FNDA:0,(anonymous_2)
FNDA:0,(anonymous_3)
FNDA:0,(anonymous_4)
DA:2,1
DA:3,1
DA:5,1
DA:6,1
DA:7,1
DA:8,1
DA:9,1
DA:11,1
DA:12,1
DA:13,4
DA:14,0
DA:17,1
DA:21,1
DA:26,1
DA:27,1
DA:28,0
DA:31,0
DA:32,0
DA:35,0
DA:36,0
DA:38,0
DA:39,0
DA:41,0
DA:42,0
DA:44,0
DA:45,0
DA:48,0
DA:49,0
DA:50,0
DA:52,1
DA:53,1
DA:54,0
DA:55,0
DA:58,0
DA:59,0
DA:62,1
DA:63,1
DA:64,0
DA:73,0
DA:74,0
DA:75,0
DA:76,0
DA:77,0
DA:78,0
DA:79,0
DA:80,0
DA:81,0
DA:82,0
DA:83,0
DA:84,0
DA:85,0
DA:86,0
DA:87,0
DA:88,0
DA:89,0
DA:90,0
DA:91,0
DA:92,0
DA:99,0
DA:100,0
DA:103,1
LF:61
LH:19
BRDA:2,0,0,1
BRDA:2,0,1,1
BRDA:2,0,2,1
BRDA:3,1,0,0
BRDA:3,1,1,1
BRDA:3,2,0,1
BRDA:3,2,1,1
BRDA:13,3,0,0
BRDA:13,3,1,4
BRDA:31,4,0,0
BRDA:31,4,1,0
BRDA:32,5,0,0
BRDA:32,5,1,0
BRDA:33,6,0,0
BRDA:33,6,1,0
BRDA:35,7,0,0
BRDA:35,7,1,0
BRDA:36,8,0,0
BRDA:36,8,1,0
BRDA:38,9,0,0
BRDA:38,9,1,0
BRDA:39,10,0,0
BRDA:39,10,1,0
BRDA:41,11,0,0
BRDA:41,11,1,0
BRDA:42,12,0,0
BRDA:42,12,1,0
BRDA:44,13,0,0
BRDA:44,13,1,0
BRDA:45,14,0,0
BRDA:45,14,1,0
BRDA:46,15,0,0
BRDA:46,15,1,0
BRDA:63,16,0,0
BRDA:78,17,0,0
BRDA:78,17,1,0
BRDA:80,18,0,0
BRDA:80,18,1,0
BRDA:82,19,0,0
BRDA:82,19,1,0
BRDA:84,20,0,0
BRDA:84,20,1,0
BRDA:86,21,0,0
BRDA:86,21,1,0
BRDA:88,22,0,0
BRDA:88,22,1,0
BRDA:90,23,0,0
BRDA:90,23,1,0
BRF:48
BRH:7
end_of_record
TN:
SF:test-dist\src\services\taskService.js
FN:2,(anonymous_0)
FN:22,(anonymous_1)
FN:42,(anonymous_2)
FN:46,(anonymous_3)
FN:55,(anonymous_4)
FN:64,(anonymous_5)
FN:75,(anonymous_6)
FN:86,(anonymous_7)
FNF:8
FNH:5
FNDA:1,(anonymous_0)
FNDA:1,(anonymous_1)
FNDA:1,(anonymous_2)
FNDA:3,(anonymous_3)
FNDA:1,(anonymous_4)
FNDA:0,(anonymous_5)
FNDA:0,(anonymous_6)
FNDA:0,(anonymous_7)
DA:2,1
DA:3,1
DA:5,1
DA:6,1
DA:7,1
DA:8,1
DA:9,1
DA:10,1
DA:11,1
DA:12,1
DA:13,1
DA:14,1
DA:15,1
DA:22,1
DA:23,1
DA:24,1
DA:34,1
DA:35,1
DA:38,0
DA:39,0
DA:42,1
DA:43,1
DA:45,1
DA:47,3
DA:48,3
DA:49,3
DA:52,0
DA:56,1
DA:57,1
DA:58,1
DA:61,0
DA:65,0
DA:66,0
DA:67,0
DA:68,0
DA:69,0
DA:72,0
DA:76,0
DA:77,0
DA:78,0
DA:79,0
DA:80,0
DA:83,0
DA:87,0
DA:88,0
DA:89,0
DA:90,0
DA:93,0
LF:48
LH:27
BRDA:2,0,0,1
BRDA:2,0,1,1
BRDA:2,0,2,1
BRDA:3,1,0,0
BRDA:3,1,1,1
BRDA:3,2,0,1
BRDA:3,2,1,1
BRDA:19,3,0,1
BRDA:19,3,1,0
BRDA:55,4,0,0
BRDA:55,5,0,0
BRDA:57,6,0,1
BRDA:57,6,1,0
BRDA:67,7,0,0
BRDA:67,7,1,0
BRDA:77,8,0,0
BRDA:77,8,1,0
BRDA:78,9,0,0
BRDA:78,9,1,0
BRDA:89,10,0,0
BRDA:89,10,1,0
BRF:21
BRH:8
end_of_record
TN:
SF:test-dist\src\services\websocketService.js
FN:2,(anonymous_0)
FN:9,startWebSocketServer
FN:11,(anonymous_2)
FN:13,(anonymous_3)
FN:17,(anonymous_4)
FN:27,(anonymous_5)
FN:44,(anonymous_6)
FN:45,(anonymous_7)
FN:60,(anonymous_8)
FNF:9
FNH:1
FNDA:1,(anonymous_0)
FNDA:0,startWebSocketServer
FNDA:0,(anonymous_2)
FNDA:0,(anonymous_3)
FNDA:0,(anonymous_4)
FNDA:0,(anonymous_5)
FNDA:0,(anonymous_6)
FNDA:0,(anonymous_7)
FNDA:0,(anonymous_8)
DA:2,1
DA:3,1
DA:5,1
DA:6,1
DA:7,1
DA:8,1
DA:10,0
DA:11,0
DA:12,0
DA:13,0
DA:16,0
DA:17,0
DA:18,0
DA:19,0
DA:26,0
DA:27,0
DA:44,0
DA:45,0
DA:46,0
DA:47,0
DA:51,0
DA:52,0
DA:56,0
DA:60,0
DA:61,0
DA:62,0
DA:80,0
DA:91,0
DA:94,0
DA:97,0
LF:30
LH:6
BRDA:2,0,0,1
BRDA:2,0,1,1
BRDA:2,0,2,1
BRDA:3,1,0,1
BRDA:3,1,1,0
BRDA:3,2,0,1
BRDA:3,2,1,1
BRDA:26,3,0,0
BRDA:26,3,1,0
BRDA:46,4,0,0
BRDA:46,4,1,0
BRDA:64,5,0,0
BRDA:64,5,1,0
BRDA:64,6,0,0
BRDA:64,6,1,0
BRDA:69,7,0,0
BRDA:69,7,1,0
BRDA:70,8,0,0
BRDA:70,8,1,0
BRDA:71,9,0,0
BRDA:71,9,1,0
BRDA:72,10,0,0
BRDA:72,10,1,0
BRDA:73,11,0,0
BRDA:73,11,1,0
BRDA:74,12,0,0
BRDA:74,12,1,0
BRF:27
BRH:6
end_of_record
